-- The C compiler identification is GNU 11.4.0
-- The CXX compiler identification is GNU 11.4.0
-- Detecting C compiler ABI info
-- Detecting C compiler ABI info - done
-- Check for working C compiler: /usr/bin/cc - skipped
-- Detecting C compile features
-- Detecting C compile features - done
-- Detecting CXX compiler ABI info
-- Detecting CXX compiler ABI info - done
-- Check for working CXX compiler: /usr/bin/c++ - skipped
-- Detecting CXX compile features
-- Detecting CXX compile features - done
-- Found ament_cmake: 2.0.6 (/opt/ros/iron/share/ament_cmake/cmake)
-- Found Python3: /usr/bin/python3.10 (found version "3.10.12") found components: Interpreter 
-- Found ament_lint_auto: 0.14.4 (/opt/ros/iron/share/ament_lint_auto/cmake)
-- Added test 'lint_cmake' to check CMake code style
-- Added test 'xmllint' to check XML markup files
-- Configuring done
-- Generating done
-- Build files have been written to: /home/imtne.local/leo.chouippe/ros_space/build/tutorial_pkg
-- Install configuration: ""
-- Installing: /home/imtne.local/leo.chouippe/ros_space/install/tutorial_pkg/lib/tutorial_pkg/talker
-- Installing: /home/imtne.local/leo.chouippe/ros_space/install/tutorial_pkg/lib/tutorial_pkg/listener
-- Installing: /home/imtne.local/leo.chouippe/ros_space/install/tutorial_pkg/share/tutorial_pkg//launch
-- Installing: /home/imtne.local/leo.chouippe/ros_space/install/tutorial_pkg/share/tutorial_pkg//launch/converse_launch.yaml
-- Up-to-date: /home/imtne.local/leo.chouippe/ros_space/install/tutorial_pkg/share/tutorial_pkg//launch
-- Up-to-date: /home/imtne.local/leo.chouippe/ros_space/install/tutorial_pkg/share/tutorial_pkg//launch/converse_launch.yaml
