[0.150s] Invoking command in '/home/imtne.local/leo.chouippe/ros_space/build/tutorial_pkg': CMAKE_PREFIX_PATH=${CMAKE_PREFIX_PATH}:/opt/ros/iron /usr/bin/cmake /home/imtne.local/leo.chouippe/ros_space/tutorial_pkg -DCMAKE_INSTALL_PREFIX=/home/imtne.local/leo.chouippe/ros_space/install/tutorial_pkg
[0.428s] -- The C compiler identification is GNU 11.4.0
[0.651s] -- The CXX compiler identification is GNU 11.4.0
[0.693s] -- Detecting C compiler ABI info
[1.432s] -- Detecting C compiler ABI info - done
[1.465s] -- Check for working C compiler: /usr/bin/cc - skipped
[1.465s] -- Detecting C compile features
[1.466s] -- Detecting C compile features - done
[1.495s] -- Detecting CXX compiler ABI info
[2.248s] -- Detecting CXX compiler ABI info - done
[2.334s] -- Check for working CXX compiler: /usr/bin/c++ - skipped
[2.334s] -- Detecting CXX compile features
[2.334s] -- Detecting CXX compile features - done
[2.565s] -- Found ament_cmake: 2.0.6 (/opt/ros/iron/share/ament_cmake/cmake)
[2.780s] -- Found Python3: /usr/bin/python3.10 (found version "3.10.12") found components: Interpreter 
[3.374s] -- Found ament_lint_auto: 0.14.4 (/opt/ros/iron/share/ament_lint_auto/cmake)
[3.848s] -- Added test 'lint_cmake' to check CMake code style
[3.881s] -- Added test 'xmllint' to check XML markup files
[3.982s] -- Configuring done
[4.353s] -- Generating done
[4.555s] -- Build files have been written to: /home/imtne.local/leo.chouippe/ros_space/build/tutorial_pkg
[4.558s] Invoked command in '/home/imtne.local/leo.chouippe/ros_space/build/tutorial_pkg' returned '0': CMAKE_PREFIX_PATH=${CMAKE_PREFIX_PATH}:/opt/ros/iron /usr/bin/cmake /home/imtne.local/leo.chouippe/ros_space/tutorial_pkg -DCMAKE_INSTALL_PREFIX=/home/imtne.local/leo.chouippe/ros_space/install/tutorial_pkg
[4.587s] Invoking command in '/home/imtne.local/leo.chouippe/ros_space/build/tutorial_pkg': CMAKE_PREFIX_PATH=${CMAKE_PREFIX_PATH}:/opt/ros/iron /usr/bin/cmake --build /home/imtne.local/leo.chouippe/ros_space/build/tutorial_pkg -- -j12 -l12
[4.693s] Invoked command in '/home/imtne.local/leo.chouippe/ros_space/build/tutorial_pkg' returned '0': CMAKE_PREFIX_PATH=${CMAKE_PREFIX_PATH}:/opt/ros/iron /usr/bin/cmake --build /home/imtne.local/leo.chouippe/ros_space/build/tutorial_pkg -- -j12 -l12
[4.804s] Invoking command in '/home/imtne.local/leo.chouippe/ros_space/build/tutorial_pkg': CMAKE_PREFIX_PATH=${CMAKE_PREFIX_PATH}:/opt/ros/iron /usr/bin/cmake --install /home/imtne.local/leo.chouippe/ros_space/build/tutorial_pkg
[4.834s] -- Install configuration: ""
[4.847s] -- Installing: /home/imtne.local/leo.chouippe/ros_space/install/tutorial_pkg/lib/tutorial_pkg/talker
[4.873s] -- Installing: /home/imtne.local/leo.chouippe/ros_space/install/tutorial_pkg/lib/tutorial_pkg/listener
[5.233s] -- Installing: /home/imtne.local/leo.chouippe/ros_space/install/tutorial_pkg/share/tutorial_pkg//launch
[5.260s] -- Installing: /home/imtne.local/leo.chouippe/ros_space/install/tutorial_pkg/share/tutorial_pkg//launch/converse_launch.yaml
[5.292s] -- Up-to-date: /home/imtne.local/leo.chouippe/ros_space/install/tutorial_pkg/share/tutorial_pkg//launch
[5.301s] -- Up-to-date: /home/imtne.local/leo.chouippe/ros_space/install/tutorial_pkg/share/tutorial_pkg//launch/converse_launch.yaml
[5.303s] [31mCMake Error at cmake_install.cmake:58 (file):
[5.303s]   file INSTALL cannot find
[5.304s]   "/home/imtne.local/leo.chouippe/ros_space/tutorial_pkg/rviz": No such file
[5.304s]   or directory.
[5.305s] 
[5.305s] [0m
[5.307s] Invoked command in '/home/imtne.local/leo.chouippe/ros_space/build/tutorial_pkg' returned '1': CMAKE_PREFIX_PATH=${CMAKE_PREFIX_PATH}:/opt/ros/iron /usr/bin/cmake --install /home/imtne.local/leo.chouippe/ros_space/build/tutorial_pkg
