-- Install configuration: ""
-- Up-to-date: /home/imtne.local/leo.chouippe/ros_space/install/tbot_sim/share/tbot_sim/launch
-- Up-to-date: /home/imtne.local/leo.chouippe/ros_space/install/tbot_sim/share/tbot_sim/launch/challenge-1.launch.py
-- Up-to-date: /home/imtne.local/leo.chouippe/ros_space/install/tbot_sim/share/tbot_sim/launch/challenge-2.launch.py
-- Up-to-date: /home/imtne.local/leo.chouippe/ros_space/install/tbot_sim/share/tbot_sim/launch/challenge-3.launch.py
-- Up-to-date: /home/imtne.local/leo.chouippe/ros_space/install/tbot_sim/share/tbot_sim/launch/includes
-- Up-to-date: /home/imtne.local/leo.chouippe/ros_space/install/tbot_sim/share/tbot_sim/launch/includes/challenge.launch.py
-- Up-to-date: /home/imtne.local/leo.chouippe/ros_space/install/tbot_sim/share/tbot_sim/launch/includes/gazebo.launch.py
-- Up-to-date: /home/imtne.local/leo.chouippe/ros_space/install/tbot_sim/share/tbot_sim/launch/includes/spawn_create.launch.py
-- Up-to-date: /home/imtne.local/leo.chouippe/ros_space/install/tbot_sim/share/tbot_sim/launch/includes/spawn_entity.launch.py
-- Up-to-date: /home/imtne.local/leo.chouippe/ros_space/install/tbot_sim/share/tbot_sim/launch/includes/spawn_kobuki.launch.py
-- Up-to-date: /home/imtne.local/leo.chouippe/ros_space/install/tbot_sim/share/tbot_sim/launch/includes/spawn_tbot.launch.py
-- Up-to-date: /home/imtne.local/leo.chouippe/ros_space/install/tbot_sim/share/tbot_sim/models
-- Up-to-date: /home/imtne.local/leo.chouippe/ros_space/install/tbot_sim/share/tbot_sim/models/SYV_office_chairs
-- Up-to-date: /home/imtne.local/leo.chouippe/ros_space/install/tbot_sim/share/tbot_sim/models/SYV_office_chairs/meshes
-- Up-to-date: /home/imtne.local/leo.chouippe/ros_space/install/tbot_sim/share/tbot_sim/models/SYV_office_chairs/meshes/chair.dae
-- Up-to-date: /home/imtne.local/leo.chouippe/ros_space/install/tbot_sim/share/tbot_sim/models/SYV_office_chairs/model.config
-- Up-to-date: /home/imtne.local/leo.chouippe/ros_space/install/tbot_sim/share/tbot_sim/models/SYV_office_chairs/model.sdf
-- Up-to-date: /home/imtne.local/leo.chouippe/ros_space/install/tbot_sim/share/tbot_sim/models/SYV_office_desks
-- Up-to-date: /home/imtne.local/leo.chouippe/ros_space/install/tbot_sim/share/tbot_sim/models/SYV_office_desks/meshes
-- Up-to-date: /home/imtne.local/leo.chouippe/ros_space/install/tbot_sim/share/tbot_sim/models/SYV_office_desks/meshes/woodfurn.dae
-- Up-to-date: /home/imtne.local/leo.chouippe/ros_space/install/tbot_sim/share/tbot_sim/models/SYV_office_desks/model.config
-- Up-to-date: /home/imtne.local/leo.chouippe/ros_space/install/tbot_sim/share/tbot_sim/models/SYV_office_desks/model.sdf
-- Up-to-date: /home/imtne.local/leo.chouippe/ros_space/install/tbot_sim/share/tbot_sim/models/SYV_office_walls
-- Up-to-date: /home/imtne.local/leo.chouippe/ros_space/install/tbot_sim/share/tbot_sim/models/SYV_office_walls/meshes
-- Up-to-date: /home/imtne.local/leo.chouippe/ros_space/install/tbot_sim/share/tbot_sim/models/SYV_office_walls/meshes/walls.dae
-- Up-to-date: /home/imtne.local/leo.chouippe/ros_space/install/tbot_sim/share/tbot_sim/models/SYV_office_walls/model.config
-- Up-to-date: /home/imtne.local/leo.chouippe/ros_space/install/tbot_sim/share/tbot_sim/models/SYV_office_walls/model.sdf
-- Up-to-date: /home/imtne.local/leo.chouippe/ros_space/install/tbot_sim/share/tbot_sim/models/create
-- Up-to-date: /home/imtne.local/leo.chouippe/ros_space/install/tbot_sim/share/tbot_sim/models/create/materials
-- Up-to-date: /home/imtne.local/leo.chouippe/ros_space/install/tbot_sim/share/tbot_sim/models/create/materials/textures
-- Up-to-date: /home/imtne.local/leo.chouippe/ros_space/install/tbot_sim/share/tbot_sim/models/create/materials/textures/create_body.png
-- Up-to-date: /home/imtne.local/leo.chouippe/ros_space/install/tbot_sim/share/tbot_sim/models/create/meshes
-- Up-to-date: /home/imtne.local/leo.chouippe/ros_space/install/tbot_sim/share/tbot_sim/models/create/meshes/create_body.dae
-- Up-to-date: /home/imtne.local/leo.chouippe/ros_space/install/tbot_sim/share/tbot_sim/models/create/model-1_2.sdf
-- Up-to-date: /home/imtne.local/leo.chouippe/ros_space/install/tbot_sim/share/tbot_sim/models/create/model-1_3.sdf
-- Up-to-date: /home/imtne.local/leo.chouippe/ros_space/install/tbot_sim/share/tbot_sim/models/create/model-1_4.sdf
-- Up-to-date: /home/imtne.local/leo.chouippe/ros_space/install/tbot_sim/share/tbot_sim/models/create/model.config
-- Up-to-date: /home/imtne.local/leo.chouippe/ros_space/install/tbot_sim/share/tbot_sim/models/create/model.sdf
-- Up-to-date: /home/imtne.local/leo.chouippe/ros_space/install/tbot_sim/share/tbot_sim/models/hokuyo
-- Up-to-date: /home/imtne.local/leo.chouippe/ros_space/install/tbot_sim/share/tbot_sim/models/hokuyo/meshes
-- Up-to-date: /home/imtne.local/leo.chouippe/ros_space/install/tbot_sim/share/tbot_sim/models/hokuyo/meshes/hokuyo.dae
-- Up-to-date: /home/imtne.local/leo.chouippe/ros_space/install/tbot_sim/share/tbot_sim/models/hokuyo/meshes/hokuyo_convex.stl
-- Up-to-date: /home/imtne.local/leo.chouippe/ros_space/install/tbot_sim/share/tbot_sim/models/hokuyo/model-1_2.sdf
-- Up-to-date: /home/imtne.local/leo.chouippe/ros_space/install/tbot_sim/share/tbot_sim/models/hokuyo/model-1_3.sdf
-- Up-to-date: /home/imtne.local/leo.chouippe/ros_space/install/tbot_sim/share/tbot_sim/models/hokuyo/model-1_4.sdf
-- Up-to-date: /home/imtne.local/leo.chouippe/ros_space/install/tbot_sim/share/tbot_sim/models/hokuyo/model.config
-- Up-to-date: /home/imtne.local/leo.chouippe/ros_space/install/tbot_sim/share/tbot_sim/models/hokuyo/model.sdf
-- Up-to-date: /home/imtne.local/leo.chouippe/ros_space/install/tbot_sim/share/tbot_sim/models/kinect
-- Up-to-date: /home/imtne.local/leo.chouippe/ros_space/install/tbot_sim/share/tbot_sim/models/kinect/materials
-- Up-to-date: /home/imtne.local/leo.chouippe/ros_space/install/tbot_sim/share/tbot_sim/models/kinect/materials/textures
-- Up-to-date: /home/imtne.local/leo.chouippe/ros_space/install/tbot_sim/share/tbot_sim/models/kinect/materials/textures/kinect.png
-- Up-to-date: /home/imtne.local/leo.chouippe/ros_space/install/tbot_sim/share/tbot_sim/models/kinect/meshes
-- Up-to-date: /home/imtne.local/leo.chouippe/ros_space/install/tbot_sim/share/tbot_sim/models/kinect/meshes/kinect.dae
-- Up-to-date: /home/imtne.local/leo.chouippe/ros_space/install/tbot_sim/share/tbot_sim/models/kinect/model-1_2.sdf
-- Up-to-date: /home/imtne.local/leo.chouippe/ros_space/install/tbot_sim/share/tbot_sim/models/kinect/model-1_3.sdf
-- Up-to-date: /home/imtne.local/leo.chouippe/ros_space/install/tbot_sim/share/tbot_sim/models/kinect/model-1_4.sdf
-- Up-to-date: /home/imtne.local/leo.chouippe/ros_space/install/tbot_sim/share/tbot_sim/models/kinect/model.config
-- Up-to-date: /home/imtne.local/leo.chouippe/ros_space/install/tbot_sim/share/tbot_sim/models/kinect/model.sdf
-- Up-to-date: /home/imtne.local/leo.chouippe/ros_space/install/tbot_sim/share/tbot_sim/models/kobuki
-- Up-to-date: /home/imtne.local/leo.chouippe/ros_space/install/tbot_sim/share/tbot_sim/models/kobuki/materials
-- Up-to-date: /home/imtne.local/leo.chouippe/ros_space/install/tbot_sim/share/tbot_sim/models/kobuki/materials/textures
-- Up-to-date: /home/imtne.local/leo.chouippe/ros_space/install/tbot_sim/share/tbot_sim/models/kobuki/materials/textures/main_body.jpg
-- Up-to-date: /home/imtne.local/leo.chouippe/ros_space/install/tbot_sim/share/tbot_sim/models/kobuki/materials/textures/wheel.jpg
-- Up-to-date: /home/imtne.local/leo.chouippe/ros_space/install/tbot_sim/share/tbot_sim/models/kobuki/meshes
-- Up-to-date: /home/imtne.local/leo.chouippe/ros_space/install/tbot_sim/share/tbot_sim/models/kobuki/meshes/main_body.dae
-- Up-to-date: /home/imtne.local/leo.chouippe/ros_space/install/tbot_sim/share/tbot_sim/models/kobuki/meshes/wheel.dae
-- Up-to-date: /home/imtne.local/leo.chouippe/ros_space/install/tbot_sim/share/tbot_sim/models/kobuki/model.config
-- Up-to-date: /home/imtne.local/leo.chouippe/ros_space/install/tbot_sim/share/tbot_sim/models/kobuki/model.sdf
-- Up-to-date: /home/imtne.local/leo.chouippe/ros_space/install/tbot_sim/share/tbot_sim/models/kobuki_model
-- Up-to-date: /home/imtne.local/leo.chouippe/ros_space/install/tbot_sim/share/tbot_sim/models/kobuki_model/meshes
-- Up-to-date: /home/imtne.local/leo.chouippe/ros_space/install/tbot_sim/share/tbot_sim/models/kobuki_model/meshes/hokuyo.dae
-- Up-to-date: /home/imtne.local/leo.chouippe/ros_space/install/tbot_sim/share/tbot_sim/models/kobuki_model/meshes/images
-- Up-to-date: /home/imtne.local/leo.chouippe/ros_space/install/tbot_sim/share/tbot_sim/models/kobuki_model/meshes/images/main_body.jpg
-- Up-to-date: /home/imtne.local/leo.chouippe/ros_space/install/tbot_sim/share/tbot_sim/models/kobuki_model/meshes/images/wheel.jpg
-- Up-to-date: /home/imtne.local/leo.chouippe/ros_space/install/tbot_sim/share/tbot_sim/models/kobuki_model/meshes/main_body.dae
-- Up-to-date: /home/imtne.local/leo.chouippe/ros_space/install/tbot_sim/share/tbot_sim/models/kobuki_model/meshes/wheel.dae
-- Up-to-date: /home/imtne.local/leo.chouippe/ros_space/install/tbot_sim/share/tbot_sim/models/kobuki_model/model.config
-- Up-to-date: /home/imtne.local/leo.chouippe/ros_space/install/tbot_sim/share/tbot_sim/models/kobuki_model/model.sdf
-- Up-to-date: /home/imtne.local/leo.chouippe/ros_space/install/tbot_sim/share/tbot_sim/models/nuka_cola
-- Up-to-date: /home/imtne.local/leo.chouippe/ros_space/install/tbot_sim/share/tbot_sim/models/nuka_cola/materials
-- Up-to-date: /home/imtne.local/leo.chouippe/ros_space/install/tbot_sim/share/tbot_sim/models/nuka_cola/materials/textures
-- Up-to-date: /home/imtne.local/leo.chouippe/ros_space/install/tbot_sim/share/tbot_sim/models/nuka_cola/materials/textures/nuka_cola.png
-- Up-to-date: /home/imtne.local/leo.chouippe/ros_space/install/tbot_sim/share/tbot_sim/models/nuka_cola/meshes
-- Up-to-date: /home/imtne.local/leo.chouippe/ros_space/install/tbot_sim/share/tbot_sim/models/nuka_cola/meshes/can.dae
-- Up-to-date: /home/imtne.local/leo.chouippe/ros_space/install/tbot_sim/share/tbot_sim/models/nuka_cola/model.config
-- Up-to-date: /home/imtne.local/leo.chouippe/ros_space/install/tbot_sim/share/tbot_sim/models/nuka_cola/model.sdf
-- Up-to-date: /home/imtne.local/leo.chouippe/ros_space/install/tbot_sim/share/tbot_sim/models/tbot
-- Up-to-date: /home/imtne.local/leo.chouippe/ros_space/install/tbot_sim/share/tbot_sim/models/tbot/materials
-- Up-to-date: /home/imtne.local/leo.chouippe/ros_space/install/tbot_sim/share/tbot_sim/models/tbot/materials/textures
-- Up-to-date: /home/imtne.local/leo.chouippe/ros_space/install/tbot_sim/share/tbot_sim/models/tbot/materials/textures/1f_stack.jpg
-- Up-to-date: /home/imtne.local/leo.chouippe/ros_space/install/tbot_sim/share/tbot_sim/models/tbot/materials/textures/2f_stack.jpg
-- Up-to-date: /home/imtne.local/leo.chouippe/ros_space/install/tbot_sim/share/tbot_sim/models/tbot/materials/textures/3f_stack.jpg
-- Up-to-date: /home/imtne.local/leo.chouippe/ros_space/install/tbot_sim/share/tbot_sim/models/tbot/meshes
-- Up-to-date: /home/imtne.local/leo.chouippe/ros_space/install/tbot_sim/share/tbot_sim/models/tbot/meshes/plate_bottom.dae
-- Up-to-date: /home/imtne.local/leo.chouippe/ros_space/install/tbot_sim/share/tbot_sim/models/tbot/meshes/plate_middle.dae
-- Up-to-date: /home/imtne.local/leo.chouippe/ros_space/install/tbot_sim/share/tbot_sim/models/tbot/meshes/plate_top.dae
-- Up-to-date: /home/imtne.local/leo.chouippe/ros_space/install/tbot_sim/share/tbot_sim/models/tbot/model.config
-- Up-to-date: /home/imtne.local/leo.chouippe/ros_space/install/tbot_sim/share/tbot_sim/models/tbot/model.sdf
-- Up-to-date: /home/imtne.local/leo.chouippe/ros_space/install/tbot_sim/share/tbot_sim/models/turtlebot
-- Up-to-date: /home/imtne.local/leo.chouippe/ros_space/install/tbot_sim/share/tbot_sim/models/turtlebot/materials
-- Up-to-date: /home/imtne.local/leo.chouippe/ros_space/install/tbot_sim/share/tbot_sim/models/turtlebot/materials/textures
-- Up-to-date: /home/imtne.local/leo.chouippe/ros_space/install/tbot_sim/share/tbot_sim/models/turtlebot/materials/textures/68-02421-8000-RA_Turtlebot_F-F_Standoff_color.png
-- Up-to-date: /home/imtne.local/leo.chouippe/ros_space/install/tbot_sim/share/tbot_sim/models/turtlebot/materials/textures/68-04552-1000-RA_Turtlebot_M-F_Standoff_color.png
-- Up-to-date: /home/imtne.local/leo.chouippe/ros_space/install/tbot_sim/share/tbot_sim/models/turtlebot/materials/textures/68-04552-2000-RA_Turtlebot_M-F_Standoff_color.png
-- Up-to-date: /home/imtne.local/leo.chouippe/ros_space/install/tbot_sim/share/tbot_sim/models/turtlebot/materials/textures/create_body.png
-- Up-to-date: /home/imtne.local/leo.chouippe/ros_space/install/tbot_sim/share/tbot_sim/models/turtlebot/materials/textures/plate_0_logo.png
-- Up-to-date: /home/imtne.local/leo.chouippe/ros_space/install/tbot_sim/share/tbot_sim/models/turtlebot/materials/textures/plate_1_logo.png
-- Up-to-date: /home/imtne.local/leo.chouippe/ros_space/install/tbot_sim/share/tbot_sim/models/turtlebot/materials/textures/plate_2_logo.png
-- Up-to-date: /home/imtne.local/leo.chouippe/ros_space/install/tbot_sim/share/tbot_sim/models/turtlebot/meshes
-- Up-to-date: /home/imtne.local/leo.chouippe/ros_space/install/tbot_sim/share/tbot_sim/models/turtlebot/meshes/68-02403-125_Spacer.dae
-- Up-to-date: /home/imtne.local/leo.chouippe/ros_space/install/tbot_sim/share/tbot_sim/models/turtlebot/meshes/68-02421-8000-RA_Turtlebot_F-F_Standoff.dae
-- Up-to-date: /home/imtne.local/leo.chouippe/ros_space/install/tbot_sim/share/tbot_sim/models/turtlebot/meshes/68-04552-1000-RA_Turtlebot_M-F_Standoff.dae
-- Up-to-date: /home/imtne.local/leo.chouippe/ros_space/install/tbot_sim/share/tbot_sim/models/turtlebot/meshes/68-04552-2000-RA_Turtlebot_M-F_Standoff.dae
-- Up-to-date: /home/imtne.local/leo.chouippe/ros_space/install/tbot_sim/share/tbot_sim/models/turtlebot/meshes/68-04556-RA_Kinect_Standoff_Assy.dae
-- Up-to-date: /home/imtne.local/leo.chouippe/ros_space/install/tbot_sim/share/tbot_sim/models/turtlebot/meshes/create_body.dae
-- Up-to-date: /home/imtne.local/leo.chouippe/ros_space/install/tbot_sim/share/tbot_sim/models/turtlebot/meshes/plate_0_logo.dae
-- Up-to-date: /home/imtne.local/leo.chouippe/ros_space/install/tbot_sim/share/tbot_sim/models/turtlebot/meshes/plate_1_logo.dae
-- Up-to-date: /home/imtne.local/leo.chouippe/ros_space/install/tbot_sim/share/tbot_sim/models/turtlebot/meshes/plate_2_logo.dae
-- Up-to-date: /home/imtne.local/leo.chouippe/ros_space/install/tbot_sim/share/tbot_sim/models/turtlebot/model-1_2.sdf
-- Up-to-date: /home/imtne.local/leo.chouippe/ros_space/install/tbot_sim/share/tbot_sim/models/turtlebot/model-1_3.sdf
-- Up-to-date: /home/imtne.local/leo.chouippe/ros_space/install/tbot_sim/share/tbot_sim/models/turtlebot/model-1_4.sdf
-- Up-to-date: /home/imtne.local/leo.chouippe/ros_space/install/tbot_sim/share/tbot_sim/models/turtlebot/model.config
-- Up-to-date: /home/imtne.local/leo.chouippe/ros_space/install/tbot_sim/share/tbot_sim/models/turtlebot/model.sdf
-- Up-to-date: /home/imtne.local/leo.chouippe/ros_space/install/tbot_sim/share/tbot_sim/models/willowgarage
-- Up-to-date: /home/imtne.local/leo.chouippe/ros_space/install/tbot_sim/share/tbot_sim/models/willowgarage/materials
-- Up-to-date: /home/imtne.local/leo.chouippe/ros_space/install/tbot_sim/share/tbot_sim/models/willowgarage/materials/textures
-- Up-to-date: /home/imtne.local/leo.chouippe/ros_space/install/tbot_sim/share/tbot_sim/models/willowgarage/materials/textures/Carpet_Berber_Pattern_Gray_.png
-- Up-to-date: /home/imtne.local/leo.chouippe/ros_space/install/tbot_sim/share/tbot_sim/models/willowgarage/materials/textures/Stone_Brushed_Khaki_.png
-- Up-to-date: /home/imtne.local/leo.chouippe/ros_space/install/tbot_sim/share/tbot_sim/models/willowgarage/materials/textures/Wood_Bamboo_Medium_.png
-- Up-to-date: /home/imtne.local/leo.chouippe/ros_space/install/tbot_sim/share/tbot_sim/models/willowgarage/materials/textures/Wood_Cherry_Original_.png
-- Up-to-date: /home/imtne.local/leo.chouippe/ros_space/install/tbot_sim/share/tbot_sim/models/willowgarage/materials/textures/__Wood_Bamboo_Medium_1.png
-- Up-to-date: /home/imtne.local/leo.chouippe/ros_space/install/tbot_sim/share/tbot_sim/models/willowgarage/materials/textures/__auto_12.png
-- Up-to-date: /home/imtne.local/leo.chouippe/ros_space/install/tbot_sim/share/tbot_sim/models/willowgarage/materials/textures/__auto_2.png
-- Up-to-date: /home/imtne.local/leo.chouippe/ros_space/install/tbot_sim/share/tbot_sim/models/willowgarage/meshes
-- Up-to-date: /home/imtne.local/leo.chouippe/ros_space/install/tbot_sim/share/tbot_sim/models/willowgarage/meshes/willowgarage_collision.dae
-- Up-to-date: /home/imtne.local/leo.chouippe/ros_space/install/tbot_sim/share/tbot_sim/models/willowgarage/meshes/willowgarage_visual.dae
-- Up-to-date: /home/imtne.local/leo.chouippe/ros_space/install/tbot_sim/share/tbot_sim/models/willowgarage/model-1_2.sdf
-- Up-to-date: /home/imtne.local/leo.chouippe/ros_space/install/tbot_sim/share/tbot_sim/models/willowgarage/model-1_3.sdf
-- Up-to-date: /home/imtne.local/leo.chouippe/ros_space/install/tbot_sim/share/tbot_sim/models/willowgarage/model-1_4.sdf
-- Up-to-date: /home/imtne.local/leo.chouippe/ros_space/install/tbot_sim/share/tbot_sim/models/willowgarage/model.config
-- Up-to-date: /home/imtne.local/leo.chouippe/ros_space/install/tbot_sim/share/tbot_sim/models/willowgarage/model.sdf
-- Up-to-date: /home/imtne.local/leo.chouippe/ros_space/install/tbot_sim/share/tbot_sim/urdf
-- Up-to-date: /home/imtne.local/leo.chouippe/ros_space/install/tbot_sim/share/tbot_sim/urdf/create.urdf
-- Up-to-date: /home/imtne.local/leo.chouippe/ros_space/install/tbot_sim/share/tbot_sim/urdf/kobuki_standalone.urdf
-- Up-to-date: /home/imtne.local/leo.chouippe/ros_space/install/tbot_sim/share/tbot_sim/urdf/tbot.urdf
-- Up-to-date: /home/imtne.local/leo.chouippe/ros_space/install/tbot_sim/share/tbot_sim/worlds
-- Up-to-date: /home/imtne.local/leo.chouippe/ros_space/install/tbot_sim/share/tbot_sim/worlds/challenge-1.world
-- Up-to-date: /home/imtne.local/leo.chouippe/ros_space/install/tbot_sim/share/tbot_sim/worlds/challenge-2.world
-- Up-to-date: /home/imtne.local/leo.chouippe/ros_space/install/tbot_sim/share/tbot_sim/worlds/challenge-3.world
-- Up-to-date: /home/imtne.local/leo.chouippe/ros_space/install/tbot_sim/share/tbot_sim/worlds/empty.world
-- Up-to-date: /home/imtne.local/leo.chouippe/ros_space/install/tbot_sim/share/ament_index/resource_index/package_run_dependencies/tbot_sim
-- Up-to-date: /home/imtne.local/leo.chouippe/ros_space/install/tbot_sim/share/ament_index/resource_index/parent_prefix_path/tbot_sim
-- Up-to-date: /home/imtne.local/leo.chouippe/ros_space/install/tbot_sim/share/tbot_sim/environment/ament_prefix_path.sh
-- Up-to-date: /home/imtne.local/leo.chouippe/ros_space/install/tbot_sim/share/tbot_sim/environment/ament_prefix_path.dsv
-- Up-to-date: /home/imtne.local/leo.chouippe/ros_space/install/tbot_sim/share/tbot_sim/environment/path.sh
-- Up-to-date: /home/imtne.local/leo.chouippe/ros_space/install/tbot_sim/share/tbot_sim/environment/path.dsv
-- Up-to-date: /home/imtne.local/leo.chouippe/ros_space/install/tbot_sim/share/tbot_sim/local_setup.bash
-- Up-to-date: /home/imtne.local/leo.chouippe/ros_space/install/tbot_sim/share/tbot_sim/local_setup.sh
-- Up-to-date: /home/imtne.local/leo.chouippe/ros_space/install/tbot_sim/share/tbot_sim/local_setup.zsh
-- Up-to-date: /home/imtne.local/leo.chouippe/ros_space/install/tbot_sim/share/tbot_sim/local_setup.dsv
-- Up-to-date: /home/imtne.local/leo.chouippe/ros_space/install/tbot_sim/share/tbot_sim/package.dsv
-- Up-to-date: /home/imtne.local/leo.chouippe/ros_space/install/tbot_sim/share/ament_index/resource_index/packages/tbot_sim
-- Up-to-date: /home/imtne.local/leo.chouippe/ros_space/install/tbot_sim/share/tbot_sim/cmake/tbot_simConfig.cmake
-- Up-to-date: /home/imtne.local/leo.chouippe/ros_space/install/tbot_sim/share/tbot_sim/cmake/tbot_simConfig-version.cmake
-- Up-to-date: /home/imtne.local/leo.chouippe/ros_space/install/tbot_sim/share/tbot_sim/package.xml
