[0.235s] Invoking command in '/home/imtne.local/leo.chouippe/ros_space/build/tbot_sim': CMAKE_PREFIX_PATH=${CMAKE_PREFIX_PATH}:/opt/ros/iron /usr/bin/cmake --build /home/imtne.local/leo.chouippe/ros_space/build/tbot_sim -- -j12 -l12
[0.282s] Invoked command in '/home/imtne.local/leo.chouippe/ros_space/build/tbot_sim' returned '0': CMAKE_PREFIX_PATH=${CMAKE_PREFIX_PATH}:/opt/ros/iron /usr/bin/cmake --build /home/imtne.local/leo.chouippe/ros_space/build/tbot_sim -- -j12 -l12
[0.386s] Invoking command in '/home/imtne.local/leo.chouippe/ros_space/build/tbot_sim': CMAKE_PREFIX_PATH=${CMAKE_PREFIX_PATH}:/opt/ros/iron /usr/bin/cmake --install /home/imtne.local/leo.chouippe/ros_space/build/tbot_sim
[0.393s] -- Install configuration: ""
[0.395s] -- Up-to-date: /home/imtne.local/leo.chouippe/ros_space/install/tbot_sim/share/tbot_sim/launch
[0.411s] -- Up-to-date: /home/imtne.local/leo.chouippe/ros_space/install/tbot_sim/share/tbot_sim/launch/challenge-1.launch.py
[0.428s] -- Up-to-date: /home/imtne.local/leo.chouippe/ros_space/install/tbot_sim/share/tbot_sim/launch/challenge-2.launch.py
[0.472s] -- Up-to-date: /home/imtne.local/leo.chouippe/ros_space/install/tbot_sim/share/tbot_sim/launch/challenge-3.launch.py
[0.495s] -- Up-to-date: /home/imtne.local/leo.chouippe/ros_space/install/tbot_sim/share/tbot_sim/launch/includes
[0.495s] -- Up-to-date: /home/imtne.local/leo.chouippe/ros_space/install/tbot_sim/share/tbot_sim/launch/includes/challenge.launch.py
[0.521s] -- Up-to-date: /home/imtne.local/leo.chouippe/ros_space/install/tbot_sim/share/tbot_sim/launch/includes/gazebo.launch.py
[0.550s] -- Up-to-date: /home/imtne.local/leo.chouippe/ros_space/install/tbot_sim/share/tbot_sim/launch/includes/spawn_create.launch.py
[0.553s] -- Up-to-date: /home/imtne.local/leo.chouippe/ros_space/install/tbot_sim/share/tbot_sim/launch/includes/spawn_entity.launch.py
[0.554s] -- Up-to-date: /home/imtne.local/leo.chouippe/ros_space/install/tbot_sim/share/tbot_sim/launch/includes/spawn_kobuki.launch.py
[0.561s] -- Up-to-date: /home/imtne.local/leo.chouippe/ros_space/install/tbot_sim/share/tbot_sim/launch/includes/spawn_tbot.launch.py
[0.561s] -- Up-to-date: /home/imtne.local/leo.chouippe/ros_space/install/tbot_sim/share/tbot_sim/models
[0.561s] -- Up-to-date: /home/imtne.local/leo.chouippe/ros_space/install/tbot_sim/share/tbot_sim/models/SYV_office_chairs
[0.564s] -- Up-to-date: /home/imtne.local/leo.chouippe/ros_space/install/tbot_sim/share/tbot_sim/models/SYV_office_chairs/meshes
[0.578s] -- Up-to-date: /home/imtne.local/leo.chouippe/ros_space/install/tbot_sim/share/tbot_sim/models/SYV_office_chairs/meshes/chair.dae
[0.588s] -- Up-to-date: /home/imtne.local/leo.chouippe/ros_space/install/tbot_sim/share/tbot_sim/models/SYV_office_chairs/model.config
[0.589s] -- Up-to-date: /home/imtne.local/leo.chouippe/ros_space/install/tbot_sim/share/tbot_sim/models/SYV_office_chairs/model.sdf
[0.591s] -- Up-to-date: /home/imtne.local/leo.chouippe/ros_space/install/tbot_sim/share/tbot_sim/models/SYV_office_desks
[0.592s] -- Up-to-date: /home/imtne.local/leo.chouippe/ros_space/install/tbot_sim/share/tbot_sim/models/SYV_office_desks/meshes
[0.594s] -- Up-to-date: /home/imtne.local/leo.chouippe/ros_space/install/tbot_sim/share/tbot_sim/models/SYV_office_desks/meshes/woodfurn.dae
[0.594s] -- Up-to-date: /home/imtne.local/leo.chouippe/ros_space/install/tbot_sim/share/tbot_sim/models/SYV_office_desks/model.config
[0.596s] -- Up-to-date: /home/imtne.local/leo.chouippe/ros_space/install/tbot_sim/share/tbot_sim/models/SYV_office_desks/model.sdf
[0.597s] -- Up-to-date: /home/imtne.local/leo.chouippe/ros_space/install/tbot_sim/share/tbot_sim/models/SYV_office_walls
[0.617s] -- Up-to-date: /home/imtne.local/leo.chouippe/ros_space/install/tbot_sim/share/tbot_sim/models/SYV_office_walls/meshes
[0.618s] -- Up-to-date: /home/imtne.local/leo.chouippe/ros_space/install/tbot_sim/share/tbot_sim/models/SYV_office_walls/meshes/walls.dae
[0.620s] -- Up-to-date: /home/imtne.local/leo.chouippe/ros_space/install/tbot_sim/share/tbot_sim/models/SYV_office_walls/model.config
[0.634s] -- Up-to-date: /home/imtne.local/leo.chouippe/ros_space/install/tbot_sim/share/tbot_sim/models/SYV_office_walls/model.sdf
[0.636s] -- Up-to-date: /home/imtne.local/leo.chouippe/ros_space/install/tbot_sim/share/tbot_sim/models/create
[0.645s] -- Up-to-date: /home/imtne.local/leo.chouippe/ros_space/install/tbot_sim/share/tbot_sim/models/create/materials
[0.648s] -- Up-to-date: /home/imtne.local/leo.chouippe/ros_space/install/tbot_sim/share/tbot_sim/models/create/materials/textures
[0.658s] -- Up-to-date: /home/imtne.local/leo.chouippe/ros_space/install/tbot_sim/share/tbot_sim/models/create/materials/textures/create_body.png
[0.666s] -- Up-to-date: /home/imtne.local/leo.chouippe/ros_space/install/tbot_sim/share/tbot_sim/models/create/meshes
[0.668s] -- Up-to-date: /home/imtne.local/leo.chouippe/ros_space/install/tbot_sim/share/tbot_sim/models/create/meshes/create_body.dae
[0.675s] -- Up-to-date: /home/imtne.local/leo.chouippe/ros_space/install/tbot_sim/share/tbot_sim/models/create/model-1_2.sdf
[0.678s] -- Up-to-date: /home/imtne.local/leo.chouippe/ros_space/install/tbot_sim/share/tbot_sim/models/create/model-1_3.sdf
[0.686s] -- Up-to-date: /home/imtne.local/leo.chouippe/ros_space/install/tbot_sim/share/tbot_sim/models/create/model-1_4.sdf
[0.687s] -- Up-to-date: /home/imtne.local/leo.chouippe/ros_space/install/tbot_sim/share/tbot_sim/models/create/model.config
[0.697s] -- Up-to-date: /home/imtne.local/leo.chouippe/ros_space/install/tbot_sim/share/tbot_sim/models/create/model.sdf
[0.699s] -- Up-to-date: /home/imtne.local/leo.chouippe/ros_space/install/tbot_sim/share/tbot_sim/models/hokuyo
[0.700s] -- Up-to-date: /home/imtne.local/leo.chouippe/ros_space/install/tbot_sim/share/tbot_sim/models/hokuyo/meshes
[0.708s] -- Up-to-date: /home/imtne.local/leo.chouippe/ros_space/install/tbot_sim/share/tbot_sim/models/hokuyo/meshes/hokuyo.dae
[0.716s] -- Up-to-date: /home/imtne.local/leo.chouippe/ros_space/install/tbot_sim/share/tbot_sim/models/hokuyo/meshes/hokuyo_convex.stl
[0.719s] -- Up-to-date: /home/imtne.local/leo.chouippe/ros_space/install/tbot_sim/share/tbot_sim/models/hokuyo/model-1_2.sdf
[0.731s] -- Up-to-date: /home/imtne.local/leo.chouippe/ros_space/install/tbot_sim/share/tbot_sim/models/hokuyo/model-1_3.sdf
[0.739s] -- Up-to-date: /home/imtne.local/leo.chouippe/ros_space/install/tbot_sim/share/tbot_sim/models/hokuyo/model-1_4.sdf
[0.739s] -- Up-to-date: /home/imtne.local/leo.chouippe/ros_space/install/tbot_sim/share/tbot_sim/models/hokuyo/model.config
[0.739s] -- Up-to-date: /home/imtne.local/leo.chouippe/ros_space/install/tbot_sim/share/tbot_sim/models/hokuyo/model.sdf
[0.747s] -- Up-to-date: /home/imtne.local/leo.chouippe/ros_space/install/tbot_sim/share/tbot_sim/models/kinect
[0.751s] -- Up-to-date: /home/imtne.local/leo.chouippe/ros_space/install/tbot_sim/share/tbot_sim/models/kinect/materials
[0.760s] -- Up-to-date: /home/imtne.local/leo.chouippe/ros_space/install/tbot_sim/share/tbot_sim/models/kinect/materials/textures
[0.761s] -- Up-to-date: /home/imtne.local/leo.chouippe/ros_space/install/tbot_sim/share/tbot_sim/models/kinect/materials/textures/kinect.png
[0.769s] -- Up-to-date: /home/imtne.local/leo.chouippe/ros_space/install/tbot_sim/share/tbot_sim/models/kinect/meshes
[0.771s] -- Up-to-date: /home/imtne.local/leo.chouippe/ros_space/install/tbot_sim/share/tbot_sim/models/kinect/meshes/kinect.dae
[0.779s] -- Up-to-date: /home/imtne.local/leo.chouippe/ros_space/install/tbot_sim/share/tbot_sim/models/kinect/model-1_2.sdf
[0.787s] -- Up-to-date: /home/imtne.local/leo.chouippe/ros_space/install/tbot_sim/share/tbot_sim/models/kinect/model-1_3.sdf
[0.789s] -- Up-to-date: /home/imtne.local/leo.chouippe/ros_space/install/tbot_sim/share/tbot_sim/models/kinect/model-1_4.sdf
[0.790s] -- Up-to-date: /home/imtne.local/leo.chouippe/ros_space/install/tbot_sim/share/tbot_sim/models/kinect/model.config
[0.794s] -- Up-to-date: /home/imtne.local/leo.chouippe/ros_space/install/tbot_sim/share/tbot_sim/models/kinect/model.sdf
[0.796s] -- Up-to-date: /home/imtne.local/leo.chouippe/ros_space/install/tbot_sim/share/tbot_sim/models/kobuki
[0.798s] -- Up-to-date: /home/imtne.local/leo.chouippe/ros_space/install/tbot_sim/share/tbot_sim/models/kobuki/materials
[0.802s] -- Up-to-date: /home/imtne.local/leo.chouippe/ros_space/install/tbot_sim/share/tbot_sim/models/kobuki/materials/textures
[0.807s] -- Up-to-date: /home/imtne.local/leo.chouippe/ros_space/install/tbot_sim/share/tbot_sim/models/kobuki/materials/textures/main_body.jpg
[0.828s] -- Up-to-date: /home/imtne.local/leo.chouippe/ros_space/install/tbot_sim/share/tbot_sim/models/kobuki/materials/textures/wheel.jpg
[0.837s] -- Up-to-date: /home/imtne.local/leo.chouippe/ros_space/install/tbot_sim/share/tbot_sim/models/kobuki/meshes
[0.844s] -- Up-to-date: /home/imtne.local/leo.chouippe/ros_space/install/tbot_sim/share/tbot_sim/models/kobuki/meshes/main_body.dae
[0.854s] -- Up-to-date: /home/imtne.local/leo.chouippe/ros_space/install/tbot_sim/share/tbot_sim/models/kobuki/meshes/wheel.dae
[0.858s] -- Up-to-date: /home/imtne.local/leo.chouippe/ros_space/install/tbot_sim/share/tbot_sim/models/kobuki/model.config
[0.858s] -- Up-to-date: /home/imtne.local/leo.chouippe/ros_space/install/tbot_sim/share/tbot_sim/models/kobuki/model.sdf
[0.868s] -- Up-to-date: /home/imtne.local/leo.chouippe/ros_space/install/tbot_sim/share/tbot_sim/models/kobuki_model
[0.871s] -- Up-to-date: /home/imtne.local/leo.chouippe/ros_space/install/tbot_sim/share/tbot_sim/models/kobuki_model/meshes
[0.877s] -- Up-to-date: /home/imtne.local/leo.chouippe/ros_space/install/tbot_sim/share/tbot_sim/models/kobuki_model/meshes/hokuyo.dae
[0.877s] -- Up-to-date: /home/imtne.local/leo.chouippe/ros_space/install/tbot_sim/share/tbot_sim/models/kobuki_model/meshes/images
[0.877s] -- Up-to-date: /home/imtne.local/leo.chouippe/ros_space/install/tbot_sim/share/tbot_sim/models/kobuki_model/meshes/images/main_body.jpg
[0.879s] -- Up-to-date: /home/imtne.local/leo.chouippe/ros_space/install/tbot_sim/share/tbot_sim/models/kobuki_model/meshes/images/wheel.jpg
[0.895s] -- Up-to-date: /home/imtne.local/leo.chouippe/ros_space/install/tbot_sim/share/tbot_sim/models/kobuki_model/meshes/main_body.dae
[0.898s] -- Up-to-date: /home/imtne.local/leo.chouippe/ros_space/install/tbot_sim/share/tbot_sim/models/kobuki_model/meshes/wheel.dae
[0.905s] -- Up-to-date: /home/imtne.local/leo.chouippe/ros_space/install/tbot_sim/share/tbot_sim/models/kobuki_model/model.config
[0.912s] -- Up-to-date: /home/imtne.local/leo.chouippe/ros_space/install/tbot_sim/share/tbot_sim/models/kobuki_model/model.sdf
[0.920s] -- Up-to-date: /home/imtne.local/leo.chouippe/ros_space/install/tbot_sim/share/tbot_sim/models/nuka_cola
[0.929s] -- Up-to-date: /home/imtne.local/leo.chouippe/ros_space/install/tbot_sim/share/tbot_sim/models/nuka_cola/materials
[0.930s] -- Up-to-date: /home/imtne.local/leo.chouippe/ros_space/install/tbot_sim/share/tbot_sim/models/nuka_cola/materials/textures
[0.937s] -- Up-to-date: /home/imtne.local/leo.chouippe/ros_space/install/tbot_sim/share/tbot_sim/models/nuka_cola/materials/textures/nuka_cola.png
[0.962s] -- Up-to-date: /home/imtne.local/leo.chouippe/ros_space/install/tbot_sim/share/tbot_sim/models/nuka_cola/meshes
[0.971s] -- Up-to-date: /home/imtne.local/leo.chouippe/ros_space/install/tbot_sim/share/tbot_sim/models/nuka_cola/meshes/can.dae
[0.980s] -- Up-to-date: /home/imtne.local/leo.chouippe/ros_space/install/tbot_sim/share/tbot_sim/models/nuka_cola/model.config
[0.986s] -- Up-to-date: /home/imtne.local/leo.chouippe/ros_space/install/tbot_sim/share/tbot_sim/models/nuka_cola/model.sdf
[0.995s] -- Up-to-date: /home/imtne.local/leo.chouippe/ros_space/install/tbot_sim/share/tbot_sim/models/tbot
[1.008s] -- Up-to-date: /home/imtne.local/leo.chouippe/ros_space/install/tbot_sim/share/tbot_sim/models/tbot/materials
[1.016s] -- Up-to-date: /home/imtne.local/leo.chouippe/ros_space/install/tbot_sim/share/tbot_sim/models/tbot/materials/textures
[1.019s] -- Up-to-date: /home/imtne.local/leo.chouippe/ros_space/install/tbot_sim/share/tbot_sim/models/tbot/materials/textures/1f_stack.jpg
[1.037s] -- Up-to-date: /home/imtne.local/leo.chouippe/ros_space/install/tbot_sim/share/tbot_sim/models/tbot/materials/textures/2f_stack.jpg
[1.046s] -- Up-to-date: /home/imtne.local/leo.chouippe/ros_space/install/tbot_sim/share/tbot_sim/models/tbot/materials/textures/3f_stack.jpg
[1.053s] -- Up-to-date: /home/imtne.local/leo.chouippe/ros_space/install/tbot_sim/share/tbot_sim/models/tbot/meshes
[1.053s] -- Up-to-date: /home/imtne.local/leo.chouippe/ros_space/install/tbot_sim/share/tbot_sim/models/tbot/meshes/plate_bottom.dae
[1.061s] -- Up-to-date: /home/imtne.local/leo.chouippe/ros_space/install/tbot_sim/share/tbot_sim/models/tbot/meshes/plate_middle.dae
[1.074s] -- Up-to-date: /home/imtne.local/leo.chouippe/ros_space/install/tbot_sim/share/tbot_sim/models/tbot/meshes/plate_top.dae
[1.082s] -- Up-to-date: /home/imtne.local/leo.chouippe/ros_space/install/tbot_sim/share/tbot_sim/models/tbot/model.config
[1.105s] -- Up-to-date: /home/imtne.local/leo.chouippe/ros_space/install/tbot_sim/share/tbot_sim/models/tbot/model.sdf
[1.107s] -- Up-to-date: /home/imtne.local/leo.chouippe/ros_space/install/tbot_sim/share/tbot_sim/models/turtlebot
[1.148s] -- Up-to-date: /home/imtne.local/leo.chouippe/ros_space/install/tbot_sim/share/tbot_sim/models/turtlebot/materials
[1.149s] -- Up-to-date: /home/imtne.local/leo.chouippe/ros_space/install/tbot_sim/share/tbot_sim/models/turtlebot/materials/textures
[1.149s] -- Up-to-date: /home/imtne.local/leo.chouippe/ros_space/install/tbot_sim/share/tbot_sim/models/turtlebot/materials/textures/68-02421-8000-RA_Turtlebot_F-F_Standoff_color.png
[1.156s] -- Up-to-date: /home/imtne.local/leo.chouippe/ros_space/install/tbot_sim/share/tbot_sim/models/turtlebot/materials/textures/68-04552-1000-RA_Turtlebot_M-F_Standoff_color.png
[1.157s] -- Up-to-date: /home/imtne.local/leo.chouippe/ros_space/install/tbot_sim/share/tbot_sim/models/turtlebot/materials/textures/68-04552-2000-RA_Turtlebot_M-F_Standoff_color.png
[1.174s] -- Up-to-date: /home/imtne.local/leo.chouippe/ros_space/install/tbot_sim/share/tbot_sim/models/turtlebot/materials/textures/create_body.png
[1.183s] -- Up-to-date: /home/imtne.local/leo.chouippe/ros_space/install/tbot_sim/share/tbot_sim/models/turtlebot/materials/textures/plate_0_logo.png
[1.184s] -- Up-to-date: /home/imtne.local/leo.chouippe/ros_space/install/tbot_sim/share/tbot_sim/models/turtlebot/materials/textures/plate_1_logo.png
[1.186s] -- Up-to-date: /home/imtne.local/leo.chouippe/ros_space/install/tbot_sim/share/tbot_sim/models/turtlebot/materials/textures/plate_2_logo.png
[1.197s] -- Up-to-date: /home/imtne.local/leo.chouippe/ros_space/install/tbot_sim/share/tbot_sim/models/turtlebot/meshes
[1.206s] -- Up-to-date: /home/imtne.local/leo.chouippe/ros_space/install/tbot_sim/share/tbot_sim/models/turtlebot/meshes/68-02403-125_Spacer.dae
[1.206s] -- Up-to-date: /home/imtne.local/leo.chouippe/ros_space/install/tbot_sim/share/tbot_sim/models/turtlebot/meshes/68-02421-8000-RA_Turtlebot_F-F_Standoff.dae
[1.209s] -- Up-to-date: /home/imtne.local/leo.chouippe/ros_space/install/tbot_sim/share/tbot_sim/models/turtlebot/meshes/68-04552-1000-RA_Turtlebot_M-F_Standoff.dae
[1.209s] -- Up-to-date: /home/imtne.local/leo.chouippe/ros_space/install/tbot_sim/share/tbot_sim/models/turtlebot/meshes/68-04552-2000-RA_Turtlebot_M-F_Standoff.dae
[1.224s] -- Up-to-date: /home/imtne.local/leo.chouippe/ros_space/install/tbot_sim/share/tbot_sim/models/turtlebot/meshes/68-04556-RA_Kinect_Standoff_Assy.dae
[1.226s] -- Up-to-date: /home/imtne.local/leo.chouippe/ros_space/install/tbot_sim/share/tbot_sim/models/turtlebot/meshes/create_body.dae
[1.227s] -- Up-to-date: /home/imtne.local/leo.chouippe/ros_space/install/tbot_sim/share/tbot_sim/models/turtlebot/meshes/plate_0_logo.dae
[1.239s] -- Up-to-date: /home/imtne.local/leo.chouippe/ros_space/install/tbot_sim/share/tbot_sim/models/turtlebot/meshes/plate_1_logo.dae
[1.241s] -- Up-to-date: /home/imtne.local/leo.chouippe/ros_space/install/tbot_sim/share/tbot_sim/models/turtlebot/meshes/plate_2_logo.dae
[1.241s] -- Up-to-date: /home/imtne.local/leo.chouippe/ros_space/install/tbot_sim/share/tbot_sim/models/turtlebot/model-1_2.sdf
[1.243s] -- Up-to-date: /home/imtne.local/leo.chouippe/ros_space/install/tbot_sim/share/tbot_sim/models/turtlebot/model-1_3.sdf
[1.243s] -- Up-to-date: /home/imtne.local/leo.chouippe/ros_space/install/tbot_sim/share/tbot_sim/models/turtlebot/model-1_4.sdf
[1.245s] -- Up-to-date: /home/imtne.local/leo.chouippe/ros_space/install/tbot_sim/share/tbot_sim/models/turtlebot/model.config
[1.246s] -- Up-to-date: /home/imtne.local/leo.chouippe/ros_space/install/tbot_sim/share/tbot_sim/models/turtlebot/model.sdf
[1.247s] -- Up-to-date: /home/imtne.local/leo.chouippe/ros_space/install/tbot_sim/share/tbot_sim/models/willowgarage
[1.250s] -- Up-to-date: /home/imtne.local/leo.chouippe/ros_space/install/tbot_sim/share/tbot_sim/models/willowgarage/materials
[1.260s] -- Up-to-date: /home/imtne.local/leo.chouippe/ros_space/install/tbot_sim/share/tbot_sim/models/willowgarage/materials/textures
[1.263s] -- Up-to-date: /home/imtne.local/leo.chouippe/ros_space/install/tbot_sim/share/tbot_sim/models/willowgarage/materials/textures/Carpet_Berber_Pattern_Gray_.png
[1.265s] -- Up-to-date: /home/imtne.local/leo.chouippe/ros_space/install/tbot_sim/share/tbot_sim/models/willowgarage/materials/textures/Stone_Brushed_Khaki_.png
[1.286s] -- Up-to-date: /home/imtne.local/leo.chouippe/ros_space/install/tbot_sim/share/tbot_sim/models/willowgarage/materials/textures/Wood_Bamboo_Medium_.png
[1.294s] -- Up-to-date: /home/imtne.local/leo.chouippe/ros_space/install/tbot_sim/share/tbot_sim/models/willowgarage/materials/textures/Wood_Cherry_Original_.png
[1.295s] -- Up-to-date: /home/imtne.local/leo.chouippe/ros_space/install/tbot_sim/share/tbot_sim/models/willowgarage/materials/textures/__Wood_Bamboo_Medium_1.png
[1.303s] -- Up-to-date: /home/imtne.local/leo.chouippe/ros_space/install/tbot_sim/share/tbot_sim/models/willowgarage/materials/textures/__auto_12.png
[1.310s] -- Up-to-date: /home/imtne.local/leo.chouippe/ros_space/install/tbot_sim/share/tbot_sim/models/willowgarage/materials/textures/__auto_2.png
[1.320s] -- Up-to-date: /home/imtne.local/leo.chouippe/ros_space/install/tbot_sim/share/tbot_sim/models/willowgarage/meshes
[1.328s] -- Up-to-date: /home/imtne.local/leo.chouippe/ros_space/install/tbot_sim/share/tbot_sim/models/willowgarage/meshes/willowgarage_collision.dae
[1.329s] -- Up-to-date: /home/imtne.local/leo.chouippe/ros_space/install/tbot_sim/share/tbot_sim/models/willowgarage/meshes/willowgarage_visual.dae
[1.332s] -- Up-to-date: /home/imtne.local/leo.chouippe/ros_space/install/tbot_sim/share/tbot_sim/models/willowgarage/model-1_2.sdf
[1.338s] -- Up-to-date: /home/imtne.local/leo.chouippe/ros_space/install/tbot_sim/share/tbot_sim/models/willowgarage/model-1_3.sdf
[1.353s] -- Up-to-date: /home/imtne.local/leo.chouippe/ros_space/install/tbot_sim/share/tbot_sim/models/willowgarage/model-1_4.sdf
[1.375s] -- Up-to-date: /home/imtne.local/leo.chouippe/ros_space/install/tbot_sim/share/tbot_sim/models/willowgarage/model.config
[1.463s] -- Up-to-date: /home/imtne.local/leo.chouippe/ros_space/install/tbot_sim/share/tbot_sim/models/willowgarage/model.sdf
[1.464s] -- Up-to-date: /home/imtne.local/leo.chouippe/ros_space/install/tbot_sim/share/tbot_sim/urdf
[1.479s] -- Up-to-date: /home/imtne.local/leo.chouippe/ros_space/install/tbot_sim/share/tbot_sim/urdf/create.urdf
[1.497s] -- Up-to-date: /home/imtne.local/leo.chouippe/ros_space/install/tbot_sim/share/tbot_sim/urdf/kobuki_standalone.urdf
[1.514s] -- Up-to-date: /home/imtne.local/leo.chouippe/ros_space/install/tbot_sim/share/tbot_sim/urdf/tbot.urdf
[1.531s] -- Up-to-date: /home/imtne.local/leo.chouippe/ros_space/install/tbot_sim/share/tbot_sim/worlds
[1.534s] -- Up-to-date: /home/imtne.local/leo.chouippe/ros_space/install/tbot_sim/share/tbot_sim/worlds/challenge-1.world
[1.539s] -- Up-to-date: /home/imtne.local/leo.chouippe/ros_space/install/tbot_sim/share/tbot_sim/worlds/challenge-2.world
[1.543s] -- Up-to-date: /home/imtne.local/leo.chouippe/ros_space/install/tbot_sim/share/tbot_sim/worlds/challenge-3.world
[1.546s] -- Up-to-date: /home/imtne.local/leo.chouippe/ros_space/install/tbot_sim/share/tbot_sim/worlds/empty.world
[1.553s] -- Up-to-date: /home/imtne.local/leo.chouippe/ros_space/install/tbot_sim/share/ament_index/resource_index/package_run_dependencies/tbot_sim
[1.553s] -- Up-to-date: /home/imtne.local/leo.chouippe/ros_space/install/tbot_sim/share/ament_index/resource_index/parent_prefix_path/tbot_sim
[1.557s] -- Up-to-date: /home/imtne.local/leo.chouippe/ros_space/install/tbot_sim/share/tbot_sim/environment/ament_prefix_path.sh
[1.578s] -- Up-to-date: /home/imtne.local/leo.chouippe/ros_space/install/tbot_sim/share/tbot_sim/environment/ament_prefix_path.dsv
[1.586s] -- Up-to-date: /home/imtne.local/leo.chouippe/ros_space/install/tbot_sim/share/tbot_sim/environment/path.sh
[1.595s] -- Up-to-date: /home/imtne.local/leo.chouippe/ros_space/install/tbot_sim/share/tbot_sim/environment/path.dsv
[1.596s] -- Up-to-date: /home/imtne.local/leo.chouippe/ros_space/install/tbot_sim/share/tbot_sim/local_setup.bash
[1.649s] -- Up-to-date: /home/imtne.local/leo.chouippe/ros_space/install/tbot_sim/share/tbot_sim/local_setup.sh
[1.829s] -- Up-to-date: /home/imtne.local/leo.chouippe/ros_space/install/tbot_sim/share/tbot_sim/local_setup.zsh
[1.843s] -- Up-to-date: /home/imtne.local/leo.chouippe/ros_space/install/tbot_sim/share/tbot_sim/local_setup.dsv
[1.855s] -- Up-to-date: /home/imtne.local/leo.chouippe/ros_space/install/tbot_sim/share/tbot_sim/package.dsv
[1.858s] -- Up-to-date: /home/imtne.local/leo.chouippe/ros_space/install/tbot_sim/share/ament_index/resource_index/packages/tbot_sim
[1.859s] -- Up-to-date: /home/imtne.local/leo.chouippe/ros_space/install/tbot_sim/share/tbot_sim/cmake/tbot_simConfig.cmake
[1.859s] -- Up-to-date: /home/imtne.local/leo.chouippe/ros_space/install/tbot_sim/share/tbot_sim/cmake/tbot_simConfig-version.cmake
[1.861s] -- Up-to-date: /home/imtne.local/leo.chouippe/ros_space/install/tbot_sim/share/tbot_sim/package.xml
[1.865s] Invoked command in '/home/imtne.local/leo.chouippe/ros_space/build/tbot_sim' returned '0': CMAKE_PREFIX_PATH=${CMAKE_PREFIX_PATH}:/opt/ros/iron /usr/bin/cmake --install /home/imtne.local/leo.chouippe/ros_space/build/tbot_sim
