[0.430s] Invoking command in '/home/imtne.local/leo.chouippe/ros_space/build/stage_ros2': CMAKE_PREFIX_PATH=/home/imtne.local/leo.chouippe/ros_space/install/Stage:/home/imtne.local/leo.chouippe/ros_space/install/stage_ros2:/home/imtne.local/leo.chouippe/install/tutorial_pkg:/opt/ros/iron LD_LIBRARY_PATH=/home/imtne.local/leo.chouippe/ros_space/install/Stage/lib:/home/imtne.local/leo.chouippe/ros_space/install/stage_ros2/lib:/usr/lib/x86_64-linux-gnu/gazebo-11/plugins:/opt/ros/iron/opt/rviz_ogre_vendor/lib:/opt/ros/iron/lib/x86_64-linux-gnu:/opt/ros/iron/lib /usr/bin/cmake --build /home/imtne.local/leo.chouippe/ros_space/build/stage_ros2 -- -j12 -l12
[0.531s] [35m[1mConsolidate compiler generated dependencies of target stage_node[0m
[0.709s] [ 71%] Built target stage_node
[0.724s] [35m[1mConsolidate compiler generated dependencies of target stage_ros2[0m
[0.807s] [100%] Built target stage_ros2
[0.832s] Invoked command in '/home/imtne.local/leo.chouippe/ros_space/build/stage_ros2' returned '0': CMAKE_PREFIX_PATH=/home/imtne.local/leo.chouippe/ros_space/install/Stage:/home/imtne.local/leo.chouippe/ros_space/install/stage_ros2:/home/imtne.local/leo.chouippe/install/tutorial_pkg:/opt/ros/iron LD_LIBRARY_PATH=/home/imtne.local/leo.chouippe/ros_space/install/Stage/lib:/home/imtne.local/leo.chouippe/ros_space/install/stage_ros2/lib:/usr/lib/x86_64-linux-gnu/gazebo-11/plugins:/opt/ros/iron/opt/rviz_ogre_vendor/lib:/opt/ros/iron/lib/x86_64-linux-gnu:/opt/ros/iron/lib /usr/bin/cmake --build /home/imtne.local/leo.chouippe/ros_space/build/stage_ros2 -- -j12 -l12
[0.877s] Invoking command in '/home/imtne.local/leo.chouippe/ros_space/build/stage_ros2': CMAKE_PREFIX_PATH=/home/imtne.local/leo.chouippe/ros_space/install/Stage:/home/imtne.local/leo.chouippe/ros_space/install/stage_ros2:/home/imtne.local/leo.chouippe/install/tutorial_pkg:/opt/ros/iron LD_LIBRARY_PATH=/home/imtne.local/leo.chouippe/ros_space/install/Stage/lib:/home/imtne.local/leo.chouippe/ros_space/install/stage_ros2/lib:/usr/lib/x86_64-linux-gnu/gazebo-11/plugins:/opt/ros/iron/opt/rviz_ogre_vendor/lib:/opt/ros/iron/lib/x86_64-linux-gnu:/opt/ros/iron/lib /usr/bin/cmake --install /home/imtne.local/leo.chouippe/ros_space/build/stage_ros2
[0.900s] -- Install configuration: ""
[0.900s] -- Up-to-date: /home/imtne.local/leo.chouippe/ros_space/install/stage_ros2/share/stage_ros2/environment/library_path.sh
[0.900s] -- Up-to-date: /home/imtne.local/leo.chouippe/ros_space/install/stage_ros2/share/stage_ros2/environment/library_path.dsv
[0.901s] -- Up-to-date: /home/imtne.local/leo.chouippe/ros_space/install/stage_ros2/share/stage_ros2//launch
[0.909s] -- Up-to-date: /home/imtne.local/leo.chouippe/ros_space/install/stage_ros2/share/stage_ros2//launch/demo.launch.py
[0.911s] -- Up-to-date: /home/imtne.local/leo.chouippe/ros_space/install/stage_ros2/share/stage_ros2//launch/f710.launch.py
[0.913s] -- Up-to-date: /home/imtne.local/leo.chouippe/ros_space/install/stage_ros2/share/stage_ros2//launch/rviz.launch.py
[0.922s] -- Up-to-date: /home/imtne.local/leo.chouippe/ros_space/install/stage_ros2/share/stage_ros2//launch/rviz_ns.launch.py
[0.925s] -- Up-to-date: /home/imtne.local/leo.chouippe/ros_space/install/stage_ros2/share/stage_ros2//launch/stage.launch.py
[0.925s] -- Up-to-date: /home/imtne.local/leo.chouippe/ros_space/install/stage_ros2/share/stage_ros2//world
[0.932s] -- Up-to-date: /home/imtne.local/leo.chouippe/ros_space/install/stage_ros2/share/stage_ros2//world/bitmaps
[0.950s] -- Up-to-date: /home/imtne.local/leo.chouippe/ros_space/install/stage_ros2/share/stage_ros2//world/bitmaps/cave.png
[0.950s] -- Up-to-date: /home/imtne.local/leo.chouippe/ros_space/install/stage_ros2/share/stage_ros2//world/bitmaps/hallway.pgm
[0.951s] -- Up-to-date: /home/imtne.local/leo.chouippe/ros_space/install/stage_ros2/share/stage_ros2//world/bitmaps/hallway.png
[0.952s] -- Up-to-date: /home/imtne.local/leo.chouippe/ros_space/install/stage_ros2/share/stage_ros2//world/bitmaps/line.png
[0.969s] -- Up-to-date: /home/imtne.local/leo.chouippe/ros_space/install/stage_ros2/share/stage_ros2//world/bitmaps/straden.png
[0.979s] -- Up-to-date: /home/imtne.local/leo.chouippe/ros_space/install/stage_ros2/share/stage_ros2//world/bitmaps/warehouse008.pgm
[0.979s] -- Up-to-date: /home/imtne.local/leo.chouippe/ros_space/install/stage_ros2/share/stage_ros2//world/bitmaps/warehouse032.pgm
[0.987s] -- Up-to-date: /home/imtne.local/leo.chouippe/ros_space/install/stage_ros2/share/stage_ros2//world/bitmaps/warehouse200.pgm
[0.990s] -- Up-to-date: /home/imtne.local/leo.chouippe/ros_space/install/stage_ros2/share/stage_ros2//world/bitmaps/willow-full.pgm
[0.998s] -- Up-to-date: /home/imtne.local/leo.chouippe/ros_space/install/stage_ros2/share/stage_ros2//world/cave.world
[1.000s] -- Up-to-date: /home/imtne.local/leo.chouippe/ros_space/install/stage_ros2/share/stage_ros2//world/cave_multi.world
[1.002s] -- Up-to-date: /home/imtne.local/leo.chouippe/ros_space/install/stage_ros2/share/stage_ros2//world/cave_seven_robots.world
[1.006s] -- Up-to-date: /home/imtne.local/leo.chouippe/ros_space/install/stage_ros2/share/stage_ros2//world/cave_three_robots.world
[1.009s] -- Up-to-date: /home/imtne.local/leo.chouippe/ros_space/install/stage_ros2/share/stage_ros2//world/hallway.world
[1.011s] -- Up-to-date: /home/imtne.local/leo.chouippe/ros_space/install/stage_ros2/share/stage_ros2//world/include
[1.012s] -- Up-to-date: /home/imtne.local/leo.chouippe/ros_space/install/stage_ros2/share/stage_ros2//world/include/pioneer2dx.inc
[1.013s] -- Up-to-date: /home/imtne.local/leo.chouippe/ros_space/install/stage_ros2/share/stage_ros2//world/include/robots.inc
[1.015s] -- Up-to-date: /home/imtne.local/leo.chouippe/ros_space/install/stage_ros2/share/stage_ros2//world/lines.world
[1.017s] -- Up-to-date: /home/imtne.local/leo.chouippe/ros_space/install/stage_ros2/share/stage_ros2//world/straden.world
[1.019s] -- Up-to-date: /home/imtne.local/leo.chouippe/ros_space/install/stage_ros2/share/stage_ros2//world/willow-four-erratics-multisensor.world
[1.023s] -- Up-to-date: /home/imtne.local/leo.chouippe/ros_space/install/stage_ros2/share/stage_ros2//config
[1.031s] -- Up-to-date: /home/imtne.local/leo.chouippe/ros_space/install/stage_ros2/share/stage_ros2//config/rviz
[1.040s] -- Up-to-date: /home/imtne.local/leo.chouippe/ros_space/install/stage_ros2/share/stage_ros2//config/rviz/cave.rviz
[1.041s] -- Up-to-date: /home/imtne.local/leo.chouippe/ros_space/install/stage_ros2/share/stage_ros2//config/rviz/cave_seven_robots.rviz
[1.056s] -- Up-to-date: /home/imtne.local/leo.chouippe/ros_space/install/stage_ros2/share/stage_ros2//config/rviz/cave_three_robots.rviz
[1.065s] -- Up-to-date: /home/imtne.local/leo.chouippe/ros_space/install/stage_ros2/share/stage_ros2//config/rviz/lines.rviz
[1.073s] -- Up-to-date: /home/imtne.local/leo.chouippe/ros_space/install/stage_ros2/share/stage_ros2//config/rviz/robot0.rviz
[1.074s] -- Up-to-date: /home/imtne.local/leo.chouippe/ros_space/install/stage_ros2/share/stage_ros2//config/rviz/robot_ns.rviz
[1.082s] -- Up-to-date: /home/imtne.local/leo.chouippe/ros_space/install/stage_ros2/share/stage_ros2//config/rviz/robot_ns_depth.rviz
[1.084s] -- Up-to-date: /home/imtne.local/leo.chouippe/ros_space/install/stage_ros2/share/stage_ros2//config/teleop_twist_joy
[1.091s] -- Up-to-date: /home/imtne.local/leo.chouippe/ros_space/install/stage_ros2/share/stage_ros2//config/teleop_twist_joy/f710.config.yaml
[1.094s] -- Up-to-date: /home/imtne.local/leo.chouippe/ros_space/install/stage_ros2/lib/libstage_node.so
[1.109s] -- Up-to-date: /home/imtne.local/leo.chouippe/ros_space/install/stage_ros2/lib/stage_ros2/stage_ros2
[1.118s] -- Up-to-date: /home/imtne.local/leo.chouippe/ros_space/install/stage_ros2/share/ament_index/resource_index/package_run_dependencies/stage_ros2
[1.121s] -- Up-to-date: /home/imtne.local/leo.chouippe/ros_space/install/stage_ros2/share/ament_index/resource_index/parent_prefix_path/stage_ros2
[1.129s] -- Up-to-date: /home/imtne.local/leo.chouippe/ros_space/install/stage_ros2/share/stage_ros2/environment/ament_prefix_path.sh
[1.136s] -- Up-to-date: /home/imtne.local/leo.chouippe/ros_space/install/stage_ros2/share/stage_ros2/environment/ament_prefix_path.dsv
[1.141s] -- Up-to-date: /home/imtne.local/leo.chouippe/ros_space/install/stage_ros2/share/stage_ros2/environment/path.sh
[1.143s] -- Up-to-date: /home/imtne.local/leo.chouippe/ros_space/install/stage_ros2/share/stage_ros2/environment/path.dsv
[1.143s] -- Up-to-date: /home/imtne.local/leo.chouippe/ros_space/install/stage_ros2/share/stage_ros2/local_setup.bash
[1.143s] -- Up-to-date: /home/imtne.local/leo.chouippe/ros_space/install/stage_ros2/share/stage_ros2/local_setup.sh
[1.154s] -- Up-to-date: /home/imtne.local/leo.chouippe/ros_space/install/stage_ros2/share/stage_ros2/local_setup.zsh
[1.155s] -- Up-to-date: /home/imtne.local/leo.chouippe/ros_space/install/stage_ros2/share/stage_ros2/local_setup.dsv
[1.162s] -- Installing: /home/imtne.local/leo.chouippe/ros_space/install/stage_ros2/share/stage_ros2/package.dsv
[1.194s] -- Up-to-date: /home/imtne.local/leo.chouippe/ros_space/install/stage_ros2/share/ament_index/resource_index/packages/stage_ros2
[1.198s] -- Up-to-date: /home/imtne.local/leo.chouippe/ros_space/install/stage_ros2/share/stage_ros2/cmake/stage_ros2Config.cmake
[1.199s] -- Up-to-date: /home/imtne.local/leo.chouippe/ros_space/install/stage_ros2/share/stage_ros2/cmake/stage_ros2Config-version.cmake
[1.199s] -- Up-to-date: /home/imtne.local/leo.chouippe/ros_space/install/stage_ros2/share/stage_ros2/package.xml
[1.219s] Invoked command in '/home/imtne.local/leo.chouippe/ros_space/build/stage_ros2' returned '0': CMAKE_PREFIX_PATH=/home/imtne.local/leo.chouippe/ros_space/install/Stage:/home/imtne.local/leo.chouippe/ros_space/install/stage_ros2:/home/imtne.local/leo.chouippe/install/tutorial_pkg:/opt/ros/iron LD_LIBRARY_PATH=/home/imtne.local/leo.chouippe/ros_space/install/Stage/lib:/home/imtne.local/leo.chouippe/ros_space/install/stage_ros2/lib:/usr/lib/x86_64-linux-gnu/gazebo-11/plugins:/opt/ros/iron/opt/rviz_ogre_vendor/lib:/opt/ros/iron/lib/x86_64-linux-gnu:/opt/ros/iron/lib /usr/bin/cmake --install /home/imtne.local/leo.chouippe/ros_space/build/stage_ros2
