[0.133s] DEBUG:colcon:Command line arguments: ['/usr/bin/colcon', 'build']
[0.133s] DEBUG:colcon:Parsed command line arguments: Namespace(log_base=None, log_level=None, verb_name='build', build_base='build', install_base='install', merge_install=False, symlink_install=False, test_result_base=None, continue_on_error=False, executor='parallel', parallel_workers=12, event_handlers=None, ignore_user_meta=False, metas=['./colcon.meta'], base_paths=['.'], packages_ignore=None, packages_ignore_regex=None, paths=None, packages_up_to=None, packages_up_to_regex=None, packages_above=None, packages_above_and_dependencies=None, packages_above_depth=None, packages_select_by_dep=None, packages_skip_by_dep=None, packages_skip_up_to=None, packages_select_build_failed=False, packages_skip_build_finished=False, packages_select_test_failures=False, packages_skip_test_passed=False, packages_select=None, packages_skip=None, packages_select_regex=None, packages_skip_regex=None, packages_start=None, packages_end=None, allow_overriding=[], cmake_args=None, cmake_target=None, cmake_target_skip_unavailable=False, cmake_clean_cache=False, cmake_clean_first=False, cmake_force_configure=False, ament_cmake_args=None, catkin_cmake_args=None, catkin_skip_building_tests=False, mixin_files=None, mixin=None, verb_parser=<colcon_mixin.mixin.mixin_argument.MixinArgumentDecorator object at 0x756cefb4d780>, verb_extension=<colcon_core.verb.build.BuildVerb object at 0x756cefb4cdf0>, main=<bound method BuildVerb.main of <colcon_core.verb.build.BuildVerb object at 0x756cefb4cdf0>>, mixin_verb=('build',))
[0.317s] Level 1:colcon.colcon_core.package_discovery:discover_packages(colcon_meta) check parameters
[0.317s] Level 1:colcon.colcon_core.package_discovery:discover_packages(recursive) check parameters
[0.317s] Level 1:colcon.colcon_core.package_discovery:discover_packages(ignore) check parameters
[0.325s] Level 1:colcon.colcon_core.package_discovery:discover_packages(path) check parameters
[0.325s] Level 1:colcon.colcon_core.package_discovery:discover_packages(colcon_meta) discover
[0.328s] Level 1:colcon.colcon_core.package_discovery:discover_packages(recursive) discover
[0.328s] INFO:colcon.colcon_core.package_discovery:Crawling recursively for packages in '/home/imtne.local/leo.chouippe/ros_space'
[0.331s] Level 1:colcon.colcon_core.package_identification:_identify(.) by extensions ['ignore', 'ignore_ament_install']
[0.338s] Level 1:colcon.colcon_core.package_identification:_identify(.) by extension 'ignore'
[0.351s] Level 1:colcon.colcon_core.package_identification:_identify(.) by extension 'ignore_ament_install'
[0.359s] Level 1:colcon.colcon_core.package_identification:_identify(.) by extensions ['colcon_pkg']
[0.366s] Level 1:colcon.colcon_core.package_identification:_identify(.) by extension 'colcon_pkg'
[0.367s] Level 1:colcon.colcon_core.package_identification:_identify(.) by extensions ['colcon_meta']
[0.374s] Level 1:colcon.colcon_core.package_identification:_identify(.) by extension 'colcon_meta'
[0.376s] Level 1:colcon.colcon_core.package_identification:_identify(.) by extensions ['ros']
[0.378s] Level 1:colcon.colcon_core.package_identification:_identify(.) by extension 'ros'
[0.414s] Level 1:colcon.colcon_core.package_identification:_identify(.) by extensions ['cmake', 'python']
[0.414s] Level 1:colcon.colcon_core.package_identification:_identify(.) by extension 'cmake'
[0.414s] Level 1:colcon.colcon_core.package_identification:_identify(.) by extension 'python'
[0.427s] Level 1:colcon.colcon_core.package_identification:_identify(.) by extensions ['python_setup_py']
[0.430s] Level 1:colcon.colcon_core.package_identification:_identify(.) by extension 'python_setup_py'
[0.431s] Level 1:colcon.colcon_core.package_identification:_identify(build) by extensions ['ignore', 'ignore_ament_install']
[0.432s] Level 1:colcon.colcon_core.package_identification:_identify(build) by extension 'ignore'
[0.433s] Level 1:colcon.colcon_core.package_identification:_identify(build) ignored
[0.436s] Level 1:colcon.colcon_core.package_identification:_identify(install) by extensions ['ignore', 'ignore_ament_install']
[0.438s] Level 1:colcon.colcon_core.package_identification:_identify(install) by extension 'ignore'
[0.440s] Level 1:colcon.colcon_core.package_identification:_identify(install) ignored
[0.443s] Level 1:colcon.colcon_core.package_identification:_identify(log) by extensions ['ignore', 'ignore_ament_install']
[0.444s] Level 1:colcon.colcon_core.package_identification:_identify(log) by extension 'ignore'
[0.451s] Level 1:colcon.colcon_core.package_identification:_identify(log) ignored
[0.452s] Level 1:colcon.colcon_core.package_identification:_identify(pkg-stage) by extensions ['ignore', 'ignore_ament_install']
[0.453s] Level 1:colcon.colcon_core.package_identification:_identify(pkg-stage) by extension 'ignore'
[0.455s] Level 1:colcon.colcon_core.package_identification:_identify(pkg-stage) by extension 'ignore_ament_install'
[0.456s] Level 1:colcon.colcon_core.package_identification:_identify(pkg-stage) by extensions ['colcon_pkg']
[0.458s] Level 1:colcon.colcon_core.package_identification:_identify(pkg-stage) by extension 'colcon_pkg'
[0.459s] Level 1:colcon.colcon_core.package_identification:_identify(pkg-stage) by extensions ['colcon_meta']
[0.461s] Level 1:colcon.colcon_core.package_identification:_identify(pkg-stage) by extension 'colcon_meta'
[0.463s] Level 1:colcon.colcon_core.package_identification:_identify(pkg-stage) by extensions ['ros']
[0.464s] Level 1:colcon.colcon_core.package_identification:_identify(pkg-stage) by extension 'ros'
[0.474s] Level 1:colcon.colcon_core.package_identification:_identify(pkg-stage) by extensions ['cmake', 'python']
[0.481s] Level 1:colcon.colcon_core.package_identification:_identify(pkg-stage) by extension 'cmake'
[0.483s] Level 1:colcon.colcon_core.package_identification:_identify(pkg-stage) by extension 'python'
[0.485s] Level 1:colcon.colcon_core.package_identification:_identify(pkg-stage) by extensions ['python_setup_py']
[0.488s] Level 1:colcon.colcon_core.package_identification:_identify(pkg-stage) by extension 'python_setup_py'
[0.495s] Level 1:colcon.colcon_core.package_identification:_identify(pkg-stage/Stage) by extensions ['ignore', 'ignore_ament_install']
[0.496s] Level 1:colcon.colcon_core.package_identification:_identify(pkg-stage/Stage) by extension 'ignore'
[0.501s] Level 1:colcon.colcon_core.package_identification:_identify(pkg-stage/Stage) by extension 'ignore_ament_install'
[0.503s] Level 1:colcon.colcon_core.package_identification:_identify(pkg-stage/Stage) by extensions ['colcon_pkg']
[0.505s] Level 1:colcon.colcon_core.package_identification:_identify(pkg-stage/Stage) by extension 'colcon_pkg'
[0.505s] Level 1:colcon.colcon_core.package_identification:_identify(pkg-stage/Stage) by extensions ['colcon_meta']
[0.513s] Level 1:colcon.colcon_core.package_identification:_identify(pkg-stage/Stage) by extension 'colcon_meta'
[0.515s] Level 1:colcon.colcon_core.package_identification:_identify(pkg-stage/Stage) by extensions ['ros']
[0.517s] Level 1:colcon.colcon_core.package_identification:_identify(pkg-stage/Stage) by extension 'ros'
[0.519s] Level 1:colcon.colcon_core.package_identification:_identify(pkg-stage/Stage) by extensions ['cmake', 'python']
[0.522s] Level 1:colcon.colcon_core.package_identification:_identify(pkg-stage/Stage) by extension 'cmake'
[0.611s] Level 1:colcon.colcon_core.package_identification:_identify(pkg-stage/Stage) by extension 'python'
[0.611s] DEBUG:colcon.colcon_core.package_identification:Package 'pkg-stage/Stage' with type 'cmake' and name 'Stage'
[0.613s] Level 1:colcon.colcon_core.package_identification:_identify(pkg-stage/stage_ros2) by extensions ['ignore', 'ignore_ament_install']
[0.615s] Level 1:colcon.colcon_core.package_identification:_identify(pkg-stage/stage_ros2) by extension 'ignore'
[0.617s] Level 1:colcon.colcon_core.package_identification:_identify(pkg-stage/stage_ros2) by extension 'ignore_ament_install'
[0.619s] Level 1:colcon.colcon_core.package_identification:_identify(pkg-stage/stage_ros2) by extensions ['colcon_pkg']
[0.621s] Level 1:colcon.colcon_core.package_identification:_identify(pkg-stage/stage_ros2) by extension 'colcon_pkg'
[0.621s] Level 1:colcon.colcon_core.package_identification:_identify(pkg-stage/stage_ros2) by extensions ['colcon_meta']
[0.634s] Level 1:colcon.colcon_core.package_identification:_identify(pkg-stage/stage_ros2) by extension 'colcon_meta'
[0.636s] Level 1:colcon.colcon_core.package_identification:_identify(pkg-stage/stage_ros2) by extensions ['ros']
[0.640s] Level 1:colcon.colcon_core.package_identification:_identify(pkg-stage/stage_ros2) by extension 'ros'
[0.651s] DEBUG:colcon.colcon_core.package_identification:Package 'pkg-stage/stage_ros2' with type 'ros.ament_cmake' and name 'stage_ros2'
[0.652s] Level 1:colcon.colcon_core.package_identification:_identify(pkg-tsim) by extensions ['ignore', 'ignore_ament_install']
[0.655s] Level 1:colcon.colcon_core.package_identification:_identify(pkg-tsim) by extension 'ignore'
[0.657s] Level 1:colcon.colcon_core.package_identification:_identify(pkg-tsim) by extension 'ignore_ament_install'
[0.658s] Level 1:colcon.colcon_core.package_identification:_identify(pkg-tsim) by extensions ['colcon_pkg']
[0.666s] Level 1:colcon.colcon_core.package_identification:_identify(pkg-tsim) by extension 'colcon_pkg'
[0.666s] Level 1:colcon.colcon_core.package_identification:_identify(pkg-tsim) by extensions ['colcon_meta']
[0.671s] Level 1:colcon.colcon_core.package_identification:_identify(pkg-tsim) by extension 'colcon_meta'
[0.673s] Level 1:colcon.colcon_core.package_identification:_identify(pkg-tsim) by extensions ['ros']
[0.674s] Level 1:colcon.colcon_core.package_identification:_identify(pkg-tsim) by extension 'ros'
[0.675s] Level 1:colcon.colcon_core.package_identification:_identify(pkg-tsim) by extensions ['cmake', 'python']
[0.677s] Level 1:colcon.colcon_core.package_identification:_identify(pkg-tsim) by extension 'cmake'
[0.677s] Level 1:colcon.colcon_core.package_identification:_identify(pkg-tsim) by extension 'python'
[0.679s] Level 1:colcon.colcon_core.package_identification:_identify(pkg-tsim) by extensions ['python_setup_py']
[0.679s] Level 1:colcon.colcon_core.package_identification:_identify(pkg-tsim) by extension 'python_setup_py'
[0.687s] Level 1:colcon.colcon_core.package_identification:_identify(pkg-tsim/tbot_sim) by extensions ['ignore', 'ignore_ament_install']
[0.690s] Level 1:colcon.colcon_core.package_identification:_identify(pkg-tsim/tbot_sim) by extension 'ignore'
[0.698s] Level 1:colcon.colcon_core.package_identification:_identify(pkg-tsim/tbot_sim) by extension 'ignore_ament_install'
[0.705s] Level 1:colcon.colcon_core.package_identification:_identify(pkg-tsim/tbot_sim) by extensions ['colcon_pkg']
[0.707s] Level 1:colcon.colcon_core.package_identification:_identify(pkg-tsim/tbot_sim) by extension 'colcon_pkg'
[0.707s] Level 1:colcon.colcon_core.package_identification:_identify(pkg-tsim/tbot_sim) by extensions ['colcon_meta']
[0.709s] Level 1:colcon.colcon_core.package_identification:_identify(pkg-tsim/tbot_sim) by extension 'colcon_meta'
[0.709s] Level 1:colcon.colcon_core.package_identification:_identify(pkg-tsim/tbot_sim) by extensions ['ros']
[0.711s] Level 1:colcon.colcon_core.package_identification:_identify(pkg-tsim/tbot_sim) by extension 'ros'
[0.717s] DEBUG:colcon.colcon_core.package_identification:Package 'pkg-tsim/tbot_sim' with type 'ros.ament_cmake' and name 'tbot_sim'
[0.717s] Level 1:colcon.colcon_core.package_identification:_identify(playground) by extensions ['ignore', 'ignore_ament_install']
[0.724s] Level 1:colcon.colcon_core.package_identification:_identify(playground) by extension 'ignore'
[0.731s] Level 1:colcon.colcon_core.package_identification:_identify(playground) by extension 'ignore_ament_install'
[0.733s] Level 1:colcon.colcon_core.package_identification:_identify(playground) by extensions ['colcon_pkg']
[0.741s] Level 1:colcon.colcon_core.package_identification:_identify(playground) by extension 'colcon_pkg'
[0.748s] Level 1:colcon.colcon_core.package_identification:_identify(playground) by extensions ['colcon_meta']
[0.755s] Level 1:colcon.colcon_core.package_identification:_identify(playground) by extension 'colcon_meta'
[0.758s] Level 1:colcon.colcon_core.package_identification:_identify(playground) by extensions ['ros']
[0.766s] Level 1:colcon.colcon_core.package_identification:_identify(playground) by extension 'ros'
[0.782s] Level 1:colcon.colcon_core.package_identification:_identify(playground) by extensions ['cmake', 'python']
[0.784s] Level 1:colcon.colcon_core.package_identification:_identify(playground) by extension 'cmake'
[0.785s] Level 1:colcon.colcon_core.package_identification:_identify(playground) by extension 'python'
[0.797s] Level 1:colcon.colcon_core.package_identification:_identify(playground) by extensions ['python_setup_py']
[0.804s] Level 1:colcon.colcon_core.package_identification:_identify(playground) by extension 'python_setup_py'
[0.807s] Level 1:colcon.colcon_core.package_identification:_identify(tutorial_pkg) by extensions ['ignore', 'ignore_ament_install']
[0.808s] Level 1:colcon.colcon_core.package_identification:_identify(tutorial_pkg) by extension 'ignore'
[0.810s] Level 1:colcon.colcon_core.package_identification:_identify(tutorial_pkg) by extension 'ignore_ament_install'
[0.812s] Level 1:colcon.colcon_core.package_identification:_identify(tutorial_pkg) by extensions ['colcon_pkg']
[0.815s] Level 1:colcon.colcon_core.package_identification:_identify(tutorial_pkg) by extension 'colcon_pkg'
[0.823s] Level 1:colcon.colcon_core.package_identification:_identify(tutorial_pkg) by extensions ['colcon_meta']
[0.825s] Level 1:colcon.colcon_core.package_identification:_identify(tutorial_pkg) by extension 'colcon_meta'
[0.825s] Level 1:colcon.colcon_core.package_identification:_identify(tutorial_pkg) by extensions ['ros']
[0.826s] Level 1:colcon.colcon_core.package_identification:_identify(tutorial_pkg) by extension 'ros'
[0.832s] DEBUG:colcon.colcon_core.package_identification:Package 'tutorial_pkg' with type 'ros.ament_cmake' and name 'tutorial_pkg'
[0.834s] Level 1:colcon.colcon_core.package_discovery:discover_packages(recursive) using defaults
[0.834s] Level 1:colcon.colcon_core.package_discovery:discover_packages(ignore) discover
[0.838s] Level 1:colcon.colcon_core.package_discovery:discover_packages(ignore) using defaults
[0.838s] Level 1:colcon.colcon_core.package_discovery:discover_packages(path) discover
[0.840s] Level 1:colcon.colcon_core.package_discovery:discover_packages(path) using defaults
[0.898s] Level 1:colcon.colcon_core.package_discovery:discover_packages(prefix_path) check parameters
[0.898s] Level 1:colcon.colcon_core.package_discovery:discover_packages(prefix_path) discover
[0.920s] DEBUG:colcon.colcon_installed_package_information.package_discovery:Found 3 installed packages in /home/imtne.local/leo.chouippe/ros_space/install
[0.928s] DEBUG:colcon.colcon_installed_package_information.package_discovery:Found 1 installed packages in /home/imtne.local/leo.chouippe/install
[0.954s] DEBUG:colcon.colcon_installed_package_information.package_discovery:Found 372 installed packages in /opt/ros/iron
[0.961s] Level 1:colcon.colcon_core.package_discovery:discover_packages(prefix_path) using defaults
[1.034s] Level 5:colcon.colcon_core.verb:set package 'Stage' build argument 'cmake_args' from command line to 'None'
[1.034s] Level 5:colcon.colcon_core.verb:set package 'Stage' build argument 'cmake_target' from command line to 'None'
[1.034s] Level 5:colcon.colcon_core.verb:set package 'Stage' build argument 'cmake_target_skip_unavailable' from command line to 'False'
[1.034s] Level 5:colcon.colcon_core.verb:set package 'Stage' build argument 'cmake_clean_cache' from command line to 'False'
[1.034s] Level 5:colcon.colcon_core.verb:set package 'Stage' build argument 'cmake_clean_first' from command line to 'False'
[1.034s] Level 5:colcon.colcon_core.verb:set package 'Stage' build argument 'cmake_force_configure' from command line to 'False'
[1.036s] Level 5:colcon.colcon_core.verb:set package 'Stage' build argument 'ament_cmake_args' from command line to 'None'
[1.036s] Level 5:colcon.colcon_core.verb:set package 'Stage' build argument 'catkin_cmake_args' from command line to 'None'
[1.051s] Level 5:colcon.colcon_core.verb:set package 'Stage' build argument 'catkin_skip_building_tests' from command line to 'False'
[1.069s] DEBUG:colcon.colcon_core.verb:Building package 'Stage' with the following arguments: {'ament_cmake_args': None, 'build_base': '/home/imtne.local/leo.chouippe/ros_space/build/Stage', 'catkin_cmake_args': None, 'catkin_skip_building_tests': False, 'cmake_args': None, 'cmake_clean_cache': False, 'cmake_clean_first': False, 'cmake_force_configure': False, 'cmake_target': None, 'cmake_target_skip_unavailable': False, 'install_base': '/home/imtne.local/leo.chouippe/ros_space/install/Stage', 'merge_install': False, 'path': '/home/imtne.local/leo.chouippe/ros_space/pkg-stage/Stage', 'symlink_install': False, 'test_result_base': None}
[1.073s] Level 5:colcon.colcon_core.verb:set package 'tbot_sim' build argument 'cmake_args' from command line to 'None'
[1.074s] Level 5:colcon.colcon_core.verb:set package 'tbot_sim' build argument 'cmake_target' from command line to 'None'
[1.074s] Level 5:colcon.colcon_core.verb:set package 'tbot_sim' build argument 'cmake_target_skip_unavailable' from command line to 'False'
[1.076s] Level 5:colcon.colcon_core.verb:set package 'tbot_sim' build argument 'cmake_clean_cache' from command line to 'False'
[1.078s] Level 5:colcon.colcon_core.verb:set package 'tbot_sim' build argument 'cmake_clean_first' from command line to 'False'
[1.078s] Level 5:colcon.colcon_core.verb:set package 'tbot_sim' build argument 'cmake_force_configure' from command line to 'False'
[1.080s] Level 5:colcon.colcon_core.verb:set package 'tbot_sim' build argument 'ament_cmake_args' from command line to 'None'
[1.081s] Level 5:colcon.colcon_core.verb:set package 'tbot_sim' build argument 'catkin_cmake_args' from command line to 'None'
[1.081s] Level 5:colcon.colcon_core.verb:set package 'tbot_sim' build argument 'catkin_skip_building_tests' from command line to 'False'
[1.089s] DEBUG:colcon.colcon_core.verb:Building package 'tbot_sim' with the following arguments: {'ament_cmake_args': None, 'build_base': '/home/imtne.local/leo.chouippe/ros_space/build/tbot_sim', 'catkin_cmake_args': None, 'catkin_skip_building_tests': False, 'cmake_args': None, 'cmake_clean_cache': False, 'cmake_clean_first': False, 'cmake_force_configure': False, 'cmake_target': None, 'cmake_target_skip_unavailable': False, 'install_base': '/home/imtne.local/leo.chouippe/ros_space/install/tbot_sim', 'merge_install': False, 'path': '/home/imtne.local/leo.chouippe/ros_space/pkg-tsim/tbot_sim', 'symlink_install': False, 'test_result_base': None}
[1.095s] Level 5:colcon.colcon_core.verb:set package 'tutorial_pkg' build argument 'cmake_args' from command line to 'None'
[1.106s] Level 5:colcon.colcon_core.verb:set package 'tutorial_pkg' build argument 'cmake_target' from command line to 'None'
[1.106s] Level 5:colcon.colcon_core.verb:set package 'tutorial_pkg' build argument 'cmake_target_skip_unavailable' from command line to 'False'
[1.108s] Level 5:colcon.colcon_core.verb:set package 'tutorial_pkg' build argument 'cmake_clean_cache' from command line to 'False'
[1.108s] Level 5:colcon.colcon_core.verb:set package 'tutorial_pkg' build argument 'cmake_clean_first' from command line to 'False'
[1.111s] Level 5:colcon.colcon_core.verb:set package 'tutorial_pkg' build argument 'cmake_force_configure' from command line to 'False'
[1.111s] Level 5:colcon.colcon_core.verb:set package 'tutorial_pkg' build argument 'ament_cmake_args' from command line to 'None'
[1.113s] Level 5:colcon.colcon_core.verb:set package 'tutorial_pkg' build argument 'catkin_cmake_args' from command line to 'None'
[1.113s] Level 5:colcon.colcon_core.verb:set package 'tutorial_pkg' build argument 'catkin_skip_building_tests' from command line to 'False'
[1.113s] DEBUG:colcon.colcon_core.verb:Building package 'tutorial_pkg' with the following arguments: {'ament_cmake_args': None, 'build_base': '/home/imtne.local/leo.chouippe/ros_space/build/tutorial_pkg', 'catkin_cmake_args': None, 'catkin_skip_building_tests': False, 'cmake_args': None, 'cmake_clean_cache': False, 'cmake_clean_first': False, 'cmake_force_configure': False, 'cmake_target': None, 'cmake_target_skip_unavailable': False, 'install_base': '/home/imtne.local/leo.chouippe/ros_space/install/tutorial_pkg', 'merge_install': False, 'path': '/home/imtne.local/leo.chouippe/ros_space/tutorial_pkg', 'symlink_install': False, 'test_result_base': None}
[1.117s] Level 5:colcon.colcon_core.verb:set package 'stage_ros2' build argument 'cmake_args' from command line to 'None'
[1.123s] Level 5:colcon.colcon_core.verb:set package 'stage_ros2' build argument 'cmake_target' from command line to 'None'
[1.125s] Level 5:colcon.colcon_core.verb:set package 'stage_ros2' build argument 'cmake_target_skip_unavailable' from command line to 'False'
[1.131s] Level 5:colcon.colcon_core.verb:set package 'stage_ros2' build argument 'cmake_clean_cache' from command line to 'False'
[1.135s] Level 5:colcon.colcon_core.verb:set package 'stage_ros2' build argument 'cmake_clean_first' from command line to 'False'
[1.137s] Level 5:colcon.colcon_core.verb:set package 'stage_ros2' build argument 'cmake_force_configure' from command line to 'False'
[1.139s] Level 5:colcon.colcon_core.verb:set package 'stage_ros2' build argument 'ament_cmake_args' from command line to 'None'
[1.141s] Level 5:colcon.colcon_core.verb:set package 'stage_ros2' build argument 'catkin_cmake_args' from command line to 'None'
[1.143s] Level 5:colcon.colcon_core.verb:set package 'stage_ros2' build argument 'catkin_skip_building_tests' from command line to 'False'
[1.143s] DEBUG:colcon.colcon_core.verb:Building package 'stage_ros2' with the following arguments: {'ament_cmake_args': None, 'build_base': '/home/imtne.local/leo.chouippe/ros_space/build/stage_ros2', 'catkin_cmake_args': None, 'catkin_skip_building_tests': False, 'cmake_args': None, 'cmake_clean_cache': False, 'cmake_clean_first': False, 'cmake_force_configure': False, 'cmake_target': None, 'cmake_target_skip_unavailable': False, 'install_base': '/home/imtne.local/leo.chouippe/ros_space/install/stage_ros2', 'merge_install': False, 'path': '/home/imtne.local/leo.chouippe/ros_space/pkg-stage/stage_ros2', 'symlink_install': False, 'test_result_base': None}
[1.145s] INFO:colcon.colcon_core.executor:Executing jobs using 'parallel' executor
[1.160s] DEBUG:colcon.colcon_parallel_executor.executor.parallel:run_until_complete
[1.161s] INFO:colcon.colcon_cmake.task.cmake.build:Building CMake package in '/home/imtne.local/leo.chouippe/ros_space/pkg-stage/Stage'
[1.175s] INFO:colcon.colcon_core.plugin_system:Skipping extension 'colcon_core.shell.bat': Not used on non-Windows systems
[1.176s] INFO:colcon.colcon_core.shell:Skip shell extension 'powershell' for command environment: Not usable outside of PowerShell
[1.178s] DEBUG:colcon.colcon_core.shell:Skip shell extension 'dsv' for command environment
[1.209s] INFO:colcon.colcon_ros.task.ament_cmake.build:Building ROS package in '/home/imtne.local/leo.chouippe/ros_space/pkg-tsim/tbot_sim' with build type 'ament_cmake'
[1.209s] INFO:colcon.colcon_cmake.task.cmake.build:Building CMake package in '/home/imtne.local/leo.chouippe/ros_space/pkg-tsim/tbot_sim'
[1.215s] INFO:colcon.colcon_core.shell:Skip shell extension 'powershell' for command environment: Not usable outside of PowerShell
[1.215s] DEBUG:colcon.colcon_core.shell:Skip shell extension 'dsv' for command environment
[1.275s] INFO:colcon.colcon_ros.task.ament_cmake.build:Building ROS package in '/home/imtne.local/leo.chouippe/ros_space/tutorial_pkg' with build type 'ament_cmake'
[1.275s] INFO:colcon.colcon_cmake.task.cmake.build:Building CMake package in '/home/imtne.local/leo.chouippe/ros_space/tutorial_pkg'
[1.284s] INFO:colcon.colcon_core.shell:Skip shell extension 'powershell' for command environment: Not usable outside of PowerShell
[1.285s] DEBUG:colcon.colcon_core.shell:Skip shell extension 'dsv' for command environment
[1.400s] DEBUG:colcon.colcon_core.event_handler.log_command:Invoking command in '/home/imtne.local/leo.chouippe/ros_space/build/Stage': /usr/bin/cmake --build /home/imtne.local/leo.chouippe/ros_space/build/Stage -- -j12 -l12
[1.445s] DEBUG:colcon.colcon_core.event_handler.log_command:Invoking command in '/home/imtne.local/leo.chouippe/ros_space/build/tbot_sim': CMAKE_PREFIX_PATH=${CMAKE_PREFIX_PATH}:/opt/ros/iron /usr/bin/cmake --build /home/imtne.local/leo.chouippe/ros_space/build/tbot_sim -- -j12 -l12
[1.491s] DEBUG:colcon.colcon_core.event_handler.log_command:Invoking command in '/home/imtne.local/leo.chouippe/ros_space/build/tutorial_pkg': CMAKE_PREFIX_PATH=${CMAKE_PREFIX_PATH}:/opt/ros/iron /usr/bin/cmake --build /home/imtne.local/leo.chouippe/ros_space/build/tutorial_pkg -- -j12 -l12
[1.492s] DEBUG:colcon.colcon_core.event_handler.log_command:Invoked command in '/home/imtne.local/leo.chouippe/ros_space/build/tbot_sim' returned '0': CMAKE_PREFIX_PATH=${CMAKE_PREFIX_PATH}:/opt/ros/iron /usr/bin/cmake --build /home/imtne.local/leo.chouippe/ros_space/build/tbot_sim -- -j12 -l12
[1.596s] DEBUG:colcon.colcon_core.event_handler.log_command:Invoking command in '/home/imtne.local/leo.chouippe/ros_space/build/tbot_sim': CMAKE_PREFIX_PATH=${CMAKE_PREFIX_PATH}:/opt/ros/iron /usr/bin/cmake --install /home/imtne.local/leo.chouippe/ros_space/build/tbot_sim
[2.578s] DEBUG:colcon.colcon_core.event_handler.log_command:Invoked command in '/home/imtne.local/leo.chouippe/ros_space/build/Stage' returned '0': /usr/bin/cmake --build /home/imtne.local/leo.chouippe/ros_space/build/Stage -- -j12 -l12
[2.743s] DEBUG:colcon.colcon_core.event_handler.log_command:Invoking command in '/home/imtne.local/leo.chouippe/ros_space/build/Stage': /usr/bin/cmake --install /home/imtne.local/leo.chouippe/ros_space/build/Stage
[3.040s] Level 1:colcon.colcon_core.environment:create_environment_scripts_only(tbot_sim)
[3.049s] Level 1:colcon.colcon_core.environment:checking '/home/imtne.local/leo.chouippe/ros_space/install/tbot_sim' for CMake module files
[3.056s] Level 1:colcon.colcon_core.environment:checking '/home/imtne.local/leo.chouippe/ros_space/install/tbot_sim' for CMake config files
[3.074s] DEBUG:colcon.colcon_core.event_handler.log_command:Invoked command in '/home/imtne.local/leo.chouippe/ros_space/build/tutorial_pkg' returned '0': CMAKE_PREFIX_PATH=${CMAKE_PREFIX_PATH}:/opt/ros/iron /usr/bin/cmake --build /home/imtne.local/leo.chouippe/ros_space/build/tutorial_pkg -- -j12 -l12
[3.075s] DEBUG:colcon.colcon_core.event_handler.log_command:Invoked command in '/home/imtne.local/leo.chouippe/ros_space/build/tbot_sim' returned '0': CMAKE_PREFIX_PATH=${CMAKE_PREFIX_PATH}:/opt/ros/iron /usr/bin/cmake --install /home/imtne.local/leo.chouippe/ros_space/build/tbot_sim
[3.115s] Level 1:colcon.colcon_core.shell:create_environment_hook('tbot_sim', 'cmake_prefix_path')
[3.115s] INFO:colcon.colcon_core.shell:Creating environment hook '/home/imtne.local/leo.chouippe/ros_space/install/tbot_sim/share/tbot_sim/hook/cmake_prefix_path.ps1'
[3.140s] INFO:colcon.colcon_core.shell:Creating environment descriptor '/home/imtne.local/leo.chouippe/ros_space/install/tbot_sim/share/tbot_sim/hook/cmake_prefix_path.dsv'
[3.156s] INFO:colcon.colcon_core.shell:Creating environment hook '/home/imtne.local/leo.chouippe/ros_space/install/tbot_sim/share/tbot_sim/hook/cmake_prefix_path.sh'
[3.174s] Level 1:colcon.colcon_core.environment:checking '/home/imtne.local/leo.chouippe/ros_space/install/tbot_sim/bin'
[3.175s] Level 1:colcon.colcon_core.environment:checking '/home/imtne.local/leo.chouippe/ros_space/install/tbot_sim/lib/pkgconfig/tbot_sim.pc'
[3.176s] Level 1:colcon.colcon_core.environment:checking '/home/imtne.local/leo.chouippe/ros_space/install/tbot_sim/lib/python3.10/site-packages'
[3.177s] Level 1:colcon.colcon_core.environment:checking '/home/imtne.local/leo.chouippe/ros_space/install/tbot_sim/bin'
[3.178s] INFO:colcon.colcon_core.shell:Creating package script '/home/imtne.local/leo.chouippe/ros_space/install/tbot_sim/share/tbot_sim/package.ps1'
[3.190s] INFO:colcon.colcon_core.shell:Creating package descriptor '/home/imtne.local/leo.chouippe/ros_space/install/tbot_sim/share/tbot_sim/package.dsv'
[3.208s] INFO:colcon.colcon_core.shell:Creating package script '/home/imtne.local/leo.chouippe/ros_space/install/tbot_sim/share/tbot_sim/package.sh'
[3.227s] INFO:colcon.colcon_core.shell:Creating package script '/home/imtne.local/leo.chouippe/ros_space/install/tbot_sim/share/tbot_sim/package.bash'
[3.240s] INFO:colcon.colcon_core.shell:Creating package script '/home/imtne.local/leo.chouippe/ros_space/install/tbot_sim/share/tbot_sim/package.zsh'
[3.257s] Level 1:colcon.colcon_core.environment:create_file_with_runtime_dependencies(/home/imtne.local/leo.chouippe/ros_space/install/tbot_sim/share/colcon-core/packages/tbot_sim)
[3.364s] Level 1:colcon.colcon_core.environment:create_environment_scripts_only(tbot_sim)
[3.365s] Level 1:colcon.colcon_core.environment:checking '/home/imtne.local/leo.chouippe/ros_space/install/tbot_sim' for CMake module files
[3.368s] Level 1:colcon.colcon_core.environment:checking '/home/imtne.local/leo.chouippe/ros_space/install/tbot_sim' for CMake config files
[3.369s] DEBUG:colcon.colcon_core.event_handler.log_command:Invoking command in '/home/imtne.local/leo.chouippe/ros_space/build/tutorial_pkg': CMAKE_PREFIX_PATH=${CMAKE_PREFIX_PATH}:/opt/ros/iron /usr/bin/cmake --install /home/imtne.local/leo.chouippe/ros_space/build/tutorial_pkg
[3.396s] Level 1:colcon.colcon_core.shell:create_environment_hook('tbot_sim', 'cmake_prefix_path')
[3.396s] INFO:colcon.colcon_core.shell:Creating environment hook '/home/imtne.local/leo.chouippe/ros_space/install/tbot_sim/share/tbot_sim/hook/cmake_prefix_path.ps1'
[3.411s] INFO:colcon.colcon_core.shell:Creating environment descriptor '/home/imtne.local/leo.chouippe/ros_space/install/tbot_sim/share/tbot_sim/hook/cmake_prefix_path.dsv'
[3.416s] INFO:colcon.colcon_core.shell:Creating environment hook '/home/imtne.local/leo.chouippe/ros_space/install/tbot_sim/share/tbot_sim/hook/cmake_prefix_path.sh'
[3.428s] Level 1:colcon.colcon_core.environment:checking '/home/imtne.local/leo.chouippe/ros_space/install/tbot_sim/bin'
[3.428s] Level 1:colcon.colcon_core.environment:checking '/home/imtne.local/leo.chouippe/ros_space/install/tbot_sim/lib/pkgconfig/tbot_sim.pc'
[3.429s] Level 1:colcon.colcon_core.environment:checking '/home/imtne.local/leo.chouippe/ros_space/install/tbot_sim/lib/python3.10/site-packages'
[3.429s] Level 1:colcon.colcon_core.environment:checking '/home/imtne.local/leo.chouippe/ros_space/install/tbot_sim/bin'
[3.429s] INFO:colcon.colcon_core.shell:Creating package script '/home/imtne.local/leo.chouippe/ros_space/install/tbot_sim/share/tbot_sim/package.ps1'
[3.444s] INFO:colcon.colcon_core.shell:Creating package descriptor '/home/imtne.local/leo.chouippe/ros_space/install/tbot_sim/share/tbot_sim/package.dsv'
[3.454s] INFO:colcon.colcon_core.shell:Creating package script '/home/imtne.local/leo.chouippe/ros_space/install/tbot_sim/share/tbot_sim/package.sh'
[3.459s] INFO:colcon.colcon_core.shell:Creating package script '/home/imtne.local/leo.chouippe/ros_space/install/tbot_sim/share/tbot_sim/package.bash'
[3.472s] INFO:colcon.colcon_core.shell:Creating package script '/home/imtne.local/leo.chouippe/ros_space/install/tbot_sim/share/tbot_sim/package.zsh'
[3.502s] Level 1:colcon.colcon_core.environment:create_file_with_runtime_dependencies(/home/imtne.local/leo.chouippe/ros_space/install/tbot_sim/share/colcon-core/packages/tbot_sim)
[3.592s] Level 1:colcon.colcon_core.environment:create_environment_scripts_only(Stage)
[3.592s] DEBUG:colcon.colcon_core.event_handler.log_command:Invoked command in '/home/imtne.local/leo.chouippe/ros_space/build/Stage' returned '0': /usr/bin/cmake --install /home/imtne.local/leo.chouippe/ros_space/build/Stage
[3.592s] Level 1:colcon.colcon_core.environment:checking '/home/imtne.local/leo.chouippe/ros_space/install/Stage' for CMake module files
[3.618s] Level 1:colcon.colcon_core.environment:checking '/home/imtne.local/leo.chouippe/ros_space/install/Stage' for CMake config files
[3.620s] Level 1:colcon.colcon_core.shell:create_environment_hook('Stage', 'cmake_prefix_path')
[3.621s] INFO:colcon.colcon_core.shell:Creating environment hook '/home/imtne.local/leo.chouippe/ros_space/install/Stage/share/Stage/hook/cmake_prefix_path.ps1'
[3.642s] INFO:colcon.colcon_core.shell:Creating environment descriptor '/home/imtne.local/leo.chouippe/ros_space/install/Stage/share/Stage/hook/cmake_prefix_path.dsv'
[3.649s] INFO:colcon.colcon_core.shell:Creating environment hook '/home/imtne.local/leo.chouippe/ros_space/install/Stage/share/Stage/hook/cmake_prefix_path.sh'
[3.655s] Level 1:colcon.colcon_core.environment:checking '/home/imtne.local/leo.chouippe/ros_space/install/Stage/lib'
[3.656s] Level 1:colcon.colcon_core.shell:create_environment_hook('Stage', 'ld_library_path_lib')
[3.656s] INFO:colcon.colcon_core.shell:Creating environment hook '/home/imtne.local/leo.chouippe/ros_space/install/Stage/share/Stage/hook/ld_library_path_lib.ps1'
[3.667s] INFO:colcon.colcon_core.shell:Creating environment descriptor '/home/imtne.local/leo.chouippe/ros_space/install/Stage/share/Stage/hook/ld_library_path_lib.dsv'
[3.681s] INFO:colcon.colcon_core.shell:Creating environment hook '/home/imtne.local/leo.chouippe/ros_space/install/Stage/share/Stage/hook/ld_library_path_lib.sh'
[3.688s] Level 1:colcon.colcon_core.environment:checking '/home/imtne.local/leo.chouippe/ros_space/install/Stage/bin'
[3.689s] Level 1:colcon.colcon_core.shell:create_environment_hook('Stage', 'path')
[3.690s] INFO:colcon.colcon_core.shell:Creating environment hook '/home/imtne.local/leo.chouippe/ros_space/install/Stage/share/Stage/hook/path.ps1'
[3.698s] INFO:colcon.colcon_core.shell:Creating environment descriptor '/home/imtne.local/leo.chouippe/ros_space/install/Stage/share/Stage/hook/path.dsv'
[3.712s] INFO:colcon.colcon_core.shell:Creating environment hook '/home/imtne.local/leo.chouippe/ros_space/install/Stage/share/Stage/hook/path.sh'
[3.725s] Level 1:colcon.colcon_core.environment:checking '/home/imtne.local/leo.chouippe/ros_space/install/Stage/lib/pkgconfig/Stage.pc'
[3.726s] Level 1:colcon.colcon_core.environment:checking '/home/imtne.local/leo.chouippe/ros_space/install/Stage/lib/python3.10/site-packages'
[3.726s] Level 1:colcon.colcon_core.environment:checking '/home/imtne.local/leo.chouippe/ros_space/install/Stage/bin'
[3.728s] Level 1:colcon.colcon_core.shell:create_environment_hook('Stage', 'pythonscriptspath')
[3.731s] INFO:colcon.colcon_core.shell:Creating environment hook '/home/imtne.local/leo.chouippe/ros_space/install/Stage/share/Stage/hook/pythonscriptspath.ps1'
[3.744s] INFO:colcon.colcon_core.shell:Creating environment descriptor '/home/imtne.local/leo.chouippe/ros_space/install/Stage/share/Stage/hook/pythonscriptspath.dsv'
[3.761s] INFO:colcon.colcon_core.shell:Creating environment hook '/home/imtne.local/leo.chouippe/ros_space/install/Stage/share/Stage/hook/pythonscriptspath.sh'
[3.769s] INFO:colcon.colcon_core.shell:Creating package script '/home/imtne.local/leo.chouippe/ros_space/install/Stage/share/Stage/package.ps1'
[3.797s] INFO:colcon.colcon_core.shell:Creating package descriptor '/home/imtne.local/leo.chouippe/ros_space/install/Stage/share/Stage/package.dsv'
[3.809s] INFO:colcon.colcon_core.shell:Creating package script '/home/imtne.local/leo.chouippe/ros_space/install/Stage/share/Stage/package.sh'
[3.815s] INFO:colcon.colcon_core.shell:Creating package script '/home/imtne.local/leo.chouippe/ros_space/install/Stage/share/Stage/package.bash'
[3.821s] INFO:colcon.colcon_core.shell:Creating package script '/home/imtne.local/leo.chouippe/ros_space/install/Stage/share/Stage/package.zsh'
[3.828s] Level 1:colcon.colcon_core.environment:create_file_with_runtime_dependencies(/home/imtne.local/leo.chouippe/ros_space/install/Stage/share/colcon-core/packages/Stage)
[3.843s] INFO:colcon.colcon_ros.task.ament_cmake.build:Building ROS package in '/home/imtne.local/leo.chouippe/ros_space/pkg-stage/stage_ros2' with build type 'ament_cmake'
[3.843s] INFO:colcon.colcon_cmake.task.cmake.build:Building CMake package in '/home/imtne.local/leo.chouippe/ros_space/pkg-stage/stage_ros2'
[3.845s] INFO:colcon.colcon_core.shell:Skip shell extension 'powershell' for command environment: Not usable outside of PowerShell
[3.845s] DEBUG:colcon.colcon_core.shell:Skip shell extension 'dsv' for command environment
[3.904s] Level 1:colcon.colcon_core.environment:create_environment_scripts_only(tutorial_pkg)
[3.906s] Level 1:colcon.colcon_core.environment:checking '/home/imtne.local/leo.chouippe/ros_space/install/tutorial_pkg' for CMake module files
[3.907s] DEBUG:colcon.colcon_core.event_handler.log_command:Invoked command in '/home/imtne.local/leo.chouippe/ros_space/build/tutorial_pkg' returned '0': CMAKE_PREFIX_PATH=${CMAKE_PREFIX_PATH}:/opt/ros/iron /usr/bin/cmake --install /home/imtne.local/leo.chouippe/ros_space/build/tutorial_pkg
[3.912s] Level 1:colcon.colcon_core.environment:checking '/home/imtne.local/leo.chouippe/ros_space/install/tutorial_pkg' for CMake config files
[3.919s] Level 1:colcon.colcon_core.shell:create_environment_hook('tutorial_pkg', 'cmake_prefix_path')
[3.920s] INFO:colcon.colcon_core.shell:Creating environment hook '/home/imtne.local/leo.chouippe/ros_space/install/tutorial_pkg/share/tutorial_pkg/hook/cmake_prefix_path.ps1'
[3.948s] INFO:colcon.colcon_core.shell:Creating environment descriptor '/home/imtne.local/leo.chouippe/ros_space/install/tutorial_pkg/share/tutorial_pkg/hook/cmake_prefix_path.dsv'
[3.961s] INFO:colcon.colcon_core.shell:Creating environment hook '/home/imtne.local/leo.chouippe/ros_space/install/tutorial_pkg/share/tutorial_pkg/hook/cmake_prefix_path.sh'
[3.972s] Level 1:colcon.colcon_core.environment:checking '/home/imtne.local/leo.chouippe/ros_space/install/tutorial_pkg/lib'
[3.974s] Level 1:colcon.colcon_core.environment:checking '/home/imtne.local/leo.chouippe/ros_space/install/tutorial_pkg/bin'
[3.976s] Level 1:colcon.colcon_core.environment:checking '/home/imtne.local/leo.chouippe/ros_space/install/tutorial_pkg/lib/pkgconfig/tutorial_pkg.pc'
[3.976s] Level 1:colcon.colcon_core.environment:checking '/home/imtne.local/leo.chouippe/ros_space/install/tutorial_pkg/lib/python3.10/site-packages'
[3.977s] Level 1:colcon.colcon_core.environment:checking '/home/imtne.local/leo.chouippe/ros_space/install/tutorial_pkg/bin'
[3.977s] INFO:colcon.colcon_core.shell:Creating package script '/home/imtne.local/leo.chouippe/ros_space/install/tutorial_pkg/share/tutorial_pkg/package.ps1'
[3.982s] INFO:colcon.colcon_core.shell:Creating package descriptor '/home/imtne.local/leo.chouippe/ros_space/install/tutorial_pkg/share/tutorial_pkg/package.dsv'
[3.987s] INFO:colcon.colcon_core.shell:Creating package script '/home/imtne.local/leo.chouippe/ros_space/install/tutorial_pkg/share/tutorial_pkg/package.sh'
[3.992s] INFO:colcon.colcon_core.shell:Creating package script '/home/imtne.local/leo.chouippe/ros_space/install/tutorial_pkg/share/tutorial_pkg/package.bash'
[4.002s] INFO:colcon.colcon_core.shell:Creating package script '/home/imtne.local/leo.chouippe/ros_space/install/tutorial_pkg/share/tutorial_pkg/package.zsh'
[4.008s] Level 1:colcon.colcon_core.environment:create_file_with_runtime_dependencies(/home/imtne.local/leo.chouippe/ros_space/install/tutorial_pkg/share/colcon-core/packages/tutorial_pkg)
[4.079s] Level 1:colcon.colcon_core.environment:create_environment_scripts_only(tutorial_pkg)
[4.079s] Level 1:colcon.colcon_core.environment:checking '/home/imtne.local/leo.chouippe/ros_space/install/tutorial_pkg' for CMake module files
[4.084s] DEBUG:colcon.colcon_core.event_handler.log_command:Invoking command in '/home/imtne.local/leo.chouippe/ros_space/build/stage_ros2': CMAKE_PREFIX_PATH=/home/imtne.local/leo.chouippe/ros_space/install/Stage:/home/imtne.local/leo.chouippe/ros_space/install/stage_ros2:/home/imtne.local/leo.chouippe/install/tutorial_pkg:/opt/ros/iron LD_LIBRARY_PATH=/home/imtne.local/leo.chouippe/ros_space/install/Stage/lib:/home/imtne.local/leo.chouippe/ros_space/install/stage_ros2/lib:/usr/lib/x86_64-linux-gnu/gazebo-11/plugins:/opt/ros/iron/opt/rviz_ogre_vendor/lib:/opt/ros/iron/lib/x86_64-linux-gnu:/opt/ros/iron/lib /usr/bin/cmake --build /home/imtne.local/leo.chouippe/ros_space/build/stage_ros2 -- -j12 -l12
[4.173s] Level 1:colcon.colcon_core.environment:checking '/home/imtne.local/leo.chouippe/ros_space/install/tutorial_pkg' for CMake config files
[4.179s] Level 1:colcon.colcon_core.shell:create_environment_hook('tutorial_pkg', 'cmake_prefix_path')
[4.180s] INFO:colcon.colcon_core.shell:Creating environment hook '/home/imtne.local/leo.chouippe/ros_space/install/tutorial_pkg/share/tutorial_pkg/hook/cmake_prefix_path.ps1'
[5.188s] INFO:colcon.colcon_core.shell:Creating environment descriptor '/home/imtne.local/leo.chouippe/ros_space/install/tutorial_pkg/share/tutorial_pkg/hook/cmake_prefix_path.dsv'
[5.217s] INFO:colcon.colcon_core.shell:Creating environment hook '/home/imtne.local/leo.chouippe/ros_space/install/tutorial_pkg/share/tutorial_pkg/hook/cmake_prefix_path.sh'
[5.249s] Level 1:colcon.colcon_core.environment:checking '/home/imtne.local/leo.chouippe/ros_space/install/tutorial_pkg/lib'
[5.249s] Level 1:colcon.colcon_core.environment:checking '/home/imtne.local/leo.chouippe/ros_space/install/tutorial_pkg/bin'
[5.251s] Level 1:colcon.colcon_core.environment:checking '/home/imtne.local/leo.chouippe/ros_space/install/tutorial_pkg/lib/pkgconfig/tutorial_pkg.pc'
[5.254s] Level 1:colcon.colcon_core.environment:checking '/home/imtne.local/leo.chouippe/ros_space/install/tutorial_pkg/lib/python3.10/site-packages'
[5.255s] Level 1:colcon.colcon_core.environment:checking '/home/imtne.local/leo.chouippe/ros_space/install/tutorial_pkg/bin'
[5.265s] INFO:colcon.colcon_core.shell:Creating package script '/home/imtne.local/leo.chouippe/ros_space/install/tutorial_pkg/share/tutorial_pkg/package.ps1'
[5.291s] INFO:colcon.colcon_core.shell:Creating package descriptor '/home/imtne.local/leo.chouippe/ros_space/install/tutorial_pkg/share/tutorial_pkg/package.dsv'
[5.317s] INFO:colcon.colcon_core.shell:Creating package script '/home/imtne.local/leo.chouippe/ros_space/install/tutorial_pkg/share/tutorial_pkg/package.sh'
[5.324s] INFO:colcon.colcon_core.shell:Creating package script '/home/imtne.local/leo.chouippe/ros_space/install/tutorial_pkg/share/tutorial_pkg/package.bash'
[5.336s] INFO:colcon.colcon_core.shell:Creating package script '/home/imtne.local/leo.chouippe/ros_space/install/tutorial_pkg/share/tutorial_pkg/package.zsh'
[5.354s] Level 1:colcon.colcon_core.environment:create_file_with_runtime_dependencies(/home/imtne.local/leo.chouippe/ros_space/install/tutorial_pkg/share/colcon-core/packages/tutorial_pkg)
[5.553s] DEBUG:colcon.colcon_core.event_handler.log_command:Invoked command in '/home/imtne.local/leo.chouippe/ros_space/build/stage_ros2' returned '0': CMAKE_PREFIX_PATH=/home/imtne.local/leo.chouippe/ros_space/install/Stage:/home/imtne.local/leo.chouippe/ros_space/install/stage_ros2:/home/imtne.local/leo.chouippe/install/tutorial_pkg:/opt/ros/iron LD_LIBRARY_PATH=/home/imtne.local/leo.chouippe/ros_space/install/Stage/lib:/home/imtne.local/leo.chouippe/ros_space/install/stage_ros2/lib:/usr/lib/x86_64-linux-gnu/gazebo-11/plugins:/opt/ros/iron/opt/rviz_ogre_vendor/lib:/opt/ros/iron/lib/x86_64-linux-gnu:/opt/ros/iron/lib /usr/bin/cmake --build /home/imtne.local/leo.chouippe/ros_space/build/stage_ros2 -- -j12 -l12
[5.662s] DEBUG:colcon.colcon_core.event_handler.log_command:Invoking command in '/home/imtne.local/leo.chouippe/ros_space/build/stage_ros2': CMAKE_PREFIX_PATH=/home/imtne.local/leo.chouippe/ros_space/install/Stage:/home/imtne.local/leo.chouippe/ros_space/install/stage_ros2:/home/imtne.local/leo.chouippe/install/tutorial_pkg:/opt/ros/iron LD_LIBRARY_PATH=/home/imtne.local/leo.chouippe/ros_space/install/Stage/lib:/home/imtne.local/leo.chouippe/ros_space/install/stage_ros2/lib:/usr/lib/x86_64-linux-gnu/gazebo-11/plugins:/opt/ros/iron/opt/rviz_ogre_vendor/lib:/opt/ros/iron/lib/x86_64-linux-gnu:/opt/ros/iron/lib /usr/bin/cmake --install /home/imtne.local/leo.chouippe/ros_space/build/stage_ros2
[6.108s] Level 1:colcon.colcon_core.environment:create_environment_scripts_only(stage_ros2)
[6.110s] Level 1:colcon.colcon_core.environment:checking '/home/imtne.local/leo.chouippe/ros_space/install/stage_ros2' for CMake module files
[6.111s] DEBUG:colcon.colcon_core.event_handler.log_command:Invoked command in '/home/imtne.local/leo.chouippe/ros_space/build/stage_ros2' returned '0': CMAKE_PREFIX_PATH=/home/imtne.local/leo.chouippe/ros_space/install/Stage:/home/imtne.local/leo.chouippe/ros_space/install/stage_ros2:/home/imtne.local/leo.chouippe/install/tutorial_pkg:/opt/ros/iron LD_LIBRARY_PATH=/home/imtne.local/leo.chouippe/ros_space/install/Stage/lib:/home/imtne.local/leo.chouippe/ros_space/install/stage_ros2/lib:/usr/lib/x86_64-linux-gnu/gazebo-11/plugins:/opt/ros/iron/opt/rviz_ogre_vendor/lib:/opt/ros/iron/lib/x86_64-linux-gnu:/opt/ros/iron/lib /usr/bin/cmake --install /home/imtne.local/leo.chouippe/ros_space/build/stage_ros2
[6.116s] Level 1:colcon.colcon_core.environment:checking '/home/imtne.local/leo.chouippe/ros_space/install/stage_ros2' for CMake config files
[6.130s] Level 1:colcon.colcon_core.shell:create_environment_hook('stage_ros2', 'cmake_prefix_path')
[6.131s] INFO:colcon.colcon_core.shell:Creating environment hook '/home/imtne.local/leo.chouippe/ros_space/install/stage_ros2/share/stage_ros2/hook/cmake_prefix_path.ps1'
[6.150s] INFO:colcon.colcon_core.shell:Creating environment descriptor '/home/imtne.local/leo.chouippe/ros_space/install/stage_ros2/share/stage_ros2/hook/cmake_prefix_path.dsv'
[6.157s] INFO:colcon.colcon_core.shell:Creating environment hook '/home/imtne.local/leo.chouippe/ros_space/install/stage_ros2/share/stage_ros2/hook/cmake_prefix_path.sh'
[6.173s] Level 1:colcon.colcon_core.environment:checking '/home/imtne.local/leo.chouippe/ros_space/install/stage_ros2/lib'
[6.173s] Level 1:colcon.colcon_core.shell:create_environment_hook('stage_ros2', 'ld_library_path_lib')
[6.176s] INFO:colcon.colcon_core.shell:Creating environment hook '/home/imtne.local/leo.chouippe/ros_space/install/stage_ros2/share/stage_ros2/hook/ld_library_path_lib.ps1'
[6.184s] INFO:colcon.colcon_core.shell:Creating environment descriptor '/home/imtne.local/leo.chouippe/ros_space/install/stage_ros2/share/stage_ros2/hook/ld_library_path_lib.dsv'
[6.200s] INFO:colcon.colcon_core.shell:Creating environment hook '/home/imtne.local/leo.chouippe/ros_space/install/stage_ros2/share/stage_ros2/hook/ld_library_path_lib.sh'
[6.206s] Level 1:colcon.colcon_core.environment:checking '/home/imtne.local/leo.chouippe/ros_space/install/stage_ros2/bin'
[6.206s] Level 1:colcon.colcon_core.environment:checking '/home/imtne.local/leo.chouippe/ros_space/install/stage_ros2/lib/pkgconfig/stage_ros2.pc'
[6.214s] Level 1:colcon.colcon_core.environment:checking '/home/imtne.local/leo.chouippe/ros_space/install/stage_ros2/lib/python3.10/site-packages'
[6.217s] Level 1:colcon.colcon_core.environment:checking '/home/imtne.local/leo.chouippe/ros_space/install/stage_ros2/bin'
[6.221s] INFO:colcon.colcon_core.shell:Creating package script '/home/imtne.local/leo.chouippe/ros_space/install/stage_ros2/share/stage_ros2/package.ps1'
[6.237s] INFO:colcon.colcon_core.shell:Creating package descriptor '/home/imtne.local/leo.chouippe/ros_space/install/stage_ros2/share/stage_ros2/package.dsv'
[6.245s] INFO:colcon.colcon_core.shell:Creating package script '/home/imtne.local/leo.chouippe/ros_space/install/stage_ros2/share/stage_ros2/package.sh'
[6.252s] INFO:colcon.colcon_core.shell:Creating package script '/home/imtne.local/leo.chouippe/ros_space/install/stage_ros2/share/stage_ros2/package.bash'
[6.264s] INFO:colcon.colcon_core.shell:Creating package script '/home/imtne.local/leo.chouippe/ros_space/install/stage_ros2/share/stage_ros2/package.zsh'
[6.269s] Level 1:colcon.colcon_core.environment:create_file_with_runtime_dependencies(/home/imtne.local/leo.chouippe/ros_space/install/stage_ros2/share/colcon-core/packages/stage_ros2)
[6.399s] Level 1:colcon.colcon_core.environment:create_environment_scripts_only(stage_ros2)
[6.400s] Level 1:colcon.colcon_core.environment:checking '/home/imtne.local/leo.chouippe/ros_space/install/stage_ros2' for CMake module files
[6.406s] Level 1:colcon.colcon_core.environment:checking '/home/imtne.local/leo.chouippe/ros_space/install/stage_ros2' for CMake config files
[6.414s] Level 1:colcon.colcon_core.shell:create_environment_hook('stage_ros2', 'cmake_prefix_path')
[6.420s] INFO:colcon.colcon_core.shell:Creating environment hook '/home/imtne.local/leo.chouippe/ros_space/install/stage_ros2/share/stage_ros2/hook/cmake_prefix_path.ps1'
[6.445s] INFO:colcon.colcon_core.shell:Creating environment descriptor '/home/imtne.local/leo.chouippe/ros_space/install/stage_ros2/share/stage_ros2/hook/cmake_prefix_path.dsv'
[6.459s] INFO:colcon.colcon_core.shell:Creating environment hook '/home/imtne.local/leo.chouippe/ros_space/install/stage_ros2/share/stage_ros2/hook/cmake_prefix_path.sh'
[6.484s] Level 1:colcon.colcon_core.environment:checking '/home/imtne.local/leo.chouippe/ros_space/install/stage_ros2/lib'
[6.485s] Level 1:colcon.colcon_core.shell:create_environment_hook('stage_ros2', 'ld_library_path_lib')
[6.497s] INFO:colcon.colcon_core.shell:Creating environment hook '/home/imtne.local/leo.chouippe/ros_space/install/stage_ros2/share/stage_ros2/hook/ld_library_path_lib.ps1'
[6.510s] INFO:colcon.colcon_core.shell:Creating environment descriptor '/home/imtne.local/leo.chouippe/ros_space/install/stage_ros2/share/stage_ros2/hook/ld_library_path_lib.dsv'
[6.517s] INFO:colcon.colcon_core.shell:Creating environment hook '/home/imtne.local/leo.chouippe/ros_space/install/stage_ros2/share/stage_ros2/hook/ld_library_path_lib.sh'
[6.528s] Level 1:colcon.colcon_core.environment:checking '/home/imtne.local/leo.chouippe/ros_space/install/stage_ros2/bin'
[6.529s] Level 1:colcon.colcon_core.environment:checking '/home/imtne.local/leo.chouippe/ros_space/install/stage_ros2/lib/pkgconfig/stage_ros2.pc'
[6.530s] Level 1:colcon.colcon_core.environment:checking '/home/imtne.local/leo.chouippe/ros_space/install/stage_ros2/lib/python3.10/site-packages'
[6.532s] Level 1:colcon.colcon_core.environment:checking '/home/imtne.local/leo.chouippe/ros_space/install/stage_ros2/bin'
[6.534s] INFO:colcon.colcon_core.shell:Creating package script '/home/imtne.local/leo.chouippe/ros_space/install/stage_ros2/share/stage_ros2/package.ps1'
[6.557s] INFO:colcon.colcon_core.shell:Creating package descriptor '/home/imtne.local/leo.chouippe/ros_space/install/stage_ros2/share/stage_ros2/package.dsv'
[6.563s] INFO:colcon.colcon_core.shell:Creating package script '/home/imtne.local/leo.chouippe/ros_space/install/stage_ros2/share/stage_ros2/package.sh'
[6.575s] INFO:colcon.colcon_core.shell:Creating package script '/home/imtne.local/leo.chouippe/ros_space/install/stage_ros2/share/stage_ros2/package.bash'
[6.585s] INFO:colcon.colcon_core.shell:Creating package script '/home/imtne.local/leo.chouippe/ros_space/install/stage_ros2/share/stage_ros2/package.zsh'
[6.591s] Level 1:colcon.colcon_core.environment:create_file_with_runtime_dependencies(/home/imtne.local/leo.chouippe/ros_space/install/stage_ros2/share/colcon-core/packages/stage_ros2)
[6.597s] DEBUG:colcon.colcon_parallel_executor.executor.parallel:closing loop
[6.597s] DEBUG:colcon.colcon_parallel_executor.executor.parallel:loop closed
[6.600s] DEBUG:colcon.colcon_parallel_executor.executor.parallel:run_until_complete finished with '0'
[6.601s] DEBUG:colcon.colcon_core.event_reactor:joining thread
[6.612s] INFO:colcon.colcon_core.plugin_system:Skipping extension 'colcon_notification.desktop_notification.terminal_notifier': Not used on non-Darwin systems
[6.614s] INFO:colcon.colcon_core.plugin_system:Skipping extension 'colcon_notification.desktop_notification.win32': Not used on non-Windows systems
[6.616s] INFO:colcon.colcon_notification.desktop_notification:Sending desktop notification using 'notify2'
[6.659s] DEBUG:colcon.colcon_core.event_reactor:joined thread
[6.660s] INFO:colcon.colcon_core.shell:Creating prefix script '/home/imtne.local/leo.chouippe/ros_space/install/local_setup.ps1'
[6.718s] INFO:colcon.colcon_core.shell:Creating prefix util module '/home/imtne.local/leo.chouippe/ros_space/install/_local_setup_util_ps1.py'
[6.765s] INFO:colcon.colcon_core.shell:Creating prefix chain script '/home/imtne.local/leo.chouippe/ros_space/install/setup.ps1'
[6.780s] INFO:colcon.colcon_core.shell:Creating prefix script '/home/imtne.local/leo.chouippe/ros_space/install/local_setup.sh'
[6.785s] INFO:colcon.colcon_core.shell:Creating prefix util module '/home/imtne.local/leo.chouippe/ros_space/install/_local_setup_util_sh.py'
[6.791s] INFO:colcon.colcon_core.shell:Creating prefix chain script '/home/imtne.local/leo.chouippe/ros_space/install/setup.sh'
[6.798s] INFO:colcon.colcon_core.shell:Creating prefix script '/home/imtne.local/leo.chouippe/ros_space/install/local_setup.bash'
[6.802s] INFO:colcon.colcon_core.shell:Creating prefix chain script '/home/imtne.local/leo.chouippe/ros_space/install/setup.bash'
[6.809s] INFO:colcon.colcon_core.shell:Creating prefix script '/home/imtne.local/leo.chouippe/ros_space/install/local_setup.zsh'
[6.813s] INFO:colcon.colcon_core.shell:Creating prefix chain script '/home/imtne.local/leo.chouippe/ros_space/install/setup.zsh'
