[0.208s] Invoking command in '/home/imtne.local/leo.chouippe/ros_space/build/stage_ros2': CMAKE_PREFIX_PATH=/home/imtne.local/leo.chouippe/ros_space/install/Stage:/home/imtne.local/leo.chouippe/ros_space/install/stage_ros2:/home/imtne.local/leo.chouippe/install/tutorial_pkg:/opt/ros/iron LD_LIBRARY_PATH=/home/imtne.local/leo.chouippe/ros_space/install/Stage/lib:/home/imtne.local/leo.chouippe/ros_space/install/stage_ros2/lib:/usr/lib/x86_64-linux-gnu/gazebo-11/plugins:/opt/ros/iron/opt/rviz_ogre_vendor/lib:/opt/ros/iron/lib/x86_64-linux-gnu:/opt/ros/iron/lib /usr/bin/cmake --build /home/imtne.local/leo.chouippe/ros_space/build/stage_ros2 -- -j12 -l12
[1.481s] [ 71%] Built target stage_node
[1.628s] [100%] Built target stage_ros2
[1.677s] Invoked command in '/home/imtne.local/leo.chouippe/ros_space/build/stage_ros2' returned '0': CMAKE_PREFIX_PATH=/home/imtne.local/leo.chouippe/ros_space/install/Stage:/home/imtne.local/leo.chouippe/ros_space/install/stage_ros2:/home/imtne.local/leo.chouippe/install/tutorial_pkg:/opt/ros/iron LD_LIBRARY_PATH=/home/imtne.local/leo.chouippe/ros_space/install/Stage/lib:/home/imtne.local/leo.chouippe/ros_space/install/stage_ros2/lib:/usr/lib/x86_64-linux-gnu/gazebo-11/plugins:/opt/ros/iron/opt/rviz_ogre_vendor/lib:/opt/ros/iron/lib/x86_64-linux-gnu:/opt/ros/iron/lib /usr/bin/cmake --build /home/imtne.local/leo.chouippe/ros_space/build/stage_ros2 -- -j12 -l12
[1.786s] Invoking command in '/home/imtne.local/leo.chouippe/ros_space/build/stage_ros2': CMAKE_PREFIX_PATH=/home/imtne.local/leo.chouippe/ros_space/install/Stage:/home/imtne.local/leo.chouippe/ros_space/install/stage_ros2:/home/imtne.local/leo.chouippe/install/tutorial_pkg:/opt/ros/iron LD_LIBRARY_PATH=/home/imtne.local/leo.chouippe/ros_space/install/Stage/lib:/home/imtne.local/leo.chouippe/ros_space/install/stage_ros2/lib:/usr/lib/x86_64-linux-gnu/gazebo-11/plugins:/opt/ros/iron/opt/rviz_ogre_vendor/lib:/opt/ros/iron/lib/x86_64-linux-gnu:/opt/ros/iron/lib /usr/bin/cmake --install /home/imtne.local/leo.chouippe/ros_space/build/stage_ros2
[1.810s] -- Install configuration: ""
[1.813s] -- Up-to-date: /home/imtne.local/leo.chouippe/ros_space/install/stage_ros2/share/stage_ros2/environment/library_path.sh
[1.819s] -- Up-to-date: /home/imtne.local/leo.chouippe/ros_space/install/stage_ros2/share/stage_ros2/environment/library_path.dsv
[1.821s] -- Up-to-date: /home/imtne.local/leo.chouippe/ros_space/install/stage_ros2/share/stage_ros2//launch
[1.832s] -- Up-to-date: /home/imtne.local/leo.chouippe/ros_space/install/stage_ros2/share/stage_ros2//launch/demo.launch.py
[1.847s] -- Up-to-date: /home/imtne.local/leo.chouippe/ros_space/install/stage_ros2/share/stage_ros2//launch/f710.launch.py
[1.849s] -- Up-to-date: /home/imtne.local/leo.chouippe/ros_space/install/stage_ros2/share/stage_ros2//launch/rviz.launch.py
[1.862s] -- Up-to-date: /home/imtne.local/leo.chouippe/ros_space/install/stage_ros2/share/stage_ros2//launch/rviz_ns.launch.py
[1.865s] -- Up-to-date: /home/imtne.local/leo.chouippe/ros_space/install/stage_ros2/share/stage_ros2//launch/stage.launch.py
[1.865s] -- Up-to-date: /home/imtne.local/leo.chouippe/ros_space/install/stage_ros2/share/stage_ros2//world
[1.867s] -- Up-to-date: /home/imtne.local/leo.chouippe/ros_space/install/stage_ros2/share/stage_ros2//world/bitmaps
[1.870s] -- Up-to-date: /home/imtne.local/leo.chouippe/ros_space/install/stage_ros2/share/stage_ros2//world/bitmaps/cave.png
[1.873s] -- Up-to-date: /home/imtne.local/leo.chouippe/ros_space/install/stage_ros2/share/stage_ros2//world/bitmaps/hallway.pgm
[1.874s] -- Up-to-date: /home/imtne.local/leo.chouippe/ros_space/install/stage_ros2/share/stage_ros2//world/bitmaps/hallway.png
[1.889s] -- Up-to-date: /home/imtne.local/leo.chouippe/ros_space/install/stage_ros2/share/stage_ros2//world/bitmaps/line.png
[1.896s] -- Up-to-date: /home/imtne.local/leo.chouippe/ros_space/install/stage_ros2/share/stage_ros2//world/bitmaps/straden.png
[1.904s] -- Up-to-date: /home/imtne.local/leo.chouippe/ros_space/install/stage_ros2/share/stage_ros2//world/bitmaps/warehouse008.pgm
[1.905s] -- Up-to-date: /home/imtne.local/leo.chouippe/ros_space/install/stage_ros2/share/stage_ros2//world/bitmaps/warehouse032.pgm
[1.919s] -- Up-to-date: /home/imtne.local/leo.chouippe/ros_space/install/stage_ros2/share/stage_ros2//world/bitmaps/warehouse200.pgm
[1.921s] -- Up-to-date: /home/imtne.local/leo.chouippe/ros_space/install/stage_ros2/share/stage_ros2//world/bitmaps/willow-full.pgm
[1.924s] -- Up-to-date: /home/imtne.local/leo.chouippe/ros_space/install/stage_ros2/share/stage_ros2//world/cave.world
[1.928s] -- Up-to-date: /home/imtne.local/leo.chouippe/ros_space/install/stage_ros2/share/stage_ros2//world/cave_multi.world
[1.935s] -- Up-to-date: /home/imtne.local/leo.chouippe/ros_space/install/stage_ros2/share/stage_ros2//world/cave_seven_robots.world
[1.943s] -- Up-to-date: /home/imtne.local/leo.chouippe/ros_space/install/stage_ros2/share/stage_ros2//world/cave_three_robots.world
[1.950s] -- Up-to-date: /home/imtne.local/leo.chouippe/ros_space/install/stage_ros2/share/stage_ros2//world/hallway.world
[1.952s] -- Up-to-date: /home/imtne.local/leo.chouippe/ros_space/install/stage_ros2/share/stage_ros2//world/include
[1.957s] -- Up-to-date: /home/imtne.local/leo.chouippe/ros_space/install/stage_ros2/share/stage_ros2//world/include/pioneer2dx.inc
[1.964s] -- Up-to-date: /home/imtne.local/leo.chouippe/ros_space/install/stage_ros2/share/stage_ros2//world/include/robots.inc
[1.965s] -- Up-to-date: /home/imtne.local/leo.chouippe/ros_space/install/stage_ros2/share/stage_ros2//world/lines.world
[1.977s] -- Up-to-date: /home/imtne.local/leo.chouippe/ros_space/install/stage_ros2/share/stage_ros2//world/straden.world
[1.991s] -- Up-to-date: /home/imtne.local/leo.chouippe/ros_space/install/stage_ros2/share/stage_ros2//world/willow-four-erratics-multisensor.world
[1.991s] -- Up-to-date: /home/imtne.local/leo.chouippe/ros_space/install/stage_ros2/share/stage_ros2//config
[2.027s] -- Up-to-date: /home/imtne.local/leo.chouippe/ros_space/install/stage_ros2/share/stage_ros2//config/rviz
[2.030s] -- Up-to-date: /home/imtne.local/leo.chouippe/ros_space/install/stage_ros2/share/stage_ros2//config/rviz/cave.rviz
[2.032s] -- Up-to-date: /home/imtne.local/leo.chouippe/ros_space/install/stage_ros2/share/stage_ros2//config/rviz/cave_seven_robots.rviz
[2.033s] -- Up-to-date: /home/imtne.local/leo.chouippe/ros_space/install/stage_ros2/share/stage_ros2//config/rviz/cave_three_robots.rviz
[2.049s] -- Up-to-date: /home/imtne.local/leo.chouippe/ros_space/install/stage_ros2/share/stage_ros2//config/rviz/lines.rviz
[2.063s] -- Up-to-date: /home/imtne.local/leo.chouippe/ros_space/install/stage_ros2/share/stage_ros2//config/rviz/robot0.rviz
[2.068s] -- Up-to-date: /home/imtne.local/leo.chouippe/ros_space/install/stage_ros2/share/stage_ros2//config/rviz/robot_ns.rviz
[2.068s] -- Up-to-date: /home/imtne.local/leo.chouippe/ros_space/install/stage_ros2/share/stage_ros2//config/rviz/robot_ns_depth.rviz
[2.071s] -- Up-to-date: /home/imtne.local/leo.chouippe/ros_space/install/stage_ros2/share/stage_ros2//config/teleop_twist_joy
[2.078s] -- Up-to-date: /home/imtne.local/leo.chouippe/ros_space/install/stage_ros2/share/stage_ros2//config/teleop_twist_joy/f710.config.yaml
[2.080s] -- Up-to-date: /home/imtne.local/leo.chouippe/ros_space/install/stage_ros2/lib/libstage_node.so
[2.101s] -- Up-to-date: /home/imtne.local/leo.chouippe/ros_space/install/stage_ros2/lib/stage_ros2/stage_ros2
[2.105s] -- Up-to-date: /home/imtne.local/leo.chouippe/ros_space/install/stage_ros2/share/ament_index/resource_index/package_run_dependencies/stage_ros2
[2.109s] -- Up-to-date: /home/imtne.local/leo.chouippe/ros_space/install/stage_ros2/share/ament_index/resource_index/parent_prefix_path/stage_ros2
[2.117s] -- Up-to-date: /home/imtne.local/leo.chouippe/ros_space/install/stage_ros2/share/stage_ros2/environment/ament_prefix_path.sh
[2.118s] -- Up-to-date: /home/imtne.local/leo.chouippe/ros_space/install/stage_ros2/share/stage_ros2/environment/ament_prefix_path.dsv
[2.118s] -- Up-to-date: /home/imtne.local/leo.chouippe/ros_space/install/stage_ros2/share/stage_ros2/environment/path.sh
[2.135s] -- Up-to-date: /home/imtne.local/leo.chouippe/ros_space/install/stage_ros2/share/stage_ros2/environment/path.dsv
[2.143s] -- Up-to-date: /home/imtne.local/leo.chouippe/ros_space/install/stage_ros2/share/stage_ros2/local_setup.bash
[2.144s] -- Up-to-date: /home/imtne.local/leo.chouippe/ros_space/install/stage_ros2/share/stage_ros2/local_setup.sh
[2.152s] -- Up-to-date: /home/imtne.local/leo.chouippe/ros_space/install/stage_ros2/share/stage_ros2/local_setup.zsh
[2.155s] -- Up-to-date: /home/imtne.local/leo.chouippe/ros_space/install/stage_ros2/share/stage_ros2/local_setup.dsv
[2.157s] -- Installing: /home/imtne.local/leo.chouippe/ros_space/install/stage_ros2/share/stage_ros2/package.dsv
[2.192s] -- Up-to-date: /home/imtne.local/leo.chouippe/ros_space/install/stage_ros2/share/ament_index/resource_index/packages/stage_ros2
[2.199s] -- Up-to-date: /home/imtne.local/leo.chouippe/ros_space/install/stage_ros2/share/stage_ros2/cmake/stage_ros2Config.cmake
[2.200s] -- Up-to-date: /home/imtne.local/leo.chouippe/ros_space/install/stage_ros2/share/stage_ros2/cmake/stage_ros2Config-version.cmake
[2.213s] -- Up-to-date: /home/imtne.local/leo.chouippe/ros_space/install/stage_ros2/share/stage_ros2/package.xml
[2.235s] Invoked command in '/home/imtne.local/leo.chouippe/ros_space/build/stage_ros2' returned '0': CMAKE_PREFIX_PATH=/home/imtne.local/leo.chouippe/ros_space/install/Stage:/home/imtne.local/leo.chouippe/ros_space/install/stage_ros2:/home/imtne.local/leo.chouippe/install/tutorial_pkg:/opt/ros/iron LD_LIBRARY_PATH=/home/imtne.local/leo.chouippe/ros_space/install/Stage/lib:/home/imtne.local/leo.chouippe/ros_space/install/stage_ros2/lib:/usr/lib/x86_64-linux-gnu/gazebo-11/plugins:/opt/ros/iron/opt/rviz_ogre_vendor/lib:/opt/ros/iron/lib/x86_64-linux-gnu:/opt/ros/iron/lib /usr/bin/cmake --install /home/imtne.local/leo.chouippe/ros_space/build/stage_ros2
