[0.205s] Invoking command in '/home/imtne.local/leo.chouippe/ros_space/build/Stage': /usr/bin/cmake --build /home/imtne.local/leo.chouippe/ros_space/build/Stage -- -j12 -l12
[0.379s] [35m[1mConsolidate compiler generated dependencies of target stage[0m
[0.828s] [ 57%] Built target stage
[0.849s] [35m[1mConsolidate compiler generated dependencies of target stagebinary[0m
[0.849s] [35m[1mConsolidate compiler generated dependencies of target sink[0m
[0.849s] [35m[1mConsolidate compiler generated dependencies of target rasterize[0m
[0.849s] [35m[1mConsolidate compiler generated dependencies of target source[0m
[0.849s] [35m[1mConsolidate compiler generated dependencies of target pioneer_flocking[0m
[0.850s] [35m[1mConsolidate compiler generated dependencies of target expand_pioneer[0m
[0.850s] [35m[1mConsolidate compiler generated dependencies of target wander[0m
[0.850s] [35m[1mConsolidate compiler generated dependencies of target lasernoise[0m
[0.850s] [35m[1mConsolidate compiler generated dependencies of target fasr[0m
[0.869s] [35m[1mConsolidate compiler generated dependencies of target fasr2[0m
[0.870s] [35m[1mConsolidate compiler generated dependencies of target expand_swarm[0m
[0.871s] [35m[1mConsolidate compiler generated dependencies of target dynamic[0m
[1.110s] [ 93%] Built target pioneer_flocking
[1.113s] [ 98%] Built target dynamic
[1.120s] [ 98%] Built target expand_pioneer
[1.120s] [ 98%] Built target fasr
[1.120s] [ 98%] Built target wander
[1.121s] [ 98%] Built target stagebinary
[1.121s] [ 98%] Built target rasterize
[1.121s] [ 98%] Built target sink
[1.121s] [ 98%] Built target expand_swarm
[1.121s] [100%] Built target source
[1.121s] [100%] Built target lasernoise
[1.122s] [100%] Built target fasr2
[1.297s] Invoked command in '/home/imtne.local/leo.chouippe/ros_space/build/Stage' returned '0': /usr/bin/cmake --build /home/imtne.local/leo.chouippe/ros_space/build/Stage -- -j12 -l12
[1.377s] Invoking command in '/home/imtne.local/leo.chouippe/ros_space/build/Stage': /usr/bin/cmake --install /home/imtne.local/leo.chouippe/ros_space/build/Stage
[1.386s] -- Install configuration: "RELEASE"
[1.387s] -- Up-to-date: /home/imtne.local/leo.chouippe/ros_space/install/Stage/lib/pkgconfig/stage.pc
[1.400s] -- Up-to-date: /home/imtne.local/leo.chouippe/ros_space/install/Stage/lib/cmake/Stage/stage-config.cmake
[1.401s] -- Up-to-date: /home/imtne.local/leo.chouippe/ros_space/install/Stage/lib/cmake/Stage/stage-config-version.cmake
[1.408s] -- Up-to-date: /home/imtne.local/leo.chouippe/ros_space/install/Stage/bin/stage
[1.437s] -- Up-to-date: /home/imtne.local/leo.chouippe/ros_space/install/Stage/lib/libstage.so.4.3.0
[1.448s] -- Up-to-date: /home/imtne.local/leo.chouippe/ros_space/install/Stage/lib/libstage.so
[1.450s] -- Up-to-date: /home/imtne.local/leo.chouippe/ros_space/install/Stage/include/Stage-4.3/stage.hh
[1.462s] -- Up-to-date: /home/imtne.local/leo.chouippe/ros_space/install/Stage/lib/Stage-4.3/fasr.so
[1.485s] -- Up-to-date: /home/imtne.local/leo.chouippe/ros_space/install/Stage/lib/Stage-4.3/sink.so
[1.506s] -- Up-to-date: /home/imtne.local/leo.chouippe/ros_space/install/Stage/lib/Stage-4.3/source.so
[1.531s] -- Up-to-date: /home/imtne.local/leo.chouippe/ros_space/install/Stage/lib/Stage-4.3/wander.so
[1.553s] -- Up-to-date: /home/imtne.local/leo.chouippe/ros_space/install/Stage/lib/Stage-4.3/pioneer_flocking.so
[1.564s] -- Up-to-date: /home/imtne.local/leo.chouippe/ros_space/install/Stage/lib/Stage-4.3/rasterize.so
[1.585s] -- Up-to-date: /home/imtne.local/leo.chouippe/ros_space/install/Stage/lib/Stage-4.3/lasernoise.so
[1.593s] -- Up-to-date: /home/imtne.local/leo.chouippe/ros_space/install/Stage/lib/Stage-4.3/dynamic.so
[1.607s] -- Up-to-date: /home/imtne.local/leo.chouippe/ros_space/install/Stage/lib/Stage-4.3/fasr2.so
[1.618s] -- Up-to-date: /home/imtne.local/leo.chouippe/ros_space/install/Stage/share/stage/assets/blue.png
[1.620s] -- Up-to-date: /home/imtne.local/leo.chouippe/ros_space/install/Stage/share/stage/assets/death.png
[1.622s] -- Up-to-date: /home/imtne.local/leo.chouippe/ros_space/install/Stage/share/stage/assets/green.png
[1.629s] -- Up-to-date: /home/imtne.local/leo.chouippe/ros_space/install/Stage/share/stage/assets/logo.png
[1.631s] -- Up-to-date: /home/imtne.local/leo.chouippe/ros_space/install/Stage/share/stage/assets/mains.png
[1.632s] -- Up-to-date: /home/imtne.local/leo.chouippe/ros_space/install/Stage/share/stage/assets/mainspower.png
[1.643s] -- Up-to-date: /home/imtne.local/leo.chouippe/ros_space/install/Stage/share/stage/assets/question_mark.png
[1.654s] -- Up-to-date: /home/imtne.local/leo.chouippe/ros_space/install/Stage/share/stage/assets/red.png
[1.666s] -- Up-to-date: /home/imtne.local/leo.chouippe/ros_space/install/Stage/share/stage/assets/stagelogo.png
[1.678s] -- Up-to-date: /home/imtne.local/leo.chouippe/ros_space/install/Stage/share/stage/assets/stall-old.png
[1.680s] -- Up-to-date: /home/imtne.local/leo.chouippe/ros_space/install/Stage/share/stage/assets/stall.png
[1.681s] -- Up-to-date: /home/imtne.local/leo.chouippe/ros_space/install/Stage/share/stage/assets/rgb.txt
[1.682s] -- Up-to-date: /home/imtne.local/leo.chouippe/ros_space/install/Stage/share/stage/rgb.txt
[1.692s] -- Up-to-date: /home/imtne.local/leo.chouippe/ros_space/install/Stage/share/stage/worlds/amcl-sonar.cfg
[1.698s] -- Up-to-date: /home/imtne.local/leo.chouippe/ros_space/install/Stage/share/stage/worlds/autolab.cfg
[1.699s] -- Up-to-date: /home/imtne.local/leo.chouippe/ros_space/install/Stage/share/stage/worlds/camera.cfg
[1.701s] -- Up-to-date: /home/imtne.local/leo.chouippe/ros_space/install/Stage/share/stage/worlds/everything.cfg
[1.703s] -- Up-to-date: /home/imtne.local/leo.chouippe/ros_space/install/Stage/share/stage/worlds/lsp_test.cfg
[1.712s] -- Up-to-date: /home/imtne.local/leo.chouippe/ros_space/install/Stage/share/stage/worlds/mbicp.cfg
[1.712s] -- Up-to-date: /home/imtne.local/leo.chouippe/ros_space/install/Stage/share/stage/worlds/nd.cfg
[1.713s] -- Up-to-date: /home/imtne.local/leo.chouippe/ros_space/install/Stage/share/stage/worlds/roomba.cfg
[1.715s] -- Up-to-date: /home/imtne.local/leo.chouippe/ros_space/install/Stage/share/stage/worlds/simple.cfg
[1.717s] -- Up-to-date: /home/imtne.local/leo.chouippe/ros_space/install/Stage/share/stage/worlds/test.cfg
[1.735s] -- Up-to-date: /home/imtne.local/leo.chouippe/ros_space/install/Stage/share/stage/worlds/uoa_robotics_lab.cfg
[1.736s] -- Up-to-date: /home/imtne.local/leo.chouippe/ros_space/install/Stage/share/stage/worlds/vfh.cfg
[1.739s] -- Up-to-date: /home/imtne.local/leo.chouippe/ros_space/install/Stage/share/stage/worlds/wavefront-remote.cfg
[1.760s] -- Up-to-date: /home/imtne.local/leo.chouippe/ros_space/install/Stage/share/stage/worlds/wavefront.cfg
[1.763s] -- Up-to-date: /home/imtne.local/leo.chouippe/ros_space/install/Stage/share/stage/worlds/wifi.cfg
[1.763s] -- Up-to-date: /home/imtne.local/leo.chouippe/ros_space/install/Stage/share/stage/worlds/SFU.world
[1.782s] -- Up-to-date: /home/imtne.local/leo.chouippe/ros_space/install/Stage/share/stage/worlds/autolab.world
[1.784s] -- Up-to-date: /home/imtne.local/leo.chouippe/ros_space/install/Stage/share/stage/worlds/camera.world
[1.784s] -- Up-to-date: /home/imtne.local/leo.chouippe/ros_space/install/Stage/share/stage/worlds/circuit.world
[1.787s] -- Up-to-date: /home/imtne.local/leo.chouippe/ros_space/install/Stage/share/stage/worlds/everything.world
[1.803s] -- Up-to-date: /home/imtne.local/leo.chouippe/ros_space/install/Stage/share/stage/worlds/fasr.world
[1.805s] -- Up-to-date: /home/imtne.local/leo.chouippe/ros_space/install/Stage/share/stage/worlds/fasr2.world
[1.808s] -- Up-to-date: /home/imtne.local/leo.chouippe/ros_space/install/Stage/share/stage/worlds/fasr_plan.world
[1.809s] -- Up-to-date: /home/imtne.local/leo.chouippe/ros_space/install/Stage/share/stage/worlds/large.world
[1.816s] -- Up-to-date: /home/imtne.local/leo.chouippe/ros_space/install/Stage/share/stage/worlds/lsp_test.world
[1.833s] -- Up-to-date: /home/imtne.local/leo.chouippe/ros_space/install/Stage/share/stage/worlds/mbicp.world
[1.848s] -- Up-to-date: /home/imtne.local/leo.chouippe/ros_space/install/Stage/share/stage/worlds/pioneer_flocking.world
[1.849s] -- Up-to-date: /home/imtne.local/leo.chouippe/ros_space/install/Stage/share/stage/worlds/pioneer_follow.world
[1.852s] -- Up-to-date: /home/imtne.local/leo.chouippe/ros_space/install/Stage/share/stage/worlds/pioneer_walle.world
[1.866s] -- Up-to-date: /home/imtne.local/leo.chouippe/ros_space/install/Stage/share/stage/worlds/roomba.world
[1.876s] -- Up-to-date: /home/imtne.local/leo.chouippe/ros_space/install/Stage/share/stage/worlds/sensor_noise_demo.world
[1.900s] -- Up-to-date: /home/imtne.local/leo.chouippe/ros_space/install/Stage/share/stage/worlds/sensor_noise_module_demo.world
[1.901s] -- Up-to-date: /home/imtne.local/leo.chouippe/ros_space/install/Stage/share/stage/worlds/simple.world
[1.946s] -- Up-to-date: /home/imtne.local/leo.chouippe/ros_space/install/Stage/share/stage/worlds/uoa_robotics_lab.world
[1.964s] -- Up-to-date: /home/imtne.local/leo.chouippe/ros_space/install/Stage/share/stage/worlds/wifi.world
[1.965s] -- Up-to-date: /home/imtne.local/leo.chouippe/ros_space/install/Stage/share/stage/worlds/beacons.inc
[1.984s] -- Up-to-date: /home/imtne.local/leo.chouippe/ros_space/install/Stage/share/stage/worlds/chatterbox.inc
[1.986s] -- Up-to-date: /home/imtne.local/leo.chouippe/ros_space/install/Stage/share/stage/worlds/hokuyo.inc
[1.986s] -- Up-to-date: /home/imtne.local/leo.chouippe/ros_space/install/Stage/share/stage/worlds/irobot.inc
[2.008s] -- Up-to-date: /home/imtne.local/leo.chouippe/ros_space/install/Stage/share/stage/worlds/map.inc
[2.012s] -- Up-to-date: /home/imtne.local/leo.chouippe/ros_space/install/Stage/share/stage/worlds/objects.inc
[2.012s] -- Up-to-date: /home/imtne.local/leo.chouippe/ros_space/install/Stage/share/stage/worlds/pantilt.inc
[2.014s] -- Up-to-date: /home/imtne.local/leo.chouippe/ros_space/install/Stage/share/stage/worlds/pioneer.inc
[2.022s] -- Up-to-date: /home/imtne.local/leo.chouippe/ros_space/install/Stage/share/stage/worlds/sick.inc
[2.028s] -- Up-to-date: /home/imtne.local/leo.chouippe/ros_space/install/Stage/share/stage/worlds/ubot.inc
[2.029s] -- Up-to-date: /home/imtne.local/leo.chouippe/ros_space/install/Stage/share/stage/worlds/uoa_robotics_lab_models.inc
[2.030s] -- Up-to-date: /home/imtne.local/leo.chouippe/ros_space/install/Stage/share/stage/worlds/walle.inc
[2.062s] -- Up-to-date: /home/imtne.local/leo.chouippe/ros_space/install/Stage/share/stage/worlds/cfggen.sh
[2.072s] -- Up-to-date: /home/imtne.local/leo.chouippe/ros_space/install/Stage/share/stage/worlds/test.sh
[2.074s] -- Up-to-date: /home/imtne.local/leo.chouippe/ros_space/install/Stage/share/stage/worlds/worldgen.sh
[2.075s] -- Up-to-date: /home/imtne.local/leo.chouippe/ros_space/install/Stage/lib/Stage-4.3/expand_swarm.so
[2.077s] -- Up-to-date: /home/imtne.local/leo.chouippe/ros_space/install/Stage/lib/Stage-4.3/expand_pioneer.so
[2.077s] -- Up-to-date: /home/imtne.local/leo.chouippe/ros_space/install/Stage/share/stage/worlds/bitmaps/889_05.png
[2.077s] -- Up-to-date: /home/imtne.local/leo.chouippe/ros_space/install/Stage/share/stage/worlds/bitmaps/SFU_1200x615.png
[2.077s] -- Up-to-date: /home/imtne.local/leo.chouippe/ros_space/install/Stage/share/stage/worlds/bitmaps/SRI-AIC-kwing.png
[2.077s] -- Up-to-date: /home/imtne.local/leo.chouippe/ros_space/install/Stage/share/stage/worlds/bitmaps/autolab.png
[2.077s] -- Up-to-date: /home/imtne.local/leo.chouippe/ros_space/install/Stage/share/stage/worlds/bitmaps/cave.png
[2.077s] -- Up-to-date: /home/imtne.local/leo.chouippe/ros_space/install/Stage/share/stage/worlds/bitmaps/cave_compact.png
[2.077s] -- Up-to-date: /home/imtne.local/leo.chouippe/ros_space/install/Stage/share/stage/worlds/bitmaps/cave_filled.png
[2.077s] -- Up-to-date: /home/imtne.local/leo.chouippe/ros_space/install/Stage/share/stage/worlds/bitmaps/frieburg.png
[2.077s] -- Up-to-date: /home/imtne.local/leo.chouippe/ros_space/install/Stage/share/stage/worlds/bitmaps/ghost.png
[2.078s] -- Up-to-date: /home/imtne.local/leo.chouippe/ros_space/install/Stage/share/stage/worlds/bitmaps/hospital.png
[2.078s] -- Up-to-date: /home/imtne.local/leo.chouippe/ros_space/install/Stage/share/stage/worlds/bitmaps/hospital_section.png
[2.078s] -- Up-to-date: /home/imtne.local/leo.chouippe/ros_space/install/Stage/share/stage/worlds/bitmaps/human_outline.png
[2.078s] -- Up-to-date: /home/imtne.local/leo.chouippe/ros_space/install/Stage/share/stage/worlds/bitmaps/mbicp.png
[2.078s] -- Up-to-date: /home/imtne.local/leo.chouippe/ros_space/install/Stage/share/stage/worlds/bitmaps/rink.png
[2.078s] -- Up-to-date: /home/imtne.local/leo.chouippe/ros_space/install/Stage/share/stage/worlds/bitmaps/sal2.png
[2.079s] -- Up-to-date: /home/imtne.local/leo.chouippe/ros_space/install/Stage/share/stage/worlds/bitmaps/simple_rooms.png
[2.082s] -- Up-to-date: /home/imtne.local/leo.chouippe/ros_space/install/Stage/share/stage/worlds/bitmaps/space_invader.png
[2.090s] -- Up-to-date: /home/imtne.local/leo.chouippe/ros_space/install/Stage/share/stage/worlds/bitmaps/submarine.png
[2.090s] -- Up-to-date: /home/imtne.local/leo.chouippe/ros_space/install/Stage/share/stage/worlds/bitmaps/submarine_small.png
[2.093s] -- Up-to-date: /home/imtne.local/leo.chouippe/ros_space/install/Stage/share/stage/worlds/bitmaps/table.png
[2.093s] -- Up-to-date: /home/imtne.local/leo.chouippe/ros_space/install/Stage/share/stage/worlds/bitmaps/uoa_robotics_lab.png
[2.105s] -- Up-to-date: /home/imtne.local/leo.chouippe/ros_space/install/Stage/share/stage/worlds/wifi/commando.world
[2.105s] -- Up-to-date: /home/imtne.local/leo.chouippe/ros_space/install/Stage/share/stage/worlds/wifi/hosp_wifi.world
[2.108s] -- Up-to-date: /home/imtne.local/leo.chouippe/ros_space/install/Stage/share/stage/worlds/wifi/hosp_wifi_5.world
[2.115s] -- Up-to-date: /home/imtne.local/leo.chouippe/ros_space/install/Stage/share/stage/worlds/wifi/wifi.world
[2.123s] -- Up-to-date: /home/imtne.local/leo.chouippe/ros_space/install/Stage/share/stage/worlds/wifi/wifi_itu.world
[2.132s] -- Up-to-date: /home/imtne.local/leo.chouippe/ros_space/install/Stage/share/stage/worlds/wifi/wifi_logdistance.world
[2.134s] -- Up-to-date: /home/imtne.local/leo.chouippe/ros_space/install/Stage/share/stage/worlds/wifi/wifi_ray.world
[2.134s] -- Up-to-date: /home/imtne.local/leo.chouippe/ros_space/install/Stage/share/stage/worlds/wifi/wifi_simple.world
[2.134s] -- Up-to-date: /home/imtne.local/leo.chouippe/ros_space/install/Stage/share/stage/worlds/wifi/map.inc
[2.152s] Invoked command in '/home/imtne.local/leo.chouippe/ros_space/build/Stage' returned '0': /usr/bin/cmake --install /home/imtne.local/leo.chouippe/ros_space/build/Stage
