[0.105s] DEBUG:colcon:Command line arguments: ['/usr/bin/colcon', 'build']
[0.105s] DEBUG:colcon:Parsed command line arguments: Namespace(log_base=None, log_level=None, verb_name='build', build_base='build', install_base='install', merge_install=False, symlink_install=False, test_result_base=None, continue_on_error=False, executor='parallel', parallel_workers=12, event_handlers=None, ignore_user_meta=False, metas=['./colcon.meta'], base_paths=['.'], packages_ignore=None, packages_ignore_regex=None, paths=None, packages_up_to=None, packages_up_to_regex=None, packages_above=None, packages_above_and_dependencies=None, packages_above_depth=None, packages_select_by_dep=None, packages_skip_by_dep=None, packages_skip_up_to=None, packages_select_build_failed=False, packages_skip_build_finished=False, packages_select_test_failures=False, packages_skip_test_passed=False, packages_select=None, packages_skip=None, packages_select_regex=None, packages_skip_regex=None, packages_start=None, packages_end=None, allow_overriding=[], cmake_args=None, cmake_target=None, cmake_target_skip_unavailable=False, cmake_clean_cache=False, cmake_clean_first=False, cmake_force_configure=False, ament_cmake_args=None, catkin_cmake_args=None, catkin_skip_building_tests=False, mixin_files=None, mixin=None, verb_parser=<colcon_mixin.mixin.mixin_argument.MixinArgumentDecorator object at 0x7f75a8249780>, verb_extension=<colcon_core.verb.build.BuildVerb object at 0x7f75a8248df0>, main=<bound method BuildVerb.main of <colcon_core.verb.build.BuildVerb object at 0x7f75a8248df0>>, mixin_verb=('build',))
[0.313s] Level 1:colcon.colcon_core.package_discovery:discover_packages(colcon_meta) check parameters
[0.313s] Level 1:colcon.colcon_core.package_discovery:discover_packages(recursive) check parameters
[0.313s] Level 1:colcon.colcon_core.package_discovery:discover_packages(ignore) check parameters
[0.318s] Level 1:colcon.colcon_core.package_discovery:discover_packages(path) check parameters
[0.318s] Level 1:colcon.colcon_core.package_discovery:discover_packages(colcon_meta) discover
[0.320s] Level 1:colcon.colcon_core.package_discovery:discover_packages(recursive) discover
[0.320s] INFO:colcon.colcon_core.package_discovery:Crawling recursively for packages in '/home/imtne.local/leo.chouippe/ros_space'
[0.323s] Level 1:colcon.colcon_core.package_identification:_identify(.) by extensions ['ignore', 'ignore_ament_install']
[0.324s] Level 1:colcon.colcon_core.package_identification:_identify(.) by extension 'ignore'
[0.326s] Level 1:colcon.colcon_core.package_identification:_identify(.) by extension 'ignore_ament_install'
[0.326s] Level 1:colcon.colcon_core.package_identification:_identify(.) by extensions ['colcon_pkg']
[0.328s] Level 1:colcon.colcon_core.package_identification:_identify(.) by extension 'colcon_pkg'
[0.328s] Level 1:colcon.colcon_core.package_identification:_identify(.) by extensions ['colcon_meta']
[0.331s] Level 1:colcon.colcon_core.package_identification:_identify(.) by extension 'colcon_meta'
[0.331s] Level 1:colcon.colcon_core.package_identification:_identify(.) by extensions ['ros']
[0.333s] Level 1:colcon.colcon_core.package_identification:_identify(.) by extension 'ros'
[0.351s] Level 1:colcon.colcon_core.package_identification:_identify(.) by extensions ['cmake', 'python']
[0.351s] Level 1:colcon.colcon_core.package_identification:_identify(.) by extension 'cmake'
[0.351s] Level 1:colcon.colcon_core.package_identification:_identify(.) by extension 'python'
[0.351s] Level 1:colcon.colcon_core.package_identification:_identify(.) by extensions ['python_setup_py']
[0.353s] Level 1:colcon.colcon_core.package_identification:_identify(.) by extension 'python_setup_py'
[0.354s] Level 1:colcon.colcon_core.package_identification:_identify(build) by extensions ['ignore', 'ignore_ament_install']
[0.355s] Level 1:colcon.colcon_core.package_identification:_identify(build) by extension 'ignore'
[0.356s] Level 1:colcon.colcon_core.package_identification:_identify(build) ignored
[0.359s] Level 1:colcon.colcon_core.package_identification:_identify(install) by extensions ['ignore', 'ignore_ament_install']
[0.360s] Level 1:colcon.colcon_core.package_identification:_identify(install) by extension 'ignore'
[0.377s] Level 1:colcon.colcon_core.package_identification:_identify(install) ignored
[0.380s] Level 1:colcon.colcon_core.package_identification:_identify(log) by extensions ['ignore', 'ignore_ament_install']
[0.381s] Level 1:colcon.colcon_core.package_identification:_identify(log) by extension 'ignore'
[0.383s] Level 1:colcon.colcon_core.package_identification:_identify(log) ignored
[0.384s] Level 1:colcon.colcon_core.package_identification:_identify(pkg-stage) by extensions ['ignore', 'ignore_ament_install']
[0.385s] Level 1:colcon.colcon_core.package_identification:_identify(pkg-stage) by extension 'ignore'
[0.387s] Level 1:colcon.colcon_core.package_identification:_identify(pkg-stage) by extension 'ignore_ament_install'
[0.387s] Level 1:colcon.colcon_core.package_identification:_identify(pkg-stage) by extensions ['colcon_pkg']
[0.389s] Level 1:colcon.colcon_core.package_identification:_identify(pkg-stage) by extension 'colcon_pkg'
[0.389s] Level 1:colcon.colcon_core.package_identification:_identify(pkg-stage) by extensions ['colcon_meta']
[0.391s] Level 1:colcon.colcon_core.package_identification:_identify(pkg-stage) by extension 'colcon_meta'
[0.391s] Level 1:colcon.colcon_core.package_identification:_identify(pkg-stage) by extensions ['ros']
[0.393s] Level 1:colcon.colcon_core.package_identification:_identify(pkg-stage) by extension 'ros'
[0.394s] Level 1:colcon.colcon_core.package_identification:_identify(pkg-stage) by extensions ['cmake', 'python']
[0.396s] Level 1:colcon.colcon_core.package_identification:_identify(pkg-stage) by extension 'cmake'
[0.396s] Level 1:colcon.colcon_core.package_identification:_identify(pkg-stage) by extension 'python'
[0.396s] Level 1:colcon.colcon_core.package_identification:_identify(pkg-stage) by extensions ['python_setup_py']
[0.398s] Level 1:colcon.colcon_core.package_identification:_identify(pkg-stage) by extension 'python_setup_py'
[0.402s] Level 1:colcon.colcon_core.package_identification:_identify(pkg-stage/Stage) by extensions ['ignore', 'ignore_ament_install']
[0.402s] Level 1:colcon.colcon_core.package_identification:_identify(pkg-stage/Stage) by extension 'ignore'
[0.404s] Level 1:colcon.colcon_core.package_identification:_identify(pkg-stage/Stage) by extension 'ignore_ament_install'
[0.404s] Level 1:colcon.colcon_core.package_identification:_identify(pkg-stage/Stage) by extensions ['colcon_pkg']
[0.406s] Level 1:colcon.colcon_core.package_identification:_identify(pkg-stage/Stage) by extension 'colcon_pkg'
[0.407s] Level 1:colcon.colcon_core.package_identification:_identify(pkg-stage/Stage) by extensions ['colcon_meta']
[0.408s] Level 1:colcon.colcon_core.package_identification:_identify(pkg-stage/Stage) by extension 'colcon_meta'
[0.409s] Level 1:colcon.colcon_core.package_identification:_identify(pkg-stage/Stage) by extensions ['ros']
[0.410s] Level 1:colcon.colcon_core.package_identification:_identify(pkg-stage/Stage) by extension 'ros'
[0.411s] Level 1:colcon.colcon_core.package_identification:_identify(pkg-stage/Stage) by extensions ['cmake', 'python']
[0.413s] Level 1:colcon.colcon_core.package_identification:_identify(pkg-stage/Stage) by extension 'cmake'
[0.465s] Level 1:colcon.colcon_core.package_identification:_identify(pkg-stage/Stage) by extension 'python'
[0.466s] DEBUG:colcon.colcon_core.package_identification:Package 'pkg-stage/Stage' with type 'cmake' and name 'Stage'
[0.467s] Level 1:colcon.colcon_core.package_identification:_identify(pkg-stage/stage_ros2) by extensions ['ignore', 'ignore_ament_install']
[0.468s] Level 1:colcon.colcon_core.package_identification:_identify(pkg-stage/stage_ros2) by extension 'ignore'
[0.470s] Level 1:colcon.colcon_core.package_identification:_identify(pkg-stage/stage_ros2) by extension 'ignore_ament_install'
[0.478s] Level 1:colcon.colcon_core.package_identification:_identify(pkg-stage/stage_ros2) by extensions ['colcon_pkg']
[0.478s] Level 1:colcon.colcon_core.package_identification:_identify(pkg-stage/stage_ros2) by extension 'colcon_pkg'
[0.480s] Level 1:colcon.colcon_core.package_identification:_identify(pkg-stage/stage_ros2) by extensions ['colcon_meta']
[0.480s] Level 1:colcon.colcon_core.package_identification:_identify(pkg-stage/stage_ros2) by extension 'colcon_meta'
[0.497s] Level 1:colcon.colcon_core.package_identification:_identify(pkg-stage/stage_ros2) by extensions ['ros']
[0.499s] Level 1:colcon.colcon_core.package_identification:_identify(pkg-stage/stage_ros2) by extension 'ros'
[0.513s] DEBUG:colcon.colcon_core.package_identification:Package 'pkg-stage/stage_ros2' with type 'ros.ament_cmake' and name 'stage_ros2'
[0.514s] Level 1:colcon.colcon_core.package_identification:_identify(playground) by extensions ['ignore', 'ignore_ament_install']
[0.515s] Level 1:colcon.colcon_core.package_identification:_identify(playground) by extension 'ignore'
[0.517s] Level 1:colcon.colcon_core.package_identification:_identify(playground) by extension 'ignore_ament_install'
[0.517s] Level 1:colcon.colcon_core.package_identification:_identify(playground) by extensions ['colcon_pkg']
[0.519s] Level 1:colcon.colcon_core.package_identification:_identify(playground) by extension 'colcon_pkg'
[0.519s] Level 1:colcon.colcon_core.package_identification:_identify(playground) by extensions ['colcon_meta']
[0.519s] Level 1:colcon.colcon_core.package_identification:_identify(playground) by extension 'colcon_meta'
[0.521s] Level 1:colcon.colcon_core.package_identification:_identify(playground) by extensions ['ros']
[0.521s] Level 1:colcon.colcon_core.package_identification:_identify(playground) by extension 'ros'
[0.524s] Level 1:colcon.colcon_core.package_identification:_identify(playground) by extensions ['cmake', 'python']
[0.526s] Level 1:colcon.colcon_core.package_identification:_identify(playground) by extension 'cmake'
[0.526s] Level 1:colcon.colcon_core.package_identification:_identify(playground) by extension 'python'
[0.528s] Level 1:colcon.colcon_core.package_identification:_identify(playground) by extensions ['python_setup_py']
[0.528s] Level 1:colcon.colcon_core.package_identification:_identify(playground) by extension 'python_setup_py'
[0.528s] Level 1:colcon.colcon_core.package_discovery:discover_packages(recursive) using defaults
[0.530s] Level 1:colcon.colcon_core.package_discovery:discover_packages(ignore) discover
[0.530s] Level 1:colcon.colcon_core.package_discovery:discover_packages(ignore) using defaults
[0.532s] Level 1:colcon.colcon_core.package_discovery:discover_packages(path) discover
[0.534s] Level 1:colcon.colcon_core.package_discovery:discover_packages(path) using defaults
[0.564s] Level 1:colcon.colcon_core.package_discovery:discover_packages(prefix_path) check parameters
[0.564s] Level 1:colcon.colcon_core.package_discovery:discover_packages(prefix_path) discover
[0.566s] WARNING:colcon.colcon_ros.prefix_path.ament:The path '/home/imtne.local/leo.chouippe/ros_space/install/tutorial_pkg' in the environment variable AMENT_PREFIX_PATH doesn't exist
[0.567s] WARNING:colcon.colcon_ros.prefix_path.catkin:The path '/home/imtne.local/leo.chouippe/ros_space/install/tutorial_pkg' in the environment variable CMAKE_PREFIX_PATH doesn't exist
[0.580s] DEBUG:colcon.colcon_installed_package_information.package_discovery:Found 0 installed packages in /home/imtne.local/leo.chouippe/ros_space/install
[0.583s] DEBUG:colcon.colcon_installed_package_information.package_discovery:Found 1 installed packages in /home/imtne.local/leo.chouippe/install
[0.584s] DEBUG:colcon.colcon_installed_package_information.package_discovery:Found 372 installed packages in /opt/ros/iron
[0.586s] Level 1:colcon.colcon_core.package_discovery:discover_packages(prefix_path) using defaults
[0.635s] Level 5:colcon.colcon_core.verb:set package 'Stage' build argument 'cmake_args' from command line to 'None'
[0.635s] Level 5:colcon.colcon_core.verb:set package 'Stage' build argument 'cmake_target' from command line to 'None'
[0.635s] Level 5:colcon.colcon_core.verb:set package 'Stage' build argument 'cmake_target_skip_unavailable' from command line to 'False'
[0.635s] Level 5:colcon.colcon_core.verb:set package 'Stage' build argument 'cmake_clean_cache' from command line to 'False'
[0.635s] Level 5:colcon.colcon_core.verb:set package 'Stage' build argument 'cmake_clean_first' from command line to 'False'
[0.648s] Level 5:colcon.colcon_core.verb:set package 'Stage' build argument 'cmake_force_configure' from command line to 'False'
[0.649s] Level 5:colcon.colcon_core.verb:set package 'Stage' build argument 'ament_cmake_args' from command line to 'None'
[0.649s] Level 5:colcon.colcon_core.verb:set package 'Stage' build argument 'catkin_cmake_args' from command line to 'None'
[0.651s] Level 5:colcon.colcon_core.verb:set package 'Stage' build argument 'catkin_skip_building_tests' from command line to 'False'
[0.651s] DEBUG:colcon.colcon_core.verb:Building package 'Stage' with the following arguments: {'ament_cmake_args': None, 'build_base': '/home/imtne.local/leo.chouippe/ros_space/build/Stage', 'catkin_cmake_args': None, 'catkin_skip_building_tests': False, 'cmake_args': None, 'cmake_clean_cache': False, 'cmake_clean_first': False, 'cmake_force_configure': False, 'cmake_target': None, 'cmake_target_skip_unavailable': False, 'install_base': '/home/imtne.local/leo.chouippe/ros_space/install/Stage', 'merge_install': False, 'path': '/home/imtne.local/leo.chouippe/ros_space/pkg-stage/Stage', 'symlink_install': False, 'test_result_base': None}
[0.652s] Level 5:colcon.colcon_core.verb:set package 'stage_ros2' build argument 'cmake_args' from command line to 'None'
[0.653s] Level 5:colcon.colcon_core.verb:set package 'stage_ros2' build argument 'cmake_target' from command line to 'None'
[0.653s] Level 5:colcon.colcon_core.verb:set package 'stage_ros2' build argument 'cmake_target_skip_unavailable' from command line to 'False'
[0.653s] Level 5:colcon.colcon_core.verb:set package 'stage_ros2' build argument 'cmake_clean_cache' from command line to 'False'
[0.655s] Level 5:colcon.colcon_core.verb:set package 'stage_ros2' build argument 'cmake_clean_first' from command line to 'False'
[0.658s] Level 5:colcon.colcon_core.verb:set package 'stage_ros2' build argument 'cmake_force_configure' from command line to 'False'
[0.660s] Level 5:colcon.colcon_core.verb:set package 'stage_ros2' build argument 'ament_cmake_args' from command line to 'None'
[0.662s] Level 5:colcon.colcon_core.verb:set package 'stage_ros2' build argument 'catkin_cmake_args' from command line to 'None'
[0.665s] Level 5:colcon.colcon_core.verb:set package 'stage_ros2' build argument 'catkin_skip_building_tests' from command line to 'False'
[0.667s] DEBUG:colcon.colcon_core.verb:Building package 'stage_ros2' with the following arguments: {'ament_cmake_args': None, 'build_base': '/home/imtne.local/leo.chouippe/ros_space/build/stage_ros2', 'catkin_cmake_args': None, 'catkin_skip_building_tests': False, 'cmake_args': None, 'cmake_clean_cache': False, 'cmake_clean_first': False, 'cmake_force_configure': False, 'cmake_target': None, 'cmake_target_skip_unavailable': False, 'install_base': '/home/imtne.local/leo.chouippe/ros_space/install/stage_ros2', 'merge_install': False, 'path': '/home/imtne.local/leo.chouippe/ros_space/pkg-stage/stage_ros2', 'symlink_install': False, 'test_result_base': None}
[0.670s] INFO:colcon.colcon_core.executor:Executing jobs using 'parallel' executor
[0.674s] DEBUG:colcon.colcon_parallel_executor.executor.parallel:run_until_complete
[0.675s] INFO:colcon.colcon_cmake.task.cmake.build:Building CMake package in '/home/imtne.local/leo.chouippe/ros_space/pkg-stage/Stage'
[0.678s] INFO:colcon.colcon_core.plugin_system:Skipping extension 'colcon_core.shell.bat': Not used on non-Windows systems
[0.680s] INFO:colcon.colcon_core.shell:Skip shell extension 'powershell' for command environment: Not usable outside of PowerShell
[0.681s] DEBUG:colcon.colcon_core.shell:Skip shell extension 'dsv' for command environment
[0.736s] DEBUG:colcon.colcon_core.event_handler.log_command:Invoking command in '/home/imtne.local/leo.chouippe/ros_space/build/Stage': /usr/bin/cmake /home/imtne.local/leo.chouippe/ros_space/pkg-stage/Stage -DCMAKE_INSTALL_PREFIX=/home/imtne.local/leo.chouippe/ros_space/install/Stage
[8.441s] DEBUG:colcon.colcon_core.event_handler.log_command:Invoked command in '/home/imtne.local/leo.chouippe/ros_space/build/Stage' returned '0': /usr/bin/cmake /home/imtne.local/leo.chouippe/ros_space/pkg-stage/Stage -DCMAKE_INSTALL_PREFIX=/home/imtne.local/leo.chouippe/ros_space/install/Stage
[8.456s] DEBUG:colcon.colcon_core.event_handler.log_command:Invoking command in '/home/imtne.local/leo.chouippe/ros_space/build/Stage': /usr/bin/cmake --build /home/imtne.local/leo.chouippe/ros_space/build/Stage -- -j12 -l12
[21.015s] DEBUG:colcon.colcon_core.event_handler.log_command:Invoked command in '/home/imtne.local/leo.chouippe/ros_space/build/Stage' returned '0': /usr/bin/cmake --build /home/imtne.local/leo.chouippe/ros_space/build/Stage -- -j12 -l12
[21.126s] DEBUG:colcon.colcon_core.event_handler.log_command:Invoking command in '/home/imtne.local/leo.chouippe/ros_space/build/Stage': /usr/bin/cmake --install /home/imtne.local/leo.chouippe/ros_space/build/Stage
[24.684s] Level 1:colcon.colcon_core.environment:create_environment_scripts_only(Stage)
[24.686s] DEBUG:colcon.colcon_core.event_handler.log_command:Invoked command in '/home/imtne.local/leo.chouippe/ros_space/build/Stage' returned '0': /usr/bin/cmake --install /home/imtne.local/leo.chouippe/ros_space/build/Stage
[24.699s] Level 1:colcon.colcon_core.environment:checking '/home/imtne.local/leo.chouippe/ros_space/install/Stage' for CMake module files
[24.705s] Level 1:colcon.colcon_core.environment:checking '/home/imtne.local/leo.chouippe/ros_space/install/Stage' for CMake config files
[24.711s] Level 1:colcon.colcon_core.shell:create_environment_hook('Stage', 'cmake_prefix_path')
[24.712s] INFO:colcon.colcon_core.shell:Creating environment hook '/home/imtne.local/leo.chouippe/ros_space/install/Stage/share/Stage/hook/cmake_prefix_path.ps1'
[24.721s] INFO:colcon.colcon_core.shell:Creating environment descriptor '/home/imtne.local/leo.chouippe/ros_space/install/Stage/share/Stage/hook/cmake_prefix_path.dsv'
[24.727s] INFO:colcon.colcon_core.shell:Creating environment hook '/home/imtne.local/leo.chouippe/ros_space/install/Stage/share/Stage/hook/cmake_prefix_path.sh'
[24.747s] Level 1:colcon.colcon_core.environment:checking '/home/imtne.local/leo.chouippe/ros_space/install/Stage/lib'
[24.749s] Level 1:colcon.colcon_core.shell:create_environment_hook('Stage', 'ld_library_path_lib')
[24.750s] INFO:colcon.colcon_core.shell:Creating environment hook '/home/imtne.local/leo.chouippe/ros_space/install/Stage/share/Stage/hook/ld_library_path_lib.ps1'
[24.757s] INFO:colcon.colcon_core.shell:Creating environment descriptor '/home/imtne.local/leo.chouippe/ros_space/install/Stage/share/Stage/hook/ld_library_path_lib.dsv'
[24.768s] INFO:colcon.colcon_core.shell:Creating environment hook '/home/imtne.local/leo.chouippe/ros_space/install/Stage/share/Stage/hook/ld_library_path_lib.sh'
[24.775s] Level 1:colcon.colcon_core.environment:checking '/home/imtne.local/leo.chouippe/ros_space/install/Stage/bin'
[24.776s] Level 1:colcon.colcon_core.shell:create_environment_hook('Stage', 'path')
[24.778s] INFO:colcon.colcon_core.shell:Creating environment hook '/home/imtne.local/leo.chouippe/ros_space/install/Stage/share/Stage/hook/path.ps1'
[24.783s] INFO:colcon.colcon_core.shell:Creating environment descriptor '/home/imtne.local/leo.chouippe/ros_space/install/Stage/share/Stage/hook/path.dsv'
[24.788s] INFO:colcon.colcon_core.shell:Creating environment hook '/home/imtne.local/leo.chouippe/ros_space/install/Stage/share/Stage/hook/path.sh'
[24.799s] Level 1:colcon.colcon_core.environment:checking '/home/imtne.local/leo.chouippe/ros_space/install/Stage/lib/pkgconfig/Stage.pc'
[24.801s] Level 1:colcon.colcon_core.environment:checking '/home/imtne.local/leo.chouippe/ros_space/install/Stage/lib/python3.10/site-packages'
[24.804s] Level 1:colcon.colcon_core.environment:checking '/home/imtne.local/leo.chouippe/ros_space/install/Stage/bin'
[24.805s] Level 1:colcon.colcon_core.shell:create_environment_hook('Stage', 'pythonscriptspath')
[24.807s] INFO:colcon.colcon_core.shell:Creating environment hook '/home/imtne.local/leo.chouippe/ros_space/install/Stage/share/Stage/hook/pythonscriptspath.ps1'
[24.818s] INFO:colcon.colcon_core.shell:Creating environment descriptor '/home/imtne.local/leo.chouippe/ros_space/install/Stage/share/Stage/hook/pythonscriptspath.dsv'
[24.823s] INFO:colcon.colcon_core.shell:Creating environment hook '/home/imtne.local/leo.chouippe/ros_space/install/Stage/share/Stage/hook/pythonscriptspath.sh'
[24.829s] INFO:colcon.colcon_core.shell:Creating package script '/home/imtne.local/leo.chouippe/ros_space/install/Stage/share/Stage/package.ps1'
[24.838s] INFO:colcon.colcon_core.shell:Creating package descriptor '/home/imtne.local/leo.chouippe/ros_space/install/Stage/share/Stage/package.dsv'
[24.845s] INFO:colcon.colcon_core.shell:Creating package script '/home/imtne.local/leo.chouippe/ros_space/install/Stage/share/Stage/package.sh'
[24.852s] INFO:colcon.colcon_core.shell:Creating package script '/home/imtne.local/leo.chouippe/ros_space/install/Stage/share/Stage/package.bash'
[24.860s] INFO:colcon.colcon_core.shell:Creating package script '/home/imtne.local/leo.chouippe/ros_space/install/Stage/share/Stage/package.zsh'
[24.875s] Level 1:colcon.colcon_core.environment:create_file_with_runtime_dependencies(/home/imtne.local/leo.chouippe/ros_space/install/Stage/share/colcon-core/packages/Stage)
[24.903s] INFO:colcon.colcon_ros.task.ament_cmake.build:Building ROS package in '/home/imtne.local/leo.chouippe/ros_space/pkg-stage/stage_ros2' with build type 'ament_cmake'
[24.904s] INFO:colcon.colcon_cmake.task.cmake.build:Building CMake package in '/home/imtne.local/leo.chouippe/ros_space/pkg-stage/stage_ros2'
[24.907s] INFO:colcon.colcon_core.shell:Skip shell extension 'powershell' for command environment: Not usable outside of PowerShell
[24.907s] DEBUG:colcon.colcon_core.shell:Skip shell extension 'dsv' for command environment
[24.999s] DEBUG:colcon.colcon_core.event_handler.log_command:Invoking command in '/home/imtne.local/leo.chouippe/ros_space/build/stage_ros2': CMAKE_PREFIX_PATH=/home/imtne.local/leo.chouippe/ros_space/install/Stage:/home/imtne.local/leo.chouippe/ros_space/install/tutorial_pkg:/home/imtne.local/leo.chouippe/install/tutorial_pkg:/opt/ros/iron LD_LIBRARY_PATH=/home/imtne.local/leo.chouippe/ros_space/install/Stage/lib:${LD_LIBRARY_PATH} PATH=/home/imtne.local/leo.chouippe/ros_space/install/Stage/bin:${PATH} /usr/bin/cmake /home/imtne.local/leo.chouippe/ros_space/pkg-stage/stage_ros2 -DCMAKE_INSTALL_PREFIX=/home/imtne.local/leo.chouippe/ros_space/install/stage_ros2
[32.474s] DEBUG:colcon.colcon_core.event_handler.log_command:Invoked command in '/home/imtne.local/leo.chouippe/ros_space/build/stage_ros2' returned '0': CMAKE_PREFIX_PATH=/home/imtne.local/leo.chouippe/ros_space/install/Stage:/home/imtne.local/leo.chouippe/ros_space/install/tutorial_pkg:/home/imtne.local/leo.chouippe/install/tutorial_pkg:/opt/ros/iron LD_LIBRARY_PATH=/home/imtne.local/leo.chouippe/ros_space/install/Stage/lib:${LD_LIBRARY_PATH} PATH=/home/imtne.local/leo.chouippe/ros_space/install/Stage/bin:${PATH} /usr/bin/cmake /home/imtne.local/leo.chouippe/ros_space/pkg-stage/stage_ros2 -DCMAKE_INSTALL_PREFIX=/home/imtne.local/leo.chouippe/ros_space/install/stage_ros2
[32.484s] DEBUG:colcon.colcon_core.event_handler.log_command:Invoking command in '/home/imtne.local/leo.chouippe/ros_space/build/stage_ros2': CMAKE_PREFIX_PATH=/home/imtne.local/leo.chouippe/ros_space/install/Stage:/home/imtne.local/leo.chouippe/ros_space/install/tutorial_pkg:/home/imtne.local/leo.chouippe/install/tutorial_pkg:/opt/ros/iron LD_LIBRARY_PATH=/home/imtne.local/leo.chouippe/ros_space/install/Stage/lib:${LD_LIBRARY_PATH} PATH=/home/imtne.local/leo.chouippe/ros_space/install/Stage/bin:${PATH} /usr/bin/cmake --build /home/imtne.local/leo.chouippe/ros_space/build/stage_ros2 -- -j12 -l12
[57.224s] DEBUG:colcon.colcon_core.event_handler.log_command:Invoked command in '/home/imtne.local/leo.chouippe/ros_space/build/stage_ros2' returned '0': CMAKE_PREFIX_PATH=/home/imtne.local/leo.chouippe/ros_space/install/Stage:/home/imtne.local/leo.chouippe/ros_space/install/tutorial_pkg:/home/imtne.local/leo.chouippe/install/tutorial_pkg:/opt/ros/iron LD_LIBRARY_PATH=/home/imtne.local/leo.chouippe/ros_space/install/Stage/lib:${LD_LIBRARY_PATH} PATH=/home/imtne.local/leo.chouippe/ros_space/install/Stage/bin:${PATH} /usr/bin/cmake --build /home/imtne.local/leo.chouippe/ros_space/build/stage_ros2 -- -j12 -l12
[57.346s] DEBUG:colcon.colcon_core.event_handler.log_command:Invoking command in '/home/imtne.local/leo.chouippe/ros_space/build/stage_ros2': CMAKE_PREFIX_PATH=/home/imtne.local/leo.chouippe/ros_space/install/Stage:/home/imtne.local/leo.chouippe/ros_space/install/tutorial_pkg:/home/imtne.local/leo.chouippe/install/tutorial_pkg:/opt/ros/iron LD_LIBRARY_PATH=/home/imtne.local/leo.chouippe/ros_space/install/Stage/lib:${LD_LIBRARY_PATH} PATH=/home/imtne.local/leo.chouippe/ros_space/install/Stage/bin:${PATH} /usr/bin/cmake --install /home/imtne.local/leo.chouippe/ros_space/build/stage_ros2
[61.001s] Level 1:colcon.colcon_core.environment:create_environment_scripts_only(stage_ros2)
[61.002s] Level 1:colcon.colcon_core.environment:checking '/home/imtne.local/leo.chouippe/ros_space/install/stage_ros2' for CMake module files
[61.004s] DEBUG:colcon.colcon_core.event_handler.log_command:Invoked command in '/home/imtne.local/leo.chouippe/ros_space/build/stage_ros2' returned '0': CMAKE_PREFIX_PATH=/home/imtne.local/leo.chouippe/ros_space/install/Stage:/home/imtne.local/leo.chouippe/ros_space/install/tutorial_pkg:/home/imtne.local/leo.chouippe/install/tutorial_pkg:/opt/ros/iron LD_LIBRARY_PATH=/home/imtne.local/leo.chouippe/ros_space/install/Stage/lib:${LD_LIBRARY_PATH} PATH=/home/imtne.local/leo.chouippe/ros_space/install/Stage/bin:${PATH} /usr/bin/cmake --install /home/imtne.local/leo.chouippe/ros_space/build/stage_ros2
[61.012s] Level 1:colcon.colcon_core.environment:checking '/home/imtne.local/leo.chouippe/ros_space/install/stage_ros2' for CMake config files
[61.028s] Level 1:colcon.colcon_core.shell:create_environment_hook('stage_ros2', 'cmake_prefix_path')
[61.037s] INFO:colcon.colcon_core.shell:Creating environment hook '/home/imtne.local/leo.chouippe/ros_space/install/stage_ros2/share/stage_ros2/hook/cmake_prefix_path.ps1'
[61.058s] INFO:colcon.colcon_core.shell:Creating environment descriptor '/home/imtne.local/leo.chouippe/ros_space/install/stage_ros2/share/stage_ros2/hook/cmake_prefix_path.dsv'
[61.065s] INFO:colcon.colcon_core.shell:Creating environment hook '/home/imtne.local/leo.chouippe/ros_space/install/stage_ros2/share/stage_ros2/hook/cmake_prefix_path.sh'
[61.076s] Level 1:colcon.colcon_core.environment:checking '/home/imtne.local/leo.chouippe/ros_space/install/stage_ros2/lib'
[61.078s] Level 1:colcon.colcon_core.shell:create_environment_hook('stage_ros2', 'ld_library_path_lib')
[61.085s] INFO:colcon.colcon_core.shell:Creating environment hook '/home/imtne.local/leo.chouippe/ros_space/install/stage_ros2/share/stage_ros2/hook/ld_library_path_lib.ps1'
[61.096s] INFO:colcon.colcon_core.shell:Creating environment descriptor '/home/imtne.local/leo.chouippe/ros_space/install/stage_ros2/share/stage_ros2/hook/ld_library_path_lib.dsv'
[61.103s] INFO:colcon.colcon_core.shell:Creating environment hook '/home/imtne.local/leo.chouippe/ros_space/install/stage_ros2/share/stage_ros2/hook/ld_library_path_lib.sh'
[61.114s] Level 1:colcon.colcon_core.environment:checking '/home/imtne.local/leo.chouippe/ros_space/install/stage_ros2/bin'
[61.115s] Level 1:colcon.colcon_core.environment:checking '/home/imtne.local/leo.chouippe/ros_space/install/stage_ros2/lib/pkgconfig/stage_ros2.pc'
[61.121s] Level 1:colcon.colcon_core.environment:checking '/home/imtne.local/leo.chouippe/ros_space/install/stage_ros2/lib/python3.10/site-packages'
[61.123s] Level 1:colcon.colcon_core.environment:checking '/home/imtne.local/leo.chouippe/ros_space/install/stage_ros2/bin'
[61.127s] INFO:colcon.colcon_core.shell:Creating package script '/home/imtne.local/leo.chouippe/ros_space/install/stage_ros2/share/stage_ros2/package.ps1'
[61.140s] INFO:colcon.colcon_core.shell:Creating package descriptor '/home/imtne.local/leo.chouippe/ros_space/install/stage_ros2/share/stage_ros2/package.dsv'
[61.163s] INFO:colcon.colcon_core.shell:Creating package script '/home/imtne.local/leo.chouippe/ros_space/install/stage_ros2/share/stage_ros2/package.sh'
[61.176s] INFO:colcon.colcon_core.shell:Creating package script '/home/imtne.local/leo.chouippe/ros_space/install/stage_ros2/share/stage_ros2/package.bash'
[61.187s] INFO:colcon.colcon_core.shell:Creating package script '/home/imtne.local/leo.chouippe/ros_space/install/stage_ros2/share/stage_ros2/package.zsh'
[61.193s] Level 1:colcon.colcon_core.environment:create_file_with_runtime_dependencies(/home/imtne.local/leo.chouippe/ros_space/install/stage_ros2/share/colcon-core/packages/stage_ros2)
[61.239s] Level 1:colcon.colcon_core.environment:create_environment_scripts_only(stage_ros2)
[61.239s] Level 1:colcon.colcon_core.environment:checking '/home/imtne.local/leo.chouippe/ros_space/install/stage_ros2' for CMake module files
[61.246s] Level 1:colcon.colcon_core.environment:checking '/home/imtne.local/leo.chouippe/ros_space/install/stage_ros2' for CMake config files
[61.254s] Level 1:colcon.colcon_core.shell:create_environment_hook('stage_ros2', 'cmake_prefix_path')
[61.255s] INFO:colcon.colcon_core.shell:Creating environment hook '/home/imtne.local/leo.chouippe/ros_space/install/stage_ros2/share/stage_ros2/hook/cmake_prefix_path.ps1'
[61.266s] INFO:colcon.colcon_core.shell:Creating environment descriptor '/home/imtne.local/leo.chouippe/ros_space/install/stage_ros2/share/stage_ros2/hook/cmake_prefix_path.dsv'
[61.275s] INFO:colcon.colcon_core.shell:Creating environment hook '/home/imtne.local/leo.chouippe/ros_space/install/stage_ros2/share/stage_ros2/hook/cmake_prefix_path.sh'
[61.283s] Level 1:colcon.colcon_core.environment:checking '/home/imtne.local/leo.chouippe/ros_space/install/stage_ros2/lib'
[61.284s] Level 1:colcon.colcon_core.shell:create_environment_hook('stage_ros2', 'ld_library_path_lib')
[61.286s] INFO:colcon.colcon_core.shell:Creating environment hook '/home/imtne.local/leo.chouippe/ros_space/install/stage_ros2/share/stage_ros2/hook/ld_library_path_lib.ps1'
[61.296s] INFO:colcon.colcon_core.shell:Creating environment descriptor '/home/imtne.local/leo.chouippe/ros_space/install/stage_ros2/share/stage_ros2/hook/ld_library_path_lib.dsv'
[61.304s] INFO:colcon.colcon_core.shell:Creating environment hook '/home/imtne.local/leo.chouippe/ros_space/install/stage_ros2/share/stage_ros2/hook/ld_library_path_lib.sh'
[61.310s] Level 1:colcon.colcon_core.environment:checking '/home/imtne.local/leo.chouippe/ros_space/install/stage_ros2/bin'
[61.311s] Level 1:colcon.colcon_core.environment:checking '/home/imtne.local/leo.chouippe/ros_space/install/stage_ros2/lib/pkgconfig/stage_ros2.pc'
[61.312s] Level 1:colcon.colcon_core.environment:checking '/home/imtne.local/leo.chouippe/ros_space/install/stage_ros2/lib/python3.10/site-packages'
[61.314s] Level 1:colcon.colcon_core.environment:checking '/home/imtne.local/leo.chouippe/ros_space/install/stage_ros2/bin'
[61.317s] INFO:colcon.colcon_core.shell:Creating package script '/home/imtne.local/leo.chouippe/ros_space/install/stage_ros2/share/stage_ros2/package.ps1'
[61.351s] INFO:colcon.colcon_core.shell:Creating package descriptor '/home/imtne.local/leo.chouippe/ros_space/install/stage_ros2/share/stage_ros2/package.dsv'
[61.362s] INFO:colcon.colcon_core.shell:Creating package script '/home/imtne.local/leo.chouippe/ros_space/install/stage_ros2/share/stage_ros2/package.sh'
[61.369s] INFO:colcon.colcon_core.shell:Creating package script '/home/imtne.local/leo.chouippe/ros_space/install/stage_ros2/share/stage_ros2/package.bash'
[61.378s] INFO:colcon.colcon_core.shell:Creating package script '/home/imtne.local/leo.chouippe/ros_space/install/stage_ros2/share/stage_ros2/package.zsh'
[61.393s] Level 1:colcon.colcon_core.environment:create_file_with_runtime_dependencies(/home/imtne.local/leo.chouippe/ros_space/install/stage_ros2/share/colcon-core/packages/stage_ros2)
[61.403s] DEBUG:colcon.colcon_parallel_executor.executor.parallel:closing loop
[61.403s] DEBUG:colcon.colcon_parallel_executor.executor.parallel:loop closed
[61.404s] DEBUG:colcon.colcon_parallel_executor.executor.parallel:run_until_complete finished with '0'
[61.404s] DEBUG:colcon.colcon_core.event_reactor:joining thread
[61.436s] INFO:colcon.colcon_core.plugin_system:Skipping extension 'colcon_notification.desktop_notification.terminal_notifier': Not used on non-Darwin systems
[61.437s] INFO:colcon.colcon_core.plugin_system:Skipping extension 'colcon_notification.desktop_notification.win32': Not used on non-Windows systems
[61.437s] INFO:colcon.colcon_notification.desktop_notification:Sending desktop notification using 'notify2'
[61.486s] DEBUG:colcon.colcon_core.event_reactor:joined thread
[61.487s] INFO:colcon.colcon_core.shell:Creating prefix script '/home/imtne.local/leo.chouippe/ros_space/install/local_setup.ps1'
[61.512s] INFO:colcon.colcon_core.shell:Creating prefix util module '/home/imtne.local/leo.chouippe/ros_space/install/_local_setup_util_ps1.py'
[61.528s] INFO:colcon.colcon_core.shell:Creating prefix chain script '/home/imtne.local/leo.chouippe/ros_space/install/setup.ps1'
[61.540s] INFO:colcon.colcon_core.shell:Creating prefix script '/home/imtne.local/leo.chouippe/ros_space/install/local_setup.sh'
[61.551s] INFO:colcon.colcon_core.shell:Creating prefix util module '/home/imtne.local/leo.chouippe/ros_space/install/_local_setup_util_sh.py'
[61.560s] INFO:colcon.colcon_core.shell:Creating prefix chain script '/home/imtne.local/leo.chouippe/ros_space/install/setup.sh'
[61.575s] INFO:colcon.colcon_core.shell:Creating prefix script '/home/imtne.local/leo.chouippe/ros_space/install/local_setup.bash'
[61.581s] INFO:colcon.colcon_core.shell:Creating prefix chain script '/home/imtne.local/leo.chouippe/ros_space/install/setup.bash'
[61.593s] INFO:colcon.colcon_core.shell:Creating prefix script '/home/imtne.local/leo.chouippe/ros_space/install/local_setup.zsh'
[61.599s] INFO:colcon.colcon_core.shell:Creating prefix chain script '/home/imtne.local/leo.chouippe/ros_space/install/setup.zsh'
