-- Found ament_cmake: 2.0.6 (/opt/ros/iron/share/ament_cmake/cmake)
-- Found ament_lint_auto: 0.14.4 (/opt/ros/iron/share/ament_lint_auto/cmake)
-- Added test 'lint_cmake' to check CMake code style
-- Added test 'xmllint' to check XML markup files
-- Configuring done
-- Generating done
-- Build files have been written to: /home/imtne.local/leo.chouippe/ros_space/build/tutorial_pkg
-- Install configuration: ""
-- Up-to-date: /home/imtne.local/leo.chouippe/ros_space/install/tutorial_pkg/lib/tutorial_pkg/talker
-- Up-to-date: /home/imtne.local/leo.chouippe/ros_space/install/tutorial_pkg/lib/tutorial_pkg/listener
-- Up-to-date: /home/imtne.local/leo.chouippe/ros_space/install/tutorial_pkg/share/tutorial_pkg//launch
-- Up-to-date: /home/imtne.local/leo.chouippe/ros_space/install/tutorial_pkg/share/tutorial_pkg//launch/converse_launch.yaml
-- Installing: /home/imtne.local/leo.chouippe/ros_space/install/tutorial_pkg/share/ament_index/resource_index/package_run_dependencies/tutorial_pkg
-- Installing: /home/imtne.local/leo.chouippe/ros_space/install/tutorial_pkg/share/ament_index/resource_index/parent_prefix_path/tutorial_pkg
-- Installing: /home/imtne.local/leo.chouippe/ros_space/install/tutorial_pkg/share/tutorial_pkg/environment/ament_prefix_path.sh
-- Installing: /home/imtne.local/leo.chouippe/ros_space/install/tutorial_pkg/share/tutorial_pkg/environment/ament_prefix_path.dsv
-- Installing: /home/imtne.local/leo.chouippe/ros_space/install/tutorial_pkg/share/tutorial_pkg/environment/path.sh
-- Installing: /home/imtne.local/leo.chouippe/ros_space/install/tutorial_pkg/share/tutorial_pkg/environment/path.dsv
-- Installing: /home/imtne.local/leo.chouippe/ros_space/install/tutorial_pkg/share/tutorial_pkg/local_setup.bash
-- Installing: /home/imtne.local/leo.chouippe/ros_space/install/tutorial_pkg/share/tutorial_pkg/local_setup.sh
-- Installing: /home/imtne.local/leo.chouippe/ros_space/install/tutorial_pkg/share/tutorial_pkg/local_setup.zsh
-- Installing: /home/imtne.local/leo.chouippe/ros_space/install/tutorial_pkg/share/tutorial_pkg/local_setup.dsv
-- Installing: /home/imtne.local/leo.chouippe/ros_space/install/tutorial_pkg/share/tutorial_pkg/package.dsv
-- Installing: /home/imtne.local/leo.chouippe/ros_space/install/tutorial_pkg/share/ament_index/resource_index/packages/tutorial_pkg
-- Installing: /home/imtne.local/leo.chouippe/ros_space/install/tutorial_pkg/share/tutorial_pkg/cmake/tutorial_pkgConfig.cmake
-- Installing: /home/imtne.local/leo.chouippe/ros_space/install/tutorial_pkg/share/tutorial_pkg/cmake/tutorial_pkgConfig-version.cmake
-- Installing: /home/imtne.local/leo.chouippe/ros_space/install/tutorial_pkg/share/tutorial_pkg/package.xml
