[0.216s] Invoking command in '/home/imtne.local/leo.chouippe/ros_space/build/tutorial_pkg': CMAKE_PREFIX_PATH=${CMAKE_PREFIX_PATH}:/opt/ros/iron /usr/bin/cmake --build /home/imtne.local/leo.chouippe/ros_space/build/tutorial_pkg -- -j12 -l12
[0.280s] -- Found ament_cmake: 2.0.6 (/opt/ros/iron/share/ament_cmake/cmake)
[0.580s] -- Found ament_lint_auto: 0.14.4 (/opt/ros/iron/share/ament_lint_auto/cmake)
[0.795s] -- Added test 'lint_cmake' to check CMake code style
[0.829s] -- Added test 'xmllint' to check XML markup files
[0.896s] -- Configuring done
[1.468s] -- Generating done
[1.798s] -- Build files have been written to: /home/imtne.local/leo.chouippe/ros_space/build/tutorial_pkg
[1.798s] Invoked command in '/home/imtne.local/leo.chouippe/ros_space/build/tutorial_pkg' returned '0': CMAKE_PREFIX_PATH=${CMAKE_PREFIX_PATH}:/opt/ros/iron /usr/bin/cmake --build /home/imtne.local/leo.chouippe/ros_space/build/tutorial_pkg -- -j12 -l12
[2.094s] Invoking command in '/home/imtne.local/leo.chouippe/ros_space/build/tutorial_pkg': CMAKE_PREFIX_PATH=${CMAKE_PREFIX_PATH}:/opt/ros/iron /usr/bin/cmake --install /home/imtne.local/leo.chouippe/ros_space/build/tutorial_pkg
[2.121s] -- Install configuration: ""
[2.124s] -- Up-to-date: /home/imtne.local/leo.chouippe/ros_space/install/tutorial_pkg/lib/tutorial_pkg/talker
[2.135s] -- Up-to-date: /home/imtne.local/leo.chouippe/ros_space/install/tutorial_pkg/lib/tutorial_pkg/listener
[2.137s] -- Up-to-date: /home/imtne.local/leo.chouippe/ros_space/install/tutorial_pkg/share/tutorial_pkg//launch
[2.139s] -- Up-to-date: /home/imtne.local/leo.chouippe/ros_space/install/tutorial_pkg/share/tutorial_pkg//launch/converse_launch.yaml
[2.142s] -- Installing: /home/imtne.local/leo.chouippe/ros_space/install/tutorial_pkg/share/ament_index/resource_index/package_run_dependencies/tutorial_pkg
[2.176s] -- Installing: /home/imtne.local/leo.chouippe/ros_space/install/tutorial_pkg/share/ament_index/resource_index/parent_prefix_path/tutorial_pkg
[2.197s] -- Installing: /home/imtne.local/leo.chouippe/ros_space/install/tutorial_pkg/share/tutorial_pkg/environment/ament_prefix_path.sh
[2.232s] -- Installing: /home/imtne.local/leo.chouippe/ros_space/install/tutorial_pkg/share/tutorial_pkg/environment/ament_prefix_path.dsv
[2.261s] -- Installing: /home/imtne.local/leo.chouippe/ros_space/install/tutorial_pkg/share/tutorial_pkg/environment/path.sh
[2.315s] -- Installing: /home/imtne.local/leo.chouippe/ros_space/install/tutorial_pkg/share/tutorial_pkg/environment/path.dsv
[2.352s] -- Installing: /home/imtne.local/leo.chouippe/ros_space/install/tutorial_pkg/share/tutorial_pkg/local_setup.bash
[2.375s] -- Installing: /home/imtne.local/leo.chouippe/ros_space/install/tutorial_pkg/share/tutorial_pkg/local_setup.sh
[2.405s] -- Installing: /home/imtne.local/leo.chouippe/ros_space/install/tutorial_pkg/share/tutorial_pkg/local_setup.zsh
[2.428s] -- Installing: /home/imtne.local/leo.chouippe/ros_space/install/tutorial_pkg/share/tutorial_pkg/local_setup.dsv
[2.457s] -- Installing: /home/imtne.local/leo.chouippe/ros_space/install/tutorial_pkg/share/tutorial_pkg/package.dsv
[2.496s] -- Installing: /home/imtne.local/leo.chouippe/ros_space/install/tutorial_pkg/share/ament_index/resource_index/packages/tutorial_pkg
[2.538s] -- Installing: /home/imtne.local/leo.chouippe/ros_space/install/tutorial_pkg/share/tutorial_pkg/cmake/tutorial_pkgConfig.cmake
[2.552s] -- Installing: /home/imtne.local/leo.chouippe/ros_space/install/tutorial_pkg/share/tutorial_pkg/cmake/tutorial_pkgConfig-version.cmake
[2.606s] -- Installing: /home/imtne.local/leo.chouippe/ros_space/install/tutorial_pkg/share/tutorial_pkg/package.xml
[2.631s] Invoked command in '/home/imtne.local/leo.chouippe/ros_space/build/tutorial_pkg' returned '0': CMAKE_PREFIX_PATH=${CMAKE_PREFIX_PATH}:/opt/ros/iron /usr/bin/cmake --install /home/imtne.local/leo.chouippe/ros_space/build/tutorial_pkg
