-- The C compiler identification is GNU 11.4.0
-- The CXX compiler identification is GNU 11.4.0
-- Detecting C compiler ABI info
-- Detecting C compiler ABI info - done
-- Check for working C compiler: /usr/bin/cc - skipped
-- Detecting C compile features
-- Detecting C compile features - done
-- Detecting CXX compiler ABI info
-- Detecting CXX compiler ABI info - done
-- Check for working CXX compiler: /usr/bin/c++ - skipped
-- Detecting CXX compile features
-- Detecting CXX compile features - done
-- Found ament_cmake: 2.0.6 (/opt/ros/iron/share/ament_cmake/cmake)
-- Found Python3: /usr/bin/python3.10 (found version "3.10.12") found components: Interpreter 
-- Found ament_lint_auto: 0.14.4 (/opt/ros/iron/share/ament_lint_auto/cmake)
-- Configuring done
-- Generating done
-- Build files have been written to: /home/imtne.local/leo.chouippe/ros_space/build/tbot_sim
-- Install configuration: ""
-- Installing: /home/imtne.local/leo.chouippe/ros_space/install/tbot_sim/share/tbot_sim/launch
-- Installing: /home/imtne.local/leo.chouippe/ros_space/install/tbot_sim/share/tbot_sim/launch/challenge-1.launch.py
-- Installing: /home/imtne.local/leo.chouippe/ros_space/install/tbot_sim/share/tbot_sim/launch/challenge-2.launch.py
-- Installing: /home/imtne.local/leo.chouippe/ros_space/install/tbot_sim/share/tbot_sim/launch/challenge-3.launch.py
-- Installing: /home/imtne.local/leo.chouippe/ros_space/install/tbot_sim/share/tbot_sim/launch/includes
-- Installing: /home/imtne.local/leo.chouippe/ros_space/install/tbot_sim/share/tbot_sim/launch/includes/challenge.launch.py
-- Installing: /home/imtne.local/leo.chouippe/ros_space/install/tbot_sim/share/tbot_sim/launch/includes/gazebo.launch.py
-- Installing: /home/imtne.local/leo.chouippe/ros_space/install/tbot_sim/share/tbot_sim/launch/includes/spawn_create.launch.py
-- Installing: /home/imtne.local/leo.chouippe/ros_space/install/tbot_sim/share/tbot_sim/launch/includes/spawn_entity.launch.py
-- Installing: /home/imtne.local/leo.chouippe/ros_space/install/tbot_sim/share/tbot_sim/launch/includes/spawn_kobuki.launch.py
-- Installing: /home/imtne.local/leo.chouippe/ros_space/install/tbot_sim/share/tbot_sim/launch/includes/spawn_tbot.launch.py
-- Installing: /home/imtne.local/leo.chouippe/ros_space/install/tbot_sim/share/tbot_sim/models
-- Installing: /home/imtne.local/leo.chouippe/ros_space/install/tbot_sim/share/tbot_sim/models/SYV_office_chairs
-- Installing: /home/imtne.local/leo.chouippe/ros_space/install/tbot_sim/share/tbot_sim/models/SYV_office_chairs/meshes
-- Installing: /home/imtne.local/leo.chouippe/ros_space/install/tbot_sim/share/tbot_sim/models/SYV_office_chairs/meshes/chair.dae
-- Installing: /home/imtne.local/leo.chouippe/ros_space/install/tbot_sim/share/tbot_sim/models/SYV_office_chairs/model.config
-- Installing: /home/imtne.local/leo.chouippe/ros_space/install/tbot_sim/share/tbot_sim/models/SYV_office_chairs/model.sdf
-- Installing: /home/imtne.local/leo.chouippe/ros_space/install/tbot_sim/share/tbot_sim/models/SYV_office_desks
-- Installing: /home/imtne.local/leo.chouippe/ros_space/install/tbot_sim/share/tbot_sim/models/SYV_office_desks/meshes
-- Installing: /home/imtne.local/leo.chouippe/ros_space/install/tbot_sim/share/tbot_sim/models/SYV_office_desks/meshes/woodfurn.dae
-- Installing: /home/imtne.local/leo.chouippe/ros_space/install/tbot_sim/share/tbot_sim/models/SYV_office_desks/model.config
-- Installing: /home/imtne.local/leo.chouippe/ros_space/install/tbot_sim/share/tbot_sim/models/SYV_office_desks/model.sdf
-- Installing: /home/imtne.local/leo.chouippe/ros_space/install/tbot_sim/share/tbot_sim/models/SYV_office_walls
-- Installing: /home/imtne.local/leo.chouippe/ros_space/install/tbot_sim/share/tbot_sim/models/SYV_office_walls/meshes
-- Installing: /home/imtne.local/leo.chouippe/ros_space/install/tbot_sim/share/tbot_sim/models/SYV_office_walls/meshes/walls.dae
-- Installing: /home/imtne.local/leo.chouippe/ros_space/install/tbot_sim/share/tbot_sim/models/SYV_office_walls/model.config
-- Installing: /home/imtne.local/leo.chouippe/ros_space/install/tbot_sim/share/tbot_sim/models/SYV_office_walls/model.sdf
-- Installing: /home/imtne.local/leo.chouippe/ros_space/install/tbot_sim/share/tbot_sim/models/create
-- Installing: /home/imtne.local/leo.chouippe/ros_space/install/tbot_sim/share/tbot_sim/models/create/materials
-- Installing: /home/imtne.local/leo.chouippe/ros_space/install/tbot_sim/share/tbot_sim/models/create/materials/textures
-- Installing: /home/imtne.local/leo.chouippe/ros_space/install/tbot_sim/share/tbot_sim/models/create/materials/textures/create_body.png
-- Installing: /home/imtne.local/leo.chouippe/ros_space/install/tbot_sim/share/tbot_sim/models/create/meshes
-- Installing: /home/imtne.local/leo.chouippe/ros_space/install/tbot_sim/share/tbot_sim/models/create/meshes/create_body.dae
-- Installing: /home/imtne.local/leo.chouippe/ros_space/install/tbot_sim/share/tbot_sim/models/create/model-1_2.sdf
-- Installing: /home/imtne.local/leo.chouippe/ros_space/install/tbot_sim/share/tbot_sim/models/create/model-1_3.sdf
-- Installing: /home/imtne.local/leo.chouippe/ros_space/install/tbot_sim/share/tbot_sim/models/create/model-1_4.sdf
-- Installing: /home/imtne.local/leo.chouippe/ros_space/install/tbot_sim/share/tbot_sim/models/create/model.config
-- Installing: /home/imtne.local/leo.chouippe/ros_space/install/tbot_sim/share/tbot_sim/models/create/model.sdf
-- Installing: /home/imtne.local/leo.chouippe/ros_space/install/tbot_sim/share/tbot_sim/models/hokuyo
-- Installing: /home/imtne.local/leo.chouippe/ros_space/install/tbot_sim/share/tbot_sim/models/hokuyo/meshes
-- Installing: /home/imtne.local/leo.chouippe/ros_space/install/tbot_sim/share/tbot_sim/models/hokuyo/meshes/hokuyo.dae
-- Installing: /home/imtne.local/leo.chouippe/ros_space/install/tbot_sim/share/tbot_sim/models/hokuyo/meshes/hokuyo_convex.stl
-- Installing: /home/imtne.local/leo.chouippe/ros_space/install/tbot_sim/share/tbot_sim/models/hokuyo/model-1_2.sdf
-- Installing: /home/imtne.local/leo.chouippe/ros_space/install/tbot_sim/share/tbot_sim/models/hokuyo/model-1_3.sdf
-- Installing: /home/imtne.local/leo.chouippe/ros_space/install/tbot_sim/share/tbot_sim/models/hokuyo/model-1_4.sdf
-- Installing: /home/imtne.local/leo.chouippe/ros_space/install/tbot_sim/share/tbot_sim/models/hokuyo/model.config
-- Installing: /home/imtne.local/leo.chouippe/ros_space/install/tbot_sim/share/tbot_sim/models/hokuyo/model.sdf
-- Installing: /home/imtne.local/leo.chouippe/ros_space/install/tbot_sim/share/tbot_sim/models/kinect
-- Installing: /home/imtne.local/leo.chouippe/ros_space/install/tbot_sim/share/tbot_sim/models/kinect/materials
-- Installing: /home/imtne.local/leo.chouippe/ros_space/install/tbot_sim/share/tbot_sim/models/kinect/materials/textures
-- Installing: /home/imtne.local/leo.chouippe/ros_space/install/tbot_sim/share/tbot_sim/models/kinect/materials/textures/kinect.png
-- Installing: /home/imtne.local/leo.chouippe/ros_space/install/tbot_sim/share/tbot_sim/models/kinect/meshes
-- Installing: /home/imtne.local/leo.chouippe/ros_space/install/tbot_sim/share/tbot_sim/models/kinect/meshes/kinect.dae
-- Installing: /home/imtne.local/leo.chouippe/ros_space/install/tbot_sim/share/tbot_sim/models/kinect/model-1_2.sdf
-- Installing: /home/imtne.local/leo.chouippe/ros_space/install/tbot_sim/share/tbot_sim/models/kinect/model-1_3.sdf
-- Installing: /home/imtne.local/leo.chouippe/ros_space/install/tbot_sim/share/tbot_sim/models/kinect/model-1_4.sdf
-- Installing: /home/imtne.local/leo.chouippe/ros_space/install/tbot_sim/share/tbot_sim/models/kinect/model.config
-- Installing: /home/imtne.local/leo.chouippe/ros_space/install/tbot_sim/share/tbot_sim/models/kinect/model.sdf
-- Installing: /home/imtne.local/leo.chouippe/ros_space/install/tbot_sim/share/tbot_sim/models/kobuki
-- Installing: /home/imtne.local/leo.chouippe/ros_space/install/tbot_sim/share/tbot_sim/models/kobuki/materials
-- Installing: /home/imtne.local/leo.chouippe/ros_space/install/tbot_sim/share/tbot_sim/models/kobuki/materials/textures
-- Installing: /home/imtne.local/leo.chouippe/ros_space/install/tbot_sim/share/tbot_sim/models/kobuki/materials/textures/main_body.jpg
-- Installing: /home/imtne.local/leo.chouippe/ros_space/install/tbot_sim/share/tbot_sim/models/kobuki/materials/textures/wheel.jpg
-- Installing: /home/imtne.local/leo.chouippe/ros_space/install/tbot_sim/share/tbot_sim/models/kobuki/meshes
-- Installing: /home/imtne.local/leo.chouippe/ros_space/install/tbot_sim/share/tbot_sim/models/kobuki/meshes/main_body.dae
-- Installing: /home/imtne.local/leo.chouippe/ros_space/install/tbot_sim/share/tbot_sim/models/kobuki/meshes/wheel.dae
-- Installing: /home/imtne.local/leo.chouippe/ros_space/install/tbot_sim/share/tbot_sim/models/kobuki/model.config
-- Installing: /home/imtne.local/leo.chouippe/ros_space/install/tbot_sim/share/tbot_sim/models/kobuki/model.sdf
-- Installing: /home/imtne.local/leo.chouippe/ros_space/install/tbot_sim/share/tbot_sim/models/kobuki_model
-- Installing: /home/imtne.local/leo.chouippe/ros_space/install/tbot_sim/share/tbot_sim/models/kobuki_model/meshes
-- Installing: /home/imtne.local/leo.chouippe/ros_space/install/tbot_sim/share/tbot_sim/models/kobuki_model/meshes/hokuyo.dae
-- Installing: /home/imtne.local/leo.chouippe/ros_space/install/tbot_sim/share/tbot_sim/models/kobuki_model/meshes/images
-- Installing: /home/imtne.local/leo.chouippe/ros_space/install/tbot_sim/share/tbot_sim/models/kobuki_model/meshes/images/main_body.jpg
-- Installing: /home/imtne.local/leo.chouippe/ros_space/install/tbot_sim/share/tbot_sim/models/kobuki_model/meshes/images/wheel.jpg
-- Installing: /home/imtne.local/leo.chouippe/ros_space/install/tbot_sim/share/tbot_sim/models/kobuki_model/meshes/main_body.dae
-- Installing: /home/imtne.local/leo.chouippe/ros_space/install/tbot_sim/share/tbot_sim/models/kobuki_model/meshes/wheel.dae
-- Installing: /home/imtne.local/leo.chouippe/ros_space/install/tbot_sim/share/tbot_sim/models/kobuki_model/model.config
-- Installing: /home/imtne.local/leo.chouippe/ros_space/install/tbot_sim/share/tbot_sim/models/kobuki_model/model.sdf
-- Installing: /home/imtne.local/leo.chouippe/ros_space/install/tbot_sim/share/tbot_sim/models/nuka_cola
-- Installing: /home/imtne.local/leo.chouippe/ros_space/install/tbot_sim/share/tbot_sim/models/nuka_cola/materials
-- Installing: /home/imtne.local/leo.chouippe/ros_space/install/tbot_sim/share/tbot_sim/models/nuka_cola/materials/textures
-- Installing: /home/imtne.local/leo.chouippe/ros_space/install/tbot_sim/share/tbot_sim/models/nuka_cola/materials/textures/nuka_cola.png
-- Installing: /home/imtne.local/leo.chouippe/ros_space/install/tbot_sim/share/tbot_sim/models/nuka_cola/meshes
-- Installing: /home/imtne.local/leo.chouippe/ros_space/install/tbot_sim/share/tbot_sim/models/nuka_cola/meshes/can.dae
-- Installing: /home/imtne.local/leo.chouippe/ros_space/install/tbot_sim/share/tbot_sim/models/nuka_cola/model.config
-- Installing: /home/imtne.local/leo.chouippe/ros_space/install/tbot_sim/share/tbot_sim/models/nuka_cola/model.sdf
-- Installing: /home/imtne.local/leo.chouippe/ros_space/install/tbot_sim/share/tbot_sim/models/tbot
-- Installing: /home/imtne.local/leo.chouippe/ros_space/install/tbot_sim/share/tbot_sim/models/tbot/materials
-- Installing: /home/imtne.local/leo.chouippe/ros_space/install/tbot_sim/share/tbot_sim/models/tbot/materials/textures
-- Installing: /home/imtne.local/leo.chouippe/ros_space/install/tbot_sim/share/tbot_sim/models/tbot/materials/textures/1f_stack.jpg
-- Installing: /home/imtne.local/leo.chouippe/ros_space/install/tbot_sim/share/tbot_sim/models/tbot/materials/textures/2f_stack.jpg
-- Installing: /home/imtne.local/leo.chouippe/ros_space/install/tbot_sim/share/tbot_sim/models/tbot/materials/textures/3f_stack.jpg
-- Installing: /home/imtne.local/leo.chouippe/ros_space/install/tbot_sim/share/tbot_sim/models/tbot/meshes
-- Installing: /home/imtne.local/leo.chouippe/ros_space/install/tbot_sim/share/tbot_sim/models/tbot/meshes/plate_bottom.dae
-- Installing: /home/imtne.local/leo.chouippe/ros_space/install/tbot_sim/share/tbot_sim/models/tbot/meshes/plate_middle.dae
-- Installing: /home/imtne.local/leo.chouippe/ros_space/install/tbot_sim/share/tbot_sim/models/tbot/meshes/plate_top.dae
-- Installing: /home/imtne.local/leo.chouippe/ros_space/install/tbot_sim/share/tbot_sim/models/tbot/model.config
-- Installing: /home/imtne.local/leo.chouippe/ros_space/install/tbot_sim/share/tbot_sim/models/tbot/model.sdf
-- Installing: /home/imtne.local/leo.chouippe/ros_space/install/tbot_sim/share/tbot_sim/models/turtlebot
-- Installing: /home/imtne.local/leo.chouippe/ros_space/install/tbot_sim/share/tbot_sim/models/turtlebot/materials
-- Installing: /home/imtne.local/leo.chouippe/ros_space/install/tbot_sim/share/tbot_sim/models/turtlebot/materials/textures
-- Installing: /home/imtne.local/leo.chouippe/ros_space/install/tbot_sim/share/tbot_sim/models/turtlebot/materials/textures/68-02421-8000-RA_Turtlebot_F-F_Standoff_color.png
-- Installing: /home/imtne.local/leo.chouippe/ros_space/install/tbot_sim/share/tbot_sim/models/turtlebot/materials/textures/68-04552-1000-RA_Turtlebot_M-F_Standoff_color.png
-- Installing: /home/imtne.local/leo.chouippe/ros_space/install/tbot_sim/share/tbot_sim/models/turtlebot/materials/textures/68-04552-2000-RA_Turtlebot_M-F_Standoff_color.png
-- Installing: /home/imtne.local/leo.chouippe/ros_space/install/tbot_sim/share/tbot_sim/models/turtlebot/materials/textures/create_body.png
-- Installing: /home/imtne.local/leo.chouippe/ros_space/install/tbot_sim/share/tbot_sim/models/turtlebot/materials/textures/plate_0_logo.png
-- Installing: /home/imtne.local/leo.chouippe/ros_space/install/tbot_sim/share/tbot_sim/models/turtlebot/materials/textures/plate_1_logo.png
-- Installing: /home/imtne.local/leo.chouippe/ros_space/install/tbot_sim/share/tbot_sim/models/turtlebot/materials/textures/plate_2_logo.png
-- Installing: /home/imtne.local/leo.chouippe/ros_space/install/tbot_sim/share/tbot_sim/models/turtlebot/meshes
-- Installing: /home/imtne.local/leo.chouippe/ros_space/install/tbot_sim/share/tbot_sim/models/turtlebot/meshes/68-02403-125_Spacer.dae
-- Installing: /home/imtne.local/leo.chouippe/ros_space/install/tbot_sim/share/tbot_sim/models/turtlebot/meshes/68-02421-8000-RA_Turtlebot_F-F_Standoff.dae
-- Installing: /home/imtne.local/leo.chouippe/ros_space/install/tbot_sim/share/tbot_sim/models/turtlebot/meshes/68-04552-1000-RA_Turtlebot_M-F_Standoff.dae
-- Installing: /home/imtne.local/leo.chouippe/ros_space/install/tbot_sim/share/tbot_sim/models/turtlebot/meshes/68-04552-2000-RA_Turtlebot_M-F_Standoff.dae
-- Installing: /home/imtne.local/leo.chouippe/ros_space/install/tbot_sim/share/tbot_sim/models/turtlebot/meshes/68-04556-RA_Kinect_Standoff_Assy.dae
-- Installing: /home/imtne.local/leo.chouippe/ros_space/install/tbot_sim/share/tbot_sim/models/turtlebot/meshes/create_body.dae
-- Installing: /home/imtne.local/leo.chouippe/ros_space/install/tbot_sim/share/tbot_sim/models/turtlebot/meshes/plate_0_logo.dae
-- Installing: /home/imtne.local/leo.chouippe/ros_space/install/tbot_sim/share/tbot_sim/models/turtlebot/meshes/plate_1_logo.dae
-- Installing: /home/imtne.local/leo.chouippe/ros_space/install/tbot_sim/share/tbot_sim/models/turtlebot/meshes/plate_2_logo.dae
-- Installing: /home/imtne.local/leo.chouippe/ros_space/install/tbot_sim/share/tbot_sim/models/turtlebot/model-1_2.sdf
-- Installing: /home/imtne.local/leo.chouippe/ros_space/install/tbot_sim/share/tbot_sim/models/turtlebot/model-1_3.sdf
-- Installing: /home/imtne.local/leo.chouippe/ros_space/install/tbot_sim/share/tbot_sim/models/turtlebot/model-1_4.sdf
-- Installing: /home/imtne.local/leo.chouippe/ros_space/install/tbot_sim/share/tbot_sim/models/turtlebot/model.config
-- Installing: /home/imtne.local/leo.chouippe/ros_space/install/tbot_sim/share/tbot_sim/models/turtlebot/model.sdf
-- Installing: /home/imtne.local/leo.chouippe/ros_space/install/tbot_sim/share/tbot_sim/models/willowgarage
-- Installing: /home/imtne.local/leo.chouippe/ros_space/install/tbot_sim/share/tbot_sim/models/willowgarage/materials
-- Installing: /home/imtne.local/leo.chouippe/ros_space/install/tbot_sim/share/tbot_sim/models/willowgarage/materials/textures
-- Installing: /home/imtne.local/leo.chouippe/ros_space/install/tbot_sim/share/tbot_sim/models/willowgarage/materials/textures/Carpet_Berber_Pattern_Gray_.png
-- Installing: /home/imtne.local/leo.chouippe/ros_space/install/tbot_sim/share/tbot_sim/models/willowgarage/materials/textures/Stone_Brushed_Khaki_.png
-- Installing: /home/imtne.local/leo.chouippe/ros_space/install/tbot_sim/share/tbot_sim/models/willowgarage/materials/textures/Wood_Bamboo_Medium_.png
-- Installing: /home/imtne.local/leo.chouippe/ros_space/install/tbot_sim/share/tbot_sim/models/willowgarage/materials/textures/Wood_Cherry_Original_.png
-- Installing: /home/imtne.local/leo.chouippe/ros_space/install/tbot_sim/share/tbot_sim/models/willowgarage/materials/textures/__Wood_Bamboo_Medium_1.png
-- Installing: /home/imtne.local/leo.chouippe/ros_space/install/tbot_sim/share/tbot_sim/models/willowgarage/materials/textures/__auto_12.png
-- Installing: /home/imtne.local/leo.chouippe/ros_space/install/tbot_sim/share/tbot_sim/models/willowgarage/materials/textures/__auto_2.png
-- Installing: /home/imtne.local/leo.chouippe/ros_space/install/tbot_sim/share/tbot_sim/models/willowgarage/meshes
-- Installing: /home/imtne.local/leo.chouippe/ros_space/install/tbot_sim/share/tbot_sim/models/willowgarage/meshes/willowgarage_collision.dae
-- Installing: /home/imtne.local/leo.chouippe/ros_space/install/tbot_sim/share/tbot_sim/models/willowgarage/meshes/willowgarage_visual.dae
-- Installing: /home/imtne.local/leo.chouippe/ros_space/install/tbot_sim/share/tbot_sim/models/willowgarage/model-1_2.sdf
-- Installing: /home/imtne.local/leo.chouippe/ros_space/install/tbot_sim/share/tbot_sim/models/willowgarage/model-1_3.sdf
-- Installing: /home/imtne.local/leo.chouippe/ros_space/install/tbot_sim/share/tbot_sim/models/willowgarage/model-1_4.sdf
-- Installing: /home/imtne.local/leo.chouippe/ros_space/install/tbot_sim/share/tbot_sim/models/willowgarage/model.config
-- Installing: /home/imtne.local/leo.chouippe/ros_space/install/tbot_sim/share/tbot_sim/models/willowgarage/model.sdf
-- Installing: /home/imtne.local/leo.chouippe/ros_space/install/tbot_sim/share/tbot_sim/urdf
-- Installing: /home/imtne.local/leo.chouippe/ros_space/install/tbot_sim/share/tbot_sim/urdf/create.urdf
-- Installing: /home/imtne.local/leo.chouippe/ros_space/install/tbot_sim/share/tbot_sim/urdf/kobuki_standalone.urdf
-- Installing: /home/imtne.local/leo.chouippe/ros_space/install/tbot_sim/share/tbot_sim/urdf/tbot.urdf
-- Installing: /home/imtne.local/leo.chouippe/ros_space/install/tbot_sim/share/tbot_sim/worlds
-- Installing: /home/imtne.local/leo.chouippe/ros_space/install/tbot_sim/share/tbot_sim/worlds/challenge-1.world
-- Installing: /home/imtne.local/leo.chouippe/ros_space/install/tbot_sim/share/tbot_sim/worlds/challenge-2.world
-- Installing: /home/imtne.local/leo.chouippe/ros_space/install/tbot_sim/share/tbot_sim/worlds/challenge-3.world
-- Installing: /home/imtne.local/leo.chouippe/ros_space/install/tbot_sim/share/tbot_sim/worlds/empty.world
-- Installing: /home/imtne.local/leo.chouippe/ros_space/install/tbot_sim/share/ament_index/resource_index/package_run_dependencies/tbot_sim
-- Installing: /home/imtne.local/leo.chouippe/ros_space/install/tbot_sim/share/ament_index/resource_index/parent_prefix_path/tbot_sim
-- Installing: /home/imtne.local/leo.chouippe/ros_space/install/tbot_sim/share/tbot_sim/environment/ament_prefix_path.sh
-- Installing: /home/imtne.local/leo.chouippe/ros_space/install/tbot_sim/share/tbot_sim/environment/ament_prefix_path.dsv
-- Installing: /home/imtne.local/leo.chouippe/ros_space/install/tbot_sim/share/tbot_sim/environment/path.sh
-- Installing: /home/imtne.local/leo.chouippe/ros_space/install/tbot_sim/share/tbot_sim/environment/path.dsv
-- Installing: /home/imtne.local/leo.chouippe/ros_space/install/tbot_sim/share/tbot_sim/local_setup.bash
-- Installing: /home/imtne.local/leo.chouippe/ros_space/install/tbot_sim/share/tbot_sim/local_setup.sh
-- Installing: /home/imtne.local/leo.chouippe/ros_space/install/tbot_sim/share/tbot_sim/local_setup.zsh
-- Installing: /home/imtne.local/leo.chouippe/ros_space/install/tbot_sim/share/tbot_sim/local_setup.dsv
-- Installing: /home/imtne.local/leo.chouippe/ros_space/install/tbot_sim/share/tbot_sim/package.dsv
-- Installing: /home/imtne.local/leo.chouippe/ros_space/install/tbot_sim/share/ament_index/resource_index/packages/tbot_sim
-- Installing: /home/imtne.local/leo.chouippe/ros_space/install/tbot_sim/share/tbot_sim/cmake/tbot_simConfig.cmake
-- Installing: /home/imtne.local/leo.chouippe/ros_space/install/tbot_sim/share/tbot_sim/cmake/tbot_simConfig-version.cmake
-- Installing: /home/imtne.local/leo.chouippe/ros_space/install/tbot_sim/share/tbot_sim/package.xml
