[0.163s] Invoking command in '/home/imtne.local/leo.chouippe/ros_space/build/tbot_sim': CMAKE_PREFIX_PATH=${CMAKE_PREFIX_PATH}:/opt/ros/iron /usr/bin/cmake /home/imtne.local/leo.chouippe/ros_space/pkg-tsim/tbot_sim -DCMAKE_INSTALL_PREFIX=/home/imtne.local/leo.chouippe/ros_space/install/tbot_sim
[0.485s] -- The C compiler identification is GNU 11.4.0
[0.721s] -- The CXX compiler identification is GNU 11.4.0
[0.758s] -- Detecting C compiler ABI info
[1.482s] -- Detecting C compiler ABI info - done
[1.514s] -- Check for working C compiler: /usr/bin/cc - skipped
[1.514s] -- Detecting C compile features
[1.514s] -- Detecting C compile features - done
[1.544s] -- Detecting CXX compiler ABI info
[2.323s] -- Detecting CXX compiler ABI info - done
[2.549s] -- Check for working CXX compiler: /usr/bin/c++ - skipped
[2.567s] -- Detecting CXX compile features
[2.567s] -- Detecting CXX compile features - done
[2.627s] -- Found ament_cmake: 2.0.6 (/opt/ros/iron/share/ament_cmake/cmake)
[2.841s] -- Found Python3: /usr/bin/python3.10 (found version "3.10.12") found components: Interpreter 
[3.427s] -- Found ament_lint_auto: 0.14.4 (/opt/ros/iron/share/ament_lint_auto/cmake)
[3.875s] -- Configuring done
[4.211s] -- Generating done
[4.315s] -- Build files have been written to: /home/imtne.local/leo.chouippe/ros_space/build/tbot_sim
[4.327s] Invoked command in '/home/imtne.local/leo.chouippe/ros_space/build/tbot_sim' returned '0': CMAKE_PREFIX_PATH=${CMAKE_PREFIX_PATH}:/opt/ros/iron /usr/bin/cmake /home/imtne.local/leo.chouippe/ros_space/pkg-tsim/tbot_sim -DCMAKE_INSTALL_PREFIX=/home/imtne.local/leo.chouippe/ros_space/install/tbot_sim
[4.329s] Invoking command in '/home/imtne.local/leo.chouippe/ros_space/build/tbot_sim': CMAKE_PREFIX_PATH=${CMAKE_PREFIX_PATH}:/opt/ros/iron /usr/bin/cmake --build /home/imtne.local/leo.chouippe/ros_space/build/tbot_sim -- -j12 -l12
[4.438s] Invoked command in '/home/imtne.local/leo.chouippe/ros_space/build/tbot_sim' returned '0': CMAKE_PREFIX_PATH=${CMAKE_PREFIX_PATH}:/opt/ros/iron /usr/bin/cmake --build /home/imtne.local/leo.chouippe/ros_space/build/tbot_sim -- -j12 -l12
[4.536s] Invoking command in '/home/imtne.local/leo.chouippe/ros_space/build/tbot_sim': CMAKE_PREFIX_PATH=${CMAKE_PREFIX_PATH}:/opt/ros/iron /usr/bin/cmake --install /home/imtne.local/leo.chouippe/ros_space/build/tbot_sim
[4.570s] -- Install configuration: ""
[4.571s] -- Installing: /home/imtne.local/leo.chouippe/ros_space/install/tbot_sim/share/tbot_sim/launch
[4.603s] -- Installing: /home/imtne.local/leo.chouippe/ros_space/install/tbot_sim/share/tbot_sim/launch/challenge-1.launch.py
[4.651s] -- Installing: /home/imtne.local/leo.chouippe/ros_space/install/tbot_sim/share/tbot_sim/launch/challenge-2.launch.py
[4.679s] -- Installing: /home/imtne.local/leo.chouippe/ros_space/install/tbot_sim/share/tbot_sim/launch/challenge-3.launch.py
[4.694s] -- Installing: /home/imtne.local/leo.chouippe/ros_space/install/tbot_sim/share/tbot_sim/launch/includes
[4.710s] -- Installing: /home/imtne.local/leo.chouippe/ros_space/install/tbot_sim/share/tbot_sim/launch/includes/challenge.launch.py
[4.731s] -- Installing: /home/imtne.local/leo.chouippe/ros_space/install/tbot_sim/share/tbot_sim/launch/includes/gazebo.launch.py
[4.752s] -- Installing: /home/imtne.local/leo.chouippe/ros_space/install/tbot_sim/share/tbot_sim/launch/includes/spawn_create.launch.py
[4.785s] -- Installing: /home/imtne.local/leo.chouippe/ros_space/install/tbot_sim/share/tbot_sim/launch/includes/spawn_entity.launch.py
[4.809s] -- Installing: /home/imtne.local/leo.chouippe/ros_space/install/tbot_sim/share/tbot_sim/launch/includes/spawn_kobuki.launch.py
[4.831s] -- Installing: /home/imtne.local/leo.chouippe/ros_space/install/tbot_sim/share/tbot_sim/launch/includes/spawn_tbot.launch.py
[4.875s] -- Installing: /home/imtne.local/leo.chouippe/ros_space/install/tbot_sim/share/tbot_sim/models
[4.891s] -- Installing: /home/imtne.local/leo.chouippe/ros_space/install/tbot_sim/share/tbot_sim/models/SYV_office_chairs
[4.905s] -- Installing: /home/imtne.local/leo.chouippe/ros_space/install/tbot_sim/share/tbot_sim/models/SYV_office_chairs/meshes
[4.926s] -- Installing: /home/imtne.local/leo.chouippe/ros_space/install/tbot_sim/share/tbot_sim/models/SYV_office_chairs/meshes/chair.dae
[5.296s] -- Installing: /home/imtne.local/leo.chouippe/ros_space/install/tbot_sim/share/tbot_sim/models/SYV_office_chairs/model.config
[5.336s] -- Installing: /home/imtne.local/leo.chouippe/ros_space/install/tbot_sim/share/tbot_sim/models/SYV_office_chairs/model.sdf
[5.364s] -- Installing: /home/imtne.local/leo.chouippe/ros_space/install/tbot_sim/share/tbot_sim/models/SYV_office_desks
[5.396s] -- Installing: /home/imtne.local/leo.chouippe/ros_space/install/tbot_sim/share/tbot_sim/models/SYV_office_desks/meshes
[5.408s] -- Installing: /home/imtne.local/leo.chouippe/ros_space/install/tbot_sim/share/tbot_sim/models/SYV_office_desks/meshes/woodfurn.dae
[5.482s] -- Installing: /home/imtne.local/leo.chouippe/ros_space/install/tbot_sim/share/tbot_sim/models/SYV_office_desks/model.config
[5.522s] -- Installing: /home/imtne.local/leo.chouippe/ros_space/install/tbot_sim/share/tbot_sim/models/SYV_office_desks/model.sdf
[5.549s] -- Installing: /home/imtne.local/leo.chouippe/ros_space/install/tbot_sim/share/tbot_sim/models/SYV_office_walls
[5.557s] -- Installing: /home/imtne.local/leo.chouippe/ros_space/install/tbot_sim/share/tbot_sim/models/SYV_office_walls/meshes
[5.572s] -- Installing: /home/imtne.local/leo.chouippe/ros_space/install/tbot_sim/share/tbot_sim/models/SYV_office_walls/meshes/walls.dae
[5.662s] -- Installing: /home/imtne.local/leo.chouippe/ros_space/install/tbot_sim/share/tbot_sim/models/SYV_office_walls/model.config
[5.687s] -- Installing: /home/imtne.local/leo.chouippe/ros_space/install/tbot_sim/share/tbot_sim/models/SYV_office_walls/model.sdf
[5.710s] -- Installing: /home/imtne.local/leo.chouippe/ros_space/install/tbot_sim/share/tbot_sim/models/create
[5.721s] -- Installing: /home/imtne.local/leo.chouippe/ros_space/install/tbot_sim/share/tbot_sim/models/create/materials
[5.736s] -- Installing: /home/imtne.local/leo.chouippe/ros_space/install/tbot_sim/share/tbot_sim/models/create/materials/textures
[5.747s] -- Installing: /home/imtne.local/leo.chouippe/ros_space/install/tbot_sim/share/tbot_sim/models/create/materials/textures/create_body.png
[5.759s] -- Installing: /home/imtne.local/leo.chouippe/ros_space/install/tbot_sim/share/tbot_sim/models/create/meshes
[5.774s] -- Installing: /home/imtne.local/leo.chouippe/ros_space/install/tbot_sim/share/tbot_sim/models/create/meshes/create_body.dae
[5.952s] -- Installing: /home/imtne.local/leo.chouippe/ros_space/install/tbot_sim/share/tbot_sim/models/create/model-1_2.sdf
[5.979s] -- Installing: /home/imtne.local/leo.chouippe/ros_space/install/tbot_sim/share/tbot_sim/models/create/model-1_3.sdf
[6.004s] -- Installing: /home/imtne.local/leo.chouippe/ros_space/install/tbot_sim/share/tbot_sim/models/create/model-1_4.sdf
[6.028s] -- Installing: /home/imtne.local/leo.chouippe/ros_space/install/tbot_sim/share/tbot_sim/models/create/model.config
[6.055s] -- Installing: /home/imtne.local/leo.chouippe/ros_space/install/tbot_sim/share/tbot_sim/models/create/model.sdf
[6.086s] -- Installing: /home/imtne.local/leo.chouippe/ros_space/install/tbot_sim/share/tbot_sim/models/hokuyo
[6.103s] -- Installing: /home/imtne.local/leo.chouippe/ros_space/install/tbot_sim/share/tbot_sim/models/hokuyo/meshes
[6.113s] -- Installing: /home/imtne.local/leo.chouippe/ros_space/install/tbot_sim/share/tbot_sim/models/hokuyo/meshes/hokuyo.dae
[6.154s] -- Installing: /home/imtne.local/leo.chouippe/ros_space/install/tbot_sim/share/tbot_sim/models/hokuyo/meshes/hokuyo_convex.stl
[6.178s] -- Installing: /home/imtne.local/leo.chouippe/ros_space/install/tbot_sim/share/tbot_sim/models/hokuyo/model-1_2.sdf
[6.216s] -- Installing: /home/imtne.local/leo.chouippe/ros_space/install/tbot_sim/share/tbot_sim/models/hokuyo/model-1_3.sdf
[6.240s] -- Installing: /home/imtne.local/leo.chouippe/ros_space/install/tbot_sim/share/tbot_sim/models/hokuyo/model-1_4.sdf
[6.259s] -- Installing: /home/imtne.local/leo.chouippe/ros_space/install/tbot_sim/share/tbot_sim/models/hokuyo/model.config
[6.276s] -- Installing: /home/imtne.local/leo.chouippe/ros_space/install/tbot_sim/share/tbot_sim/models/hokuyo/model.sdf
[6.293s] -- Installing: /home/imtne.local/leo.chouippe/ros_space/install/tbot_sim/share/tbot_sim/models/kinect
[6.306s] -- Installing: /home/imtne.local/leo.chouippe/ros_space/install/tbot_sim/share/tbot_sim/models/kinect/materials
[6.319s] -- Installing: /home/imtne.local/leo.chouippe/ros_space/install/tbot_sim/share/tbot_sim/models/kinect/materials/textures
[6.335s] -- Installing: /home/imtne.local/leo.chouippe/ros_space/install/tbot_sim/share/tbot_sim/models/kinect/materials/textures/kinect.png
[6.378s] -- Installing: /home/imtne.local/leo.chouippe/ros_space/install/tbot_sim/share/tbot_sim/models/kinect/meshes
[6.389s] -- Installing: /home/imtne.local/leo.chouippe/ros_space/install/tbot_sim/share/tbot_sim/models/kinect/meshes/kinect.dae
[6.504s] -- Installing: /home/imtne.local/leo.chouippe/ros_space/install/tbot_sim/share/tbot_sim/models/kinect/model-1_2.sdf
[6.542s] -- Installing: /home/imtne.local/leo.chouippe/ros_space/install/tbot_sim/share/tbot_sim/models/kinect/model-1_3.sdf
[6.566s] -- Installing: /home/imtne.local/leo.chouippe/ros_space/install/tbot_sim/share/tbot_sim/models/kinect/model-1_4.sdf
[6.601s] -- Installing: /home/imtne.local/leo.chouippe/ros_space/install/tbot_sim/share/tbot_sim/models/kinect/model.config
[6.624s] -- Installing: /home/imtne.local/leo.chouippe/ros_space/install/tbot_sim/share/tbot_sim/models/kinect/model.sdf
[6.652s] -- Installing: /home/imtne.local/leo.chouippe/ros_space/install/tbot_sim/share/tbot_sim/models/kobuki
[6.661s] -- Installing: /home/imtne.local/leo.chouippe/ros_space/install/tbot_sim/share/tbot_sim/models/kobuki/materials
[6.675s] -- Installing: /home/imtne.local/leo.chouippe/ros_space/install/tbot_sim/share/tbot_sim/models/kobuki/materials/textures
[6.693s] -- Installing: /home/imtne.local/leo.chouippe/ros_space/install/tbot_sim/share/tbot_sim/models/kobuki/materials/textures/main_body.jpg
[6.778s] -- Installing: /home/imtne.local/leo.chouippe/ros_space/install/tbot_sim/share/tbot_sim/models/kobuki/materials/textures/wheel.jpg
[6.804s] -- Installing: /home/imtne.local/leo.chouippe/ros_space/install/tbot_sim/share/tbot_sim/models/kobuki/meshes
[6.813s] -- Installing: /home/imtne.local/leo.chouippe/ros_space/install/tbot_sim/share/tbot_sim/models/kobuki/meshes/main_body.dae
[6.908s] -- Installing: /home/imtne.local/leo.chouippe/ros_space/install/tbot_sim/share/tbot_sim/models/kobuki/meshes/wheel.dae
[6.974s] -- Installing: /home/imtne.local/leo.chouippe/ros_space/install/tbot_sim/share/tbot_sim/models/kobuki/model.config
[7.002s] -- Installing: /home/imtne.local/leo.chouippe/ros_space/install/tbot_sim/share/tbot_sim/models/kobuki/model.sdf
[7.030s] -- Installing: /home/imtne.local/leo.chouippe/ros_space/install/tbot_sim/share/tbot_sim/models/kobuki_model
[7.044s] -- Installing: /home/imtne.local/leo.chouippe/ros_space/install/tbot_sim/share/tbot_sim/models/kobuki_model/meshes
[7.060s] -- Installing: /home/imtne.local/leo.chouippe/ros_space/install/tbot_sim/share/tbot_sim/models/kobuki_model/meshes/hokuyo.dae
[7.087s] -- Installing: /home/imtne.local/leo.chouippe/ros_space/install/tbot_sim/share/tbot_sim/models/kobuki_model/meshes/images
[7.098s] -- Installing: /home/imtne.local/leo.chouippe/ros_space/install/tbot_sim/share/tbot_sim/models/kobuki_model/meshes/images/main_body.jpg
[7.173s] -- Installing: /home/imtne.local/leo.chouippe/ros_space/install/tbot_sim/share/tbot_sim/models/kobuki_model/meshes/images/wheel.jpg
[7.217s] -- Installing: /home/imtne.local/leo.chouippe/ros_space/install/tbot_sim/share/tbot_sim/models/kobuki_model/meshes/main_body.dae
[7.323s] -- Installing: /home/imtne.local/leo.chouippe/ros_space/install/tbot_sim/share/tbot_sim/models/kobuki_model/meshes/wheel.dae
[7.391s] -- Installing: /home/imtne.local/leo.chouippe/ros_space/install/tbot_sim/share/tbot_sim/models/kobuki_model/model.config
[7.431s] -- Installing: /home/imtne.local/leo.chouippe/ros_space/install/tbot_sim/share/tbot_sim/models/kobuki_model/model.sdf
[7.456s] -- Installing: /home/imtne.local/leo.chouippe/ros_space/install/tbot_sim/share/tbot_sim/models/nuka_cola
[7.470s] -- Installing: /home/imtne.local/leo.chouippe/ros_space/install/tbot_sim/share/tbot_sim/models/nuka_cola/materials
[7.494s] -- Installing: /home/imtne.local/leo.chouippe/ros_space/install/tbot_sim/share/tbot_sim/models/nuka_cola/materials/textures
[7.506s] -- Installing: /home/imtne.local/leo.chouippe/ros_space/install/tbot_sim/share/tbot_sim/models/nuka_cola/materials/textures/nuka_cola.png
[7.623s] -- Installing: /home/imtne.local/leo.chouippe/ros_space/install/tbot_sim/share/tbot_sim/models/nuka_cola/meshes
[7.640s] -- Installing: /home/imtne.local/leo.chouippe/ros_space/install/tbot_sim/share/tbot_sim/models/nuka_cola/meshes/can.dae
[7.730s] -- Installing: /home/imtne.local/leo.chouippe/ros_space/install/tbot_sim/share/tbot_sim/models/nuka_cola/model.config
[7.774s] -- Installing: /home/imtne.local/leo.chouippe/ros_space/install/tbot_sim/share/tbot_sim/models/nuka_cola/model.sdf
[7.803s] -- Installing: /home/imtne.local/leo.chouippe/ros_space/install/tbot_sim/share/tbot_sim/models/tbot
[7.818s] -- Installing: /home/imtne.local/leo.chouippe/ros_space/install/tbot_sim/share/tbot_sim/models/tbot/materials
[7.834s] -- Installing: /home/imtne.local/leo.chouippe/ros_space/install/tbot_sim/share/tbot_sim/models/tbot/materials/textures
[7.851s] -- Installing: /home/imtne.local/leo.chouippe/ros_space/install/tbot_sim/share/tbot_sim/models/tbot/materials/textures/1f_stack.jpg
[7.899s] -- Installing: /home/imtne.local/leo.chouippe/ros_space/install/tbot_sim/share/tbot_sim/models/tbot/materials/textures/2f_stack.jpg
[7.944s] -- Installing: /home/imtne.local/leo.chouippe/ros_space/install/tbot_sim/share/tbot_sim/models/tbot/materials/textures/3f_stack.jpg
[7.987s] -- Installing: /home/imtne.local/leo.chouippe/ros_space/install/tbot_sim/share/tbot_sim/models/tbot/meshes
[8.004s] -- Installing: /home/imtne.local/leo.chouippe/ros_space/install/tbot_sim/share/tbot_sim/models/tbot/meshes/plate_bottom.dae
[8.031s] -- Installing: /home/imtne.local/leo.chouippe/ros_space/install/tbot_sim/share/tbot_sim/models/tbot/meshes/plate_middle.dae
[8.058s] -- Installing: /home/imtne.local/leo.chouippe/ros_space/install/tbot_sim/share/tbot_sim/models/tbot/meshes/plate_top.dae
[8.101s] -- Installing: /home/imtne.local/leo.chouippe/ros_space/install/tbot_sim/share/tbot_sim/models/tbot/model.config
[8.138s] -- Installing: /home/imtne.local/leo.chouippe/ros_space/install/tbot_sim/share/tbot_sim/models/tbot/model.sdf
[8.174s] -- Installing: /home/imtne.local/leo.chouippe/ros_space/install/tbot_sim/share/tbot_sim/models/turtlebot
[8.183s] -- Installing: /home/imtne.local/leo.chouippe/ros_space/install/tbot_sim/share/tbot_sim/models/turtlebot/materials
[8.192s] -- Installing: /home/imtne.local/leo.chouippe/ros_space/install/tbot_sim/share/tbot_sim/models/turtlebot/materials/textures
[8.207s] -- Installing: /home/imtne.local/leo.chouippe/ros_space/install/tbot_sim/share/tbot_sim/models/turtlebot/materials/textures/68-02421-8000-RA_Turtlebot_F-F_Standoff_color.png
[8.238s] -- Installing: /home/imtne.local/leo.chouippe/ros_space/install/tbot_sim/share/tbot_sim/models/turtlebot/materials/textures/68-04552-1000-RA_Turtlebot_M-F_Standoff_color.png
[8.298s] -- Installing: /home/imtne.local/leo.chouippe/ros_space/install/tbot_sim/share/tbot_sim/models/turtlebot/materials/textures/68-04552-2000-RA_Turtlebot_M-F_Standoff_color.png
[8.341s] -- Installing: /home/imtne.local/leo.chouippe/ros_space/install/tbot_sim/share/tbot_sim/models/turtlebot/materials/textures/create_body.png
[8.362s] -- Installing: /home/imtne.local/leo.chouippe/ros_space/install/tbot_sim/share/tbot_sim/models/turtlebot/materials/textures/plate_0_logo.png
[8.393s] -- Installing: /home/imtne.local/leo.chouippe/ros_space/install/tbot_sim/share/tbot_sim/models/turtlebot/materials/textures/plate_1_logo.png
[8.425s] -- Installing: /home/imtne.local/leo.chouippe/ros_space/install/tbot_sim/share/tbot_sim/models/turtlebot/materials/textures/plate_2_logo.png
[8.463s] -- Installing: /home/imtne.local/leo.chouippe/ros_space/install/tbot_sim/share/tbot_sim/models/turtlebot/meshes
[8.479s] -- Installing: /home/imtne.local/leo.chouippe/ros_space/install/tbot_sim/share/tbot_sim/models/turtlebot/meshes/68-02403-125_Spacer.dae
[8.517s] -- Installing: /home/imtne.local/leo.chouippe/ros_space/install/tbot_sim/share/tbot_sim/models/turtlebot/meshes/68-02421-8000-RA_Turtlebot_F-F_Standoff.dae
[8.584s] -- Installing: /home/imtne.local/leo.chouippe/ros_space/install/tbot_sim/share/tbot_sim/models/turtlebot/meshes/68-04552-1000-RA_Turtlebot_M-F_Standoff.dae
[8.660s] -- Installing: /home/imtne.local/leo.chouippe/ros_space/install/tbot_sim/share/tbot_sim/models/turtlebot/meshes/68-04552-2000-RA_Turtlebot_M-F_Standoff.dae
[8.735s] -- Installing: /home/imtne.local/leo.chouippe/ros_space/install/tbot_sim/share/tbot_sim/models/turtlebot/meshes/68-04556-RA_Kinect_Standoff_Assy.dae
[8.806s] -- Installing: /home/imtne.local/leo.chouippe/ros_space/install/tbot_sim/share/tbot_sim/models/turtlebot/meshes/create_body.dae
[8.995s] -- Installing: /home/imtne.local/leo.chouippe/ros_space/install/tbot_sim/share/tbot_sim/models/turtlebot/meshes/plate_0_logo.dae
[9.025s] -- Installing: /home/imtne.local/leo.chouippe/ros_space/install/tbot_sim/share/tbot_sim/models/turtlebot/meshes/plate_1_logo.dae
[9.051s] -- Installing: /home/imtne.local/leo.chouippe/ros_space/install/tbot_sim/share/tbot_sim/models/turtlebot/meshes/plate_2_logo.dae
[9.091s] -- Installing: /home/imtne.local/leo.chouippe/ros_space/install/tbot_sim/share/tbot_sim/models/turtlebot/model-1_2.sdf
[9.122s] -- Installing: /home/imtne.local/leo.chouippe/ros_space/install/tbot_sim/share/tbot_sim/models/turtlebot/model-1_3.sdf
[9.146s] -- Installing: /home/imtne.local/leo.chouippe/ros_space/install/tbot_sim/share/tbot_sim/models/turtlebot/model-1_4.sdf
[9.177s] -- Installing: /home/imtne.local/leo.chouippe/ros_space/install/tbot_sim/share/tbot_sim/models/turtlebot/model.config
[9.197s] -- Installing: /home/imtne.local/leo.chouippe/ros_space/install/tbot_sim/share/tbot_sim/models/turtlebot/model.sdf
[9.220s] -- Installing: /home/imtne.local/leo.chouippe/ros_space/install/tbot_sim/share/tbot_sim/models/willowgarage
[9.235s] -- Installing: /home/imtne.local/leo.chouippe/ros_space/install/tbot_sim/share/tbot_sim/models/willowgarage/materials
[9.246s] -- Installing: /home/imtne.local/leo.chouippe/ros_space/install/tbot_sim/share/tbot_sim/models/willowgarage/materials/textures
[9.257s] -- Installing: /home/imtne.local/leo.chouippe/ros_space/install/tbot_sim/share/tbot_sim/models/willowgarage/materials/textures/Carpet_Berber_Pattern_Gray_.png
[9.286s] -- Installing: /home/imtne.local/leo.chouippe/ros_space/install/tbot_sim/share/tbot_sim/models/willowgarage/materials/textures/Stone_Brushed_Khaki_.png
[9.322s] -- Installing: /home/imtne.local/leo.chouippe/ros_space/install/tbot_sim/share/tbot_sim/models/willowgarage/materials/textures/Wood_Bamboo_Medium_.png
[9.350s] -- Installing: /home/imtne.local/leo.chouippe/ros_space/install/tbot_sim/share/tbot_sim/models/willowgarage/materials/textures/Wood_Cherry_Original_.png
[9.382s] -- Installing: /home/imtne.local/leo.chouippe/ros_space/install/tbot_sim/share/tbot_sim/models/willowgarage/materials/textures/__Wood_Bamboo_Medium_1.png
[9.421s] -- Installing: /home/imtne.local/leo.chouippe/ros_space/install/tbot_sim/share/tbot_sim/models/willowgarage/materials/textures/__auto_12.png
[9.455s] -- Installing: /home/imtne.local/leo.chouippe/ros_space/install/tbot_sim/share/tbot_sim/models/willowgarage/materials/textures/__auto_2.png
[9.499s] -- Installing: /home/imtne.local/leo.chouippe/ros_space/install/tbot_sim/share/tbot_sim/models/willowgarage/meshes
[9.515s] -- Installing: /home/imtne.local/leo.chouippe/ros_space/install/tbot_sim/share/tbot_sim/models/willowgarage/meshes/willowgarage_collision.dae
[9.658s] -- Installing: /home/imtne.local/leo.chouippe/ros_space/install/tbot_sim/share/tbot_sim/models/willowgarage/meshes/willowgarage_visual.dae
[9.870s] -- Installing: /home/imtne.local/leo.chouippe/ros_space/install/tbot_sim/share/tbot_sim/models/willowgarage/model-1_2.sdf
[9.908s] -- Installing: /home/imtne.local/leo.chouippe/ros_space/install/tbot_sim/share/tbot_sim/models/willowgarage/model-1_3.sdf
[9.929s] -- Installing: /home/imtne.local/leo.chouippe/ros_space/install/tbot_sim/share/tbot_sim/models/willowgarage/model-1_4.sdf
[9.951s] -- Installing: /home/imtne.local/leo.chouippe/ros_space/install/tbot_sim/share/tbot_sim/models/willowgarage/model.config
[9.972s] -- Installing: /home/imtne.local/leo.chouippe/ros_space/install/tbot_sim/share/tbot_sim/models/willowgarage/model.sdf
[9.993s] -- Installing: /home/imtne.local/leo.chouippe/ros_space/install/tbot_sim/share/tbot_sim/urdf
[10.009s] -- Installing: /home/imtne.local/leo.chouippe/ros_space/install/tbot_sim/share/tbot_sim/urdf/create.urdf
[10.038s] -- Installing: /home/imtne.local/leo.chouippe/ros_space/install/tbot_sim/share/tbot_sim/urdf/kobuki_standalone.urdf
[10.062s] -- Installing: /home/imtne.local/leo.chouippe/ros_space/install/tbot_sim/share/tbot_sim/urdf/tbot.urdf
[10.079s] -- Installing: /home/imtne.local/leo.chouippe/ros_space/install/tbot_sim/share/tbot_sim/worlds
[10.091s] -- Installing: /home/imtne.local/leo.chouippe/ros_space/install/tbot_sim/share/tbot_sim/worlds/challenge-1.world
[10.116s] -- Installing: /home/imtne.local/leo.chouippe/ros_space/install/tbot_sim/share/tbot_sim/worlds/challenge-2.world
[10.133s] -- Installing: /home/imtne.local/leo.chouippe/ros_space/install/tbot_sim/share/tbot_sim/worlds/challenge-3.world
[10.156s] -- Installing: /home/imtne.local/leo.chouippe/ros_space/install/tbot_sim/share/tbot_sim/worlds/empty.world
[10.183s] -- Installing: /home/imtne.local/leo.chouippe/ros_space/install/tbot_sim/share/ament_index/resource_index/package_run_dependencies/tbot_sim
[10.222s] -- Installing: /home/imtne.local/leo.chouippe/ros_space/install/tbot_sim/share/ament_index/resource_index/parent_prefix_path/tbot_sim
[10.248s] -- Installing: /home/imtne.local/leo.chouippe/ros_space/install/tbot_sim/share/tbot_sim/environment/ament_prefix_path.sh
[10.283s] -- Installing: /home/imtne.local/leo.chouippe/ros_space/install/tbot_sim/share/tbot_sim/environment/ament_prefix_path.dsv
[10.304s] -- Installing: /home/imtne.local/leo.chouippe/ros_space/install/tbot_sim/share/tbot_sim/environment/path.sh
[10.350s] -- Installing: /home/imtne.local/leo.chouippe/ros_space/install/tbot_sim/share/tbot_sim/environment/path.dsv
[10.378s] -- Installing: /home/imtne.local/leo.chouippe/ros_space/install/tbot_sim/share/tbot_sim/local_setup.bash
[10.401s] -- Installing: /home/imtne.local/leo.chouippe/ros_space/install/tbot_sim/share/tbot_sim/local_setup.sh
[10.421s] -- Installing: /home/imtne.local/leo.chouippe/ros_space/install/tbot_sim/share/tbot_sim/local_setup.zsh
[10.440s] -- Installing: /home/imtne.local/leo.chouippe/ros_space/install/tbot_sim/share/tbot_sim/local_setup.dsv
[10.465s] -- Installing: /home/imtne.local/leo.chouippe/ros_space/install/tbot_sim/share/tbot_sim/package.dsv
[10.503s] -- Installing: /home/imtne.local/leo.chouippe/ros_space/install/tbot_sim/share/ament_index/resource_index/packages/tbot_sim
[10.549s] -- Installing: /home/imtne.local/leo.chouippe/ros_space/install/tbot_sim/share/tbot_sim/cmake/tbot_simConfig.cmake
[10.584s] -- Installing: /home/imtne.local/leo.chouippe/ros_space/install/tbot_sim/share/tbot_sim/cmake/tbot_simConfig-version.cmake
[10.617s] -- Installing: /home/imtne.local/leo.chouippe/ros_space/install/tbot_sim/share/tbot_sim/package.xml
