[0.060s] Invoking command in '/home/imtne.local/leo.chouippe/ros_space/build/Stage': /usr/bin/cmake /home/imtne.local/leo.chouippe/ros_space/pkg-stage/Stage -DCMAKE_INSTALL_PREFIX=/home/imtne.local/leo.chouippe/ros_space/install/Stage
[0.307s] -- The C compiler identification is GNU 11.4.0
[0.532s] -- The CXX compiler identification is GNU 11.4.0
[0.557s] -- Detecting C compiler ABI info
[0.954s] -- Detecting C compiler ABI info - done
[1.034s] -- Check for working C compiler: /usr/bin/cc - skipped
[1.036s] -- Detecting C compile features
[1.040s] -- Detecting C compile features - done
[1.084s] -- Detecting CXX compiler ABI info
[1.541s] -- Detecting CXX compiler ABI info - done
[1.596s] -- Check for working CXX compiler: /usr/bin/c++ - skipped
[1.599s] -- Detecting CXX compile features
[1.601s] -- Detecting CXX compile features - done
[1.624s] -- Stage version 4.3.0
[1.627s] -- Operating system is Linux
[1.634s] -- Installing Libraries to /home/imtne.local/leo.chouippe/ros_space/install/Stage/lib
[1.636s] -- Installing Plugins to /home/imtne.local/leo.chouippe/ros_space/install/Stage/lib/Stage-4.3
[1.656s] -- Build type RELEASE
[1.665s] -- Checking for libtool
[1.692s] -- Checking for required libraries...
[1.717s] -- Found JPEG: /usr/lib/x86_64-linux-gnu/libjpeg.so (found version "80") 
[1.725s] -- Found ZLIB: /usr/lib/x86_64-linux-gnu/libz.so (found version "1.2.11") 
[1.740s] -- Found PNG: /usr/lib/x86_64-linux-gnu/libpng.so (found version "1.6.37") 
[1.745s] [33mCMake Warning (dev) at /usr/share/cmake-3.22/Modules/FindOpenGL.cmake:315 (message):
[1.750s]   Policy CMP0072 is not set: FindOpenGL prefers GLVND by default when
[1.751s]   available.  Run "cmake --help-policy CMP0072" for policy details.  Use the
[1.751s]   cmake_policy command to set the policy and suppress this warning.
[1.756s] 
[1.757s]   FindOpenGL found both a legacy GL library:
[1.761s] 
[1.762s]     OPENGL_gl_LIBRARY: /usr/lib/x86_64-linux-gnu/libGL.so
[1.763s] 
[1.764s]   and GLVND libraries for OpenGL and GLX:
[1.773s] 
[1.775s]     OPENGL_opengl_LIBRARY: /usr/lib/x86_64-linux-gnu/libOpenGL.so
[1.776s]     OPENGL_glx_LIBRARY: /usr/lib/x86_64-linux-gnu/libGLX.so
[1.778s] 
[1.780s]   OpenGL_GL_PREFERENCE has not been set to "GLVND" or "LEGACY", so for
[1.782s]   compatibility with CMake 3.10 and below the legacy GL library will be used.
[1.782s] Call Stack (most recent call first):
[1.782s]   /usr/share/cmake-3.22/Modules/FindFLTK.cmake:87 (find_package)
[1.784s]   CMakeLists.txt:100 (find_package)
[1.804s] This warning is for project developers.  Use -Wno-dev to suppress it.
[1.805s] [0m
[1.808s] -- Found OpenGL: /usr/lib/x86_64-linux-gnu/libOpenGL.so   
[1.808s] -- Found X11: /usr/include   
[1.808s] -- Looking for XOpenDisplay in /usr/lib/x86_64-linux-gnu/libX11.so;/usr/lib/x86_64-linux-gnu/libXext.so
[2.227s] -- Looking for XOpenDisplay in /usr/lib/x86_64-linux-gnu/libX11.so;/usr/lib/x86_64-linux-gnu/libXext.so - found
[2.233s] -- Looking for gethostbyname
[2.652s] -- Looking for gethostbyname - found
[2.677s] -- Looking for connect
[3.028s] -- Looking for connect - found
[3.031s] -- Looking for remove
[3.839s] -- Looking for remove - found
[3.861s] -- Looking for shmat
[4.404s] -- Looking for shmat - found
[4.431s] -- Looking for IceConnectionNumber in ICE
[4.844s] -- Looking for IceConnectionNumber in ICE - found
[4.863s] -- Found FLTK: fltk_images;fltk_forms;fltk_gl;/usr/lib/x86_64-linux-gnu/libGL.so;fltk  
[4.870s] -- Checking for optional libraries...
[4.902s] -- Installation path CMAKE_INSTALL_PREFIX=/home/imtne.local/leo.chouippe/ros_space/install/Stage
[4.921s] -- Configuring libstage
[5.068s] -- Found PkgConfig: /usr/bin/pkg-config (found version "0.29.2") 
[5.071s] -- Checking for one of the modules 'playercore>=2.1.0'
[5.083s] --   * Player not detected. If Player is installed but not detected, check your PKG_CONFIG_PATH.
[5.201s] -- Configuring done
[7.417s] -- Generating done
[7.743s] -- Build files have been written to: /home/imtne.local/leo.chouippe/ros_space/build/Stage
[7.765s] Invoked command in '/home/imtne.local/leo.chouippe/ros_space/build/Stage' returned '0': /usr/bin/cmake /home/imtne.local/leo.chouippe/ros_space/pkg-stage/Stage -DCMAKE_INSTALL_PREFIX=/home/imtne.local/leo.chouippe/ros_space/install/Stage
[7.780s] Invoking command in '/home/imtne.local/leo.chouippe/ros_space/build/Stage': /usr/bin/cmake --build /home/imtne.local/leo.chouippe/ros_space/build/Stage -- -j12 -l12
[7.981s] [ 20%] [32mBuilding CXX object libstage/CMakeFiles/stage.dir/blockgroup.cc.o[0m
[7.981s] [ 20%] [32mBuilding CXX object libstage/CMakeFiles/stage.dir/model_actuator.cc.o[0m
[7.982s] [ 20%] [32mBuilding CXX object libstage/CMakeFiles/stage.dir/gl.cc.o[0m
[7.982s] [ 20%] [32mBuilding CXX object libstage/CMakeFiles/stage.dir/model.cc.o[0m
[7.982s] [ 20%] [32mBuilding CXX object libstage/CMakeFiles/stage.dir/camera.cc.o[0m
[7.983s] [ 20%] [32mBuilding CXX object libstage/CMakeFiles/stage.dir/logentry.cc.o[0m
[7.983s] [ 20%] [32mBuilding CXX object libstage/CMakeFiles/stage.dir/color.cc.o[0m
[7.983s] [ 20%] [32mBuilding CXX object libstage/CMakeFiles/stage.dir/model_blobfinder.cc.o[0m
[7.984s] [ 20%] [32mBuilding CXX object libstage/CMakeFiles/stage.dir/model_bumper.cc.o[0m
[7.984s] [ 20%] [32mBuilding CXX object libstage/CMakeFiles/stage.dir/block.cc.o[0m
[7.984s] [ 20%] [32mBuilding CXX object libstage/CMakeFiles/stage.dir/file_manager.cc.o[0m
[7.989s] [ 20%] [32mBuilding CXX object libstage/CMakeFiles/stage.dir/model_blinkenlight.cc.o[0m
[10.037s] [ 22%] [32mBuilding CXX object libstage/CMakeFiles/stage.dir/model_callbacks.cc.o[0m
[10.048s] [ 23%] [32mBuilding CXX object libstage/CMakeFiles/stage.dir/model_camera.cc.o[0m
[10.064s] [ 25%] [32mBuilding CXX object libstage/CMakeFiles/stage.dir/model_draw.cc.o[0m
[10.112s] [ 27%] [32mBuilding CXX object libstage/CMakeFiles/stage.dir/model_fiducial.cc.o[0m
[10.171s] [ 28%] [32mBuilding CXX object libstage/CMakeFiles/stage.dir/model_gripper.cc.o[0m
[10.258s] [ 30%] [32mBuilding CXX object libstage/CMakeFiles/stage.dir/model_lightindicator.cc.o[0m
[10.304s] [ 32%] [32mBuilding CXX object libstage/CMakeFiles/stage.dir/model_position.cc.o[0m
[10.328s] [ 33%] [32mBuilding CXX object libstage/CMakeFiles/stage.dir/model_ranger.cc.o[0m
[10.424s] [ 35%] [32mBuilding CXX object libstage/CMakeFiles/stage.dir/option.cc.o[0m
[10.580s] [ 37%] [32mBuilding CXX object libstage/CMakeFiles/stage.dir/powerpack.cc.o[0m
[10.641s] [ 38%] [32mBuilding CXX object libstage/CMakeFiles/stage.dir/region.cc.o[0m
[12.051s] [ 40%] [32mBuilding CXX object libstage/CMakeFiles/stage.dir/stage.cc.o[0m
[12.224s] [ 42%] [32mBuilding CXX object libstage/CMakeFiles/stage.dir/texture_manager.cc.o[0m
[12.365s] [ 44%] [32mBuilding CXX object libstage/CMakeFiles/stage.dir/typetable.cc.o[0m
[12.385s] [ 45%] [32mBuilding CXX object libstage/CMakeFiles/stage.dir/world.cc.o[0m
[12.412s] [ 47%] [32mBuilding CXX object libstage/CMakeFiles/stage.dir/worldfile.cc.o[0m
[12.454s] [ 49%] [32mBuilding CXX object libstage/CMakeFiles/stage.dir/canvas.cc.o[0m
[12.624s] [ 50%] [32mBuilding CXX object libstage/CMakeFiles/stage.dir/options_dlg.cc.o[0m
[12.677s] [ 52%] [32mBuilding CXX object libstage/CMakeFiles/stage.dir/vis_strip.cc.o[0m
[12.728s] [ 54%] [32mBuilding CXX object libstage/CMakeFiles/stage.dir/worldgui.cc.o[0m
[12.891s] [ 55%] [32mBuilding CXX object libstage/CMakeFiles/stage.dir/ancestor.cc.o[0m
[15.469s] [ 57%] [32m[1mLinking CXX shared library libstage.so[0m
[16.616s] [ 57%] Built target stage
[16.718s] [ 76%] [32mBuilding CXX object examples/ctrl/CMakeFiles/dynamic.dir/dynamic.cc.o[0m
[16.720s] [ 77%] [32mBuilding CXX object examples/ctrl/CMakeFiles/lasernoise.dir/lasernoise.cc.o[0m
[16.720s] [ 77%] [32mBuilding CXX object examples/ctrl/CMakeFiles/source.dir/source.cc.o[0m
[16.722s] [ 77%] [32mBuilding CXX object examples/ctrl/CMakeFiles/fasr.dir/fasr.cc.o[0m
[16.724s] [ 77%] [32mBuilding CXX object examples/ctrl/CMakeFiles/fasr2.dir/fasr2.cc.o[0m
[16.726s] [ 77%] [32mBuilding CXX object libstage/CMakeFiles/stagebinary.dir/main.cc.o[0m
[16.727s] [ 77%] [32mBuilding CXX object worlds/benchmark/CMakeFiles/expand_pioneer.dir/expand_pioneer.cc.o[0m
[16.729s] [ 77%] [32mBuilding CXX object worlds/benchmark/CMakeFiles/expand_swarm.dir/expand_swarm.cc.o[0m
[16.731s] [ 77%] [32mBuilding CXX object examples/ctrl/CMakeFiles/sink.dir/sink.cc.o[0m
[16.733s] [ 77%] [32mBuilding CXX object examples/ctrl/CMakeFiles/rasterize.dir/rasterize.cc.o[0m
[16.735s] [ 77%] [32mBuilding CXX object examples/ctrl/CMakeFiles/wander.dir/wander.cc.o[0m
[16.736s] [ 77%] [32mBuilding CXX object examples/ctrl/CMakeFiles/pioneer_flocking.dir/pioneer_flocking.cc.o[0m
[18.522s] [ 79%] [32m[1mLinking CXX shared module sink.so[0m
[18.577s] [ 81%] [32m[1mLinking CXX shared module lasernoise.so[0m
[18.637s] [ 83%] [32m[1mLinking CXX shared module dynamic.so[0m
[18.687s] [ 89%] [32m[1mLinking CXX shared module wander.so[0m
[18.688s] [ 89%] [32m[1mLinking CXX shared module expand_pioneer.so[0m
[18.688s] [ 89%] [32m[1mLinking CXX shared module pioneer_flocking.so[0m
[18.688s] [ 89%] [32m[1mLinking CXX shared module expand_swarm.so[0m
[18.712s] [ 93%] [32m[1mLinking CXX shared module rasterize.so[0m
[18.720s] [ 93%] [32m[1mLinking CXX executable stage[0m
[18.753s] [ 94%] [32m[1mLinking CXX shared module fasr.so[0m
[18.781s] [ 96%] [32m[1mLinking CXX shared module source.so[0m
[19.033s] [ 96%] Built target lasernoise
[19.059s] [ 96%] Built target sink
[19.129s] [ 98%] [32mBuilding CXX object examples/ctrl/CMakeFiles/fasr2.dir/astar/findpath.cpp.o[0m
[19.218s] [ 98%] Built target dynamic
[19.235s] [ 98%] Built target wander
[19.242s] [ 98%] Built target pioneer_flocking
[19.295s] [ 98%] Built target rasterize
[19.295s] [ 98%] Built target expand_swarm
[19.306s] [ 98%] Built target expand_pioneer
[19.324s] [ 98%] Built target fasr
[19.355s] [ 98%] Built target stagebinary
[19.355s] [ 98%] Built target source
[19.915s] [100%] [32m[1mLinking CXX shared module fasr2.so[0m
[20.191s] [100%] Built target fasr2
[20.338s] Invoked command in '/home/imtne.local/leo.chouippe/ros_space/build/Stage' returned '0': /usr/bin/cmake --build /home/imtne.local/leo.chouippe/ros_space/build/Stage -- -j12 -l12
[20.450s] Invoking command in '/home/imtne.local/leo.chouippe/ros_space/build/Stage': /usr/bin/cmake --install /home/imtne.local/leo.chouippe/ros_space/build/Stage
[20.477s] -- Install configuration: "RELEASE"
[20.492s] -- Installing: /home/imtne.local/leo.chouippe/ros_space/install/Stage/lib/pkgconfig/stage.pc
[20.524s] -- Installing: /home/imtne.local/leo.chouippe/ros_space/install/Stage/lib/cmake/Stage/stage-config.cmake
[20.554s] -- Installing: /home/imtne.local/leo.chouippe/ros_space/install/Stage/lib/cmake/Stage/stage-config-version.cmake
[20.586s] -- Installing: /home/imtne.local/leo.chouippe/ros_space/install/Stage/bin/stage
[20.612s] -- Set runtime path of "/home/imtne.local/leo.chouippe/ros_space/install/Stage/bin/stage" to ""
[20.614s] -- Installing: /home/imtne.local/leo.chouippe/ros_space/install/Stage/lib/libstage.so.4.3.0
[20.741s] -- Installing: /home/imtne.local/leo.chouippe/ros_space/install/Stage/lib/libstage.so
[20.762s] -- Installing: /home/imtne.local/leo.chouippe/ros_space/install/Stage/include/Stage-4.3/stage.hh
[20.802s] -- Installing: /home/imtne.local/leo.chouippe/ros_space/install/Stage/lib/Stage-4.3/fasr.so
[20.840s] -- Set runtime path of "/home/imtne.local/leo.chouippe/ros_space/install/Stage/lib/Stage-4.3/fasr.so" to ""
[20.842s] -- Installing: /home/imtne.local/leo.chouippe/ros_space/install/Stage/lib/Stage-4.3/sink.so
[20.921s] -- Set runtime path of "/home/imtne.local/leo.chouippe/ros_space/install/Stage/lib/Stage-4.3/sink.so" to ""
[20.924s] -- Installing: /home/imtne.local/leo.chouippe/ros_space/install/Stage/lib/Stage-4.3/source.so
[20.967s] -- Set runtime path of "/home/imtne.local/leo.chouippe/ros_space/install/Stage/lib/Stage-4.3/source.so" to ""
[20.969s] -- Installing: /home/imtne.local/leo.chouippe/ros_space/install/Stage/lib/Stage-4.3/wander.so
[21.013s] -- Set runtime path of "/home/imtne.local/leo.chouippe/ros_space/install/Stage/lib/Stage-4.3/wander.so" to ""
[21.029s] -- Installing: /home/imtne.local/leo.chouippe/ros_space/install/Stage/lib/Stage-4.3/pioneer_flocking.so
[21.100s] -- Set runtime path of "/home/imtne.local/leo.chouippe/ros_space/install/Stage/lib/Stage-4.3/pioneer_flocking.so" to ""
[21.108s] -- Installing: /home/imtne.local/leo.chouippe/ros_space/install/Stage/lib/Stage-4.3/rasterize.so
[21.151s] -- Set runtime path of "/home/imtne.local/leo.chouippe/ros_space/install/Stage/lib/Stage-4.3/rasterize.so" to ""
[21.154s] -- Installing: /home/imtne.local/leo.chouippe/ros_space/install/Stage/lib/Stage-4.3/lasernoise.so
[21.189s] -- Set runtime path of "/home/imtne.local/leo.chouippe/ros_space/install/Stage/lib/Stage-4.3/lasernoise.so" to ""
[21.191s] -- Installing: /home/imtne.local/leo.chouippe/ros_space/install/Stage/lib/Stage-4.3/dynamic.so
[21.227s] -- Set runtime path of "/home/imtne.local/leo.chouippe/ros_space/install/Stage/lib/Stage-4.3/dynamic.so" to ""
[21.231s] -- Installing: /home/imtne.local/leo.chouippe/ros_space/install/Stage/lib/Stage-4.3/fasr2.so
[21.271s] -- Set runtime path of "/home/imtne.local/leo.chouippe/ros_space/install/Stage/lib/Stage-4.3/fasr2.so" to ""
[21.290s] -- Installing: /home/imtne.local/leo.chouippe/ros_space/install/Stage/share/stage/assets/blue.png
[21.323s] -- Installing: /home/imtne.local/leo.chouippe/ros_space/install/Stage/share/stage/assets/death.png
[21.362s] -- Installing: /home/imtne.local/leo.chouippe/ros_space/install/Stage/share/stage/assets/green.png
[21.387s] -- Installing: /home/imtne.local/leo.chouippe/ros_space/install/Stage/share/stage/assets/logo.png
[21.406s] -- Installing: /home/imtne.local/leo.chouippe/ros_space/install/Stage/share/stage/assets/mains.png
[21.458s] -- Installing: /home/imtne.local/leo.chouippe/ros_space/install/Stage/share/stage/assets/mainspower.png
[21.488s] -- Installing: /home/imtne.local/leo.chouippe/ros_space/install/Stage/share/stage/assets/question_mark.png
[21.518s] -- Installing: /home/imtne.local/leo.chouippe/ros_space/install/Stage/share/stage/assets/red.png
[21.540s] -- Installing: /home/imtne.local/leo.chouippe/ros_space/install/Stage/share/stage/assets/stagelogo.png
[21.578s] -- Installing: /home/imtne.local/leo.chouippe/ros_space/install/Stage/share/stage/assets/stall-old.png
[21.600s] -- Installing: /home/imtne.local/leo.chouippe/ros_space/install/Stage/share/stage/assets/stall.png
[21.628s] -- Installing: /home/imtne.local/leo.chouippe/ros_space/install/Stage/share/stage/assets/rgb.txt
[21.649s] -- Installing: /home/imtne.local/leo.chouippe/ros_space/install/Stage/share/stage/rgb.txt
[21.679s] -- Installing: /home/imtne.local/leo.chouippe/ros_space/install/Stage/share/stage/worlds/amcl-sonar.cfg
[21.700s] -- Installing: /home/imtne.local/leo.chouippe/ros_space/install/Stage/share/stage/worlds/autolab.cfg
[21.736s] -- Installing: /home/imtne.local/leo.chouippe/ros_space/install/Stage/share/stage/worlds/camera.cfg
[21.760s] -- Installing: /home/imtne.local/leo.chouippe/ros_space/install/Stage/share/stage/worlds/everything.cfg
[21.790s] -- Installing: /home/imtne.local/leo.chouippe/ros_space/install/Stage/share/stage/worlds/lsp_test.cfg
[21.820s] -- Installing: /home/imtne.local/leo.chouippe/ros_space/install/Stage/share/stage/worlds/mbicp.cfg
[21.851s] -- Installing: /home/imtne.local/leo.chouippe/ros_space/install/Stage/share/stage/worlds/nd.cfg
[21.876s] -- Installing: /home/imtne.local/leo.chouippe/ros_space/install/Stage/share/stage/worlds/roomba.cfg
[21.906s] -- Installing: /home/imtne.local/leo.chouippe/ros_space/install/Stage/share/stage/worlds/simple.cfg
[21.920s] -- Installing: /home/imtne.local/leo.chouippe/ros_space/install/Stage/share/stage/worlds/test.cfg
[21.945s] -- Installing: /home/imtne.local/leo.chouippe/ros_space/install/Stage/share/stage/worlds/uoa_robotics_lab.cfg
[21.979s] -- Installing: /home/imtne.local/leo.chouippe/ros_space/install/Stage/share/stage/worlds/vfh.cfg
[22.003s] -- Installing: /home/imtne.local/leo.chouippe/ros_space/install/Stage/share/stage/worlds/wavefront-remote.cfg
[22.032s] -- Installing: /home/imtne.local/leo.chouippe/ros_space/install/Stage/share/stage/worlds/wavefront.cfg
[22.059s] -- Installing: /home/imtne.local/leo.chouippe/ros_space/install/Stage/share/stage/worlds/wifi.cfg
[22.083s] -- Installing: /home/imtne.local/leo.chouippe/ros_space/install/Stage/share/stage/worlds/SFU.world
[22.108s] -- Installing: /home/imtne.local/leo.chouippe/ros_space/install/Stage/share/stage/worlds/autolab.world
[22.133s] -- Installing: /home/imtne.local/leo.chouippe/ros_space/install/Stage/share/stage/worlds/camera.world
[22.158s] -- Installing: /home/imtne.local/leo.chouippe/ros_space/install/Stage/share/stage/worlds/circuit.world
[22.179s] -- Installing: /home/imtne.local/leo.chouippe/ros_space/install/Stage/share/stage/worlds/everything.world
[22.199s] -- Installing: /home/imtne.local/leo.chouippe/ros_space/install/Stage/share/stage/worlds/fasr.world
[22.226s] -- Installing: /home/imtne.local/leo.chouippe/ros_space/install/Stage/share/stage/worlds/fasr2.world
[22.242s] -- Installing: /home/imtne.local/leo.chouippe/ros_space/install/Stage/share/stage/worlds/fasr_plan.world
[22.262s] -- Installing: /home/imtne.local/leo.chouippe/ros_space/install/Stage/share/stage/worlds/large.world
[22.281s] -- Installing: /home/imtne.local/leo.chouippe/ros_space/install/Stage/share/stage/worlds/lsp_test.world
[22.300s] -- Installing: /home/imtne.local/leo.chouippe/ros_space/install/Stage/share/stage/worlds/mbicp.world
[22.325s] -- Installing: /home/imtne.local/leo.chouippe/ros_space/install/Stage/share/stage/worlds/pioneer_flocking.world
[22.348s] -- Installing: /home/imtne.local/leo.chouippe/ros_space/install/Stage/share/stage/worlds/pioneer_follow.world
[22.383s] -- Installing: /home/imtne.local/leo.chouippe/ros_space/install/Stage/share/stage/worlds/pioneer_walle.world
[22.414s] -- Installing: /home/imtne.local/leo.chouippe/ros_space/install/Stage/share/stage/worlds/roomba.world
[22.440s] -- Installing: /home/imtne.local/leo.chouippe/ros_space/install/Stage/share/stage/worlds/sensor_noise_demo.world
[22.470s] -- Installing: /home/imtne.local/leo.chouippe/ros_space/install/Stage/share/stage/worlds/sensor_noise_module_demo.world
[22.502s] -- Installing: /home/imtne.local/leo.chouippe/ros_space/install/Stage/share/stage/worlds/simple.world
[22.528s] -- Installing: /home/imtne.local/leo.chouippe/ros_space/install/Stage/share/stage/worlds/uoa_robotics_lab.world
[22.564s] -- Installing: /home/imtne.local/leo.chouippe/ros_space/install/Stage/share/stage/worlds/wifi.world
[22.605s] -- Installing: /home/imtne.local/leo.chouippe/ros_space/install/Stage/share/stage/worlds/beacons.inc
[22.636s] -- Installing: /home/imtne.local/leo.chouippe/ros_space/install/Stage/share/stage/worlds/chatterbox.inc
[22.660s] -- Installing: /home/imtne.local/leo.chouippe/ros_space/install/Stage/share/stage/worlds/hokuyo.inc
[22.689s] -- Installing: /home/imtne.local/leo.chouippe/ros_space/install/Stage/share/stage/worlds/irobot.inc
[22.713s] -- Installing: /home/imtne.local/leo.chouippe/ros_space/install/Stage/share/stage/worlds/map.inc
[22.737s] -- Installing: /home/imtne.local/leo.chouippe/ros_space/install/Stage/share/stage/worlds/objects.inc
[22.761s] -- Installing: /home/imtne.local/leo.chouippe/ros_space/install/Stage/share/stage/worlds/pantilt.inc
[22.809s] -- Installing: /home/imtne.local/leo.chouippe/ros_space/install/Stage/share/stage/worlds/pioneer.inc
[22.843s] -- Installing: /home/imtne.local/leo.chouippe/ros_space/install/Stage/share/stage/worlds/sick.inc
[22.863s] -- Installing: /home/imtne.local/leo.chouippe/ros_space/install/Stage/share/stage/worlds/ubot.inc
[22.888s] -- Installing: /home/imtne.local/leo.chouippe/ros_space/install/Stage/share/stage/worlds/uoa_robotics_lab_models.inc
[22.913s] -- Installing: /home/imtne.local/leo.chouippe/ros_space/install/Stage/share/stage/worlds/walle.inc
[22.939s] -- Installing: /home/imtne.local/leo.chouippe/ros_space/install/Stage/share/stage/worlds/cfggen.sh
[22.963s] -- Installing: /home/imtne.local/leo.chouippe/ros_space/install/Stage/share/stage/worlds/test.sh
[22.977s] -- Installing: /home/imtne.local/leo.chouippe/ros_space/install/Stage/share/stage/worlds/worldgen.sh
[23.007s] -- Installing: /home/imtne.local/leo.chouippe/ros_space/install/Stage/lib/Stage-4.3/expand_swarm.so
[23.043s] -- Set runtime path of "/home/imtne.local/leo.chouippe/ros_space/install/Stage/lib/Stage-4.3/expand_swarm.so" to ""
[23.047s] -- Installing: /home/imtne.local/leo.chouippe/ros_space/install/Stage/lib/Stage-4.3/expand_pioneer.so
[23.073s] -- Set runtime path of "/home/imtne.local/leo.chouippe/ros_space/install/Stage/lib/Stage-4.3/expand_pioneer.so" to ""
[23.086s] -- Installing: /home/imtne.local/leo.chouippe/ros_space/install/Stage/share/stage/worlds/bitmaps/889_05.png
[23.104s] -- Installing: /home/imtne.local/leo.chouippe/ros_space/install/Stage/share/stage/worlds/bitmaps/SFU_1200x615.png
[23.184s] -- Installing: /home/imtne.local/leo.chouippe/ros_space/install/Stage/share/stage/worlds/bitmaps/SRI-AIC-kwing.png
[23.205s] -- Installing: /home/imtne.local/leo.chouippe/ros_space/install/Stage/share/stage/worlds/bitmaps/autolab.png
[23.225s] -- Installing: /home/imtne.local/leo.chouippe/ros_space/install/Stage/share/stage/worlds/bitmaps/cave.png
[23.251s] -- Installing: /home/imtne.local/leo.chouippe/ros_space/install/Stage/share/stage/worlds/bitmaps/cave_compact.png
[23.271s] -- Installing: /home/imtne.local/leo.chouippe/ros_space/install/Stage/share/stage/worlds/bitmaps/cave_filled.png
[23.309s] -- Installing: /home/imtne.local/leo.chouippe/ros_space/install/Stage/share/stage/worlds/bitmaps/frieburg.png
[23.354s] -- Installing: /home/imtne.local/leo.chouippe/ros_space/install/Stage/share/stage/worlds/bitmaps/ghost.png
[23.385s] -- Installing: /home/imtne.local/leo.chouippe/ros_space/install/Stage/share/stage/worlds/bitmaps/hospital.png
[23.423s] -- Installing: /home/imtne.local/leo.chouippe/ros_space/install/Stage/share/stage/worlds/bitmaps/hospital_section.png
[23.456s] -- Installing: /home/imtne.local/leo.chouippe/ros_space/install/Stage/share/stage/worlds/bitmaps/human_outline.png
[23.468s] -- Installing: /home/imtne.local/leo.chouippe/ros_space/install/Stage/share/stage/worlds/bitmaps/mbicp.png
[23.488s] -- Installing: /home/imtne.local/leo.chouippe/ros_space/install/Stage/share/stage/worlds/bitmaps/rink.png
[23.531s] -- Installing: /home/imtne.local/leo.chouippe/ros_space/install/Stage/share/stage/worlds/bitmaps/sal2.png
[23.555s] -- Installing: /home/imtne.local/leo.chouippe/ros_space/install/Stage/share/stage/worlds/bitmaps/simple_rooms.png
[23.597s] -- Installing: /home/imtne.local/leo.chouippe/ros_space/install/Stage/share/stage/worlds/bitmaps/space_invader.png
[23.624s] -- Installing: /home/imtne.local/leo.chouippe/ros_space/install/Stage/share/stage/worlds/bitmaps/submarine.png
[23.650s] -- Installing: /home/imtne.local/leo.chouippe/ros_space/install/Stage/share/stage/worlds/bitmaps/submarine_small.png
[23.669s] -- Installing: /home/imtne.local/leo.chouippe/ros_space/install/Stage/share/stage/worlds/bitmaps/table.png
[23.700s] -- Installing: /home/imtne.local/leo.chouippe/ros_space/install/Stage/share/stage/worlds/bitmaps/uoa_robotics_lab.png
[23.747s] -- Installing: /home/imtne.local/leo.chouippe/ros_space/install/Stage/share/stage/worlds/wifi/commando.world
[23.785s] -- Installing: /home/imtne.local/leo.chouippe/ros_space/install/Stage/share/stage/worlds/wifi/hosp_wifi.world
[23.803s] -- Installing: /home/imtne.local/leo.chouippe/ros_space/install/Stage/share/stage/worlds/wifi/hosp_wifi_5.world
[23.834s] -- Installing: /home/imtne.local/leo.chouippe/ros_space/install/Stage/share/stage/worlds/wifi/wifi.world
[23.865s] -- Installing: /home/imtne.local/leo.chouippe/ros_space/install/Stage/share/stage/worlds/wifi/wifi_itu.world
[23.890s] -- Installing: /home/imtne.local/leo.chouippe/ros_space/install/Stage/share/stage/worlds/wifi/wifi_logdistance.world
[23.912s] -- Installing: /home/imtne.local/leo.chouippe/ros_space/install/Stage/share/stage/worlds/wifi/wifi_ray.world
[23.949s] -- Installing: /home/imtne.local/leo.chouippe/ros_space/install/Stage/share/stage/worlds/wifi/wifi_simple.world
[23.978s] -- Installing: /home/imtne.local/leo.chouippe/ros_space/install/Stage/share/stage/worlds/wifi/map.inc
[24.010s] Invoked command in '/home/imtne.local/leo.chouippe/ros_space/build/Stage' returned '0': /usr/bin/cmake --install /home/imtne.local/leo.chouippe/ros_space/build/Stage
