[0.137s] DEBUG:colcon:Command line arguments: ['/usr/bin/colcon', 'build']
[0.137s] DEBUG:colcon:Parsed command line arguments: Namespace(log_base=None, log_level=None, verb_name='build', build_base='build', install_base='install', merge_install=False, symlink_install=False, test_result_base=None, continue_on_error=False, executor='parallel', parallel_workers=12, event_handlers=None, ignore_user_meta=False, metas=['./colcon.meta'], base_paths=['.'], packages_ignore=None, packages_ignore_regex=None, paths=None, packages_up_to=None, packages_up_to_regex=None, packages_above=None, packages_above_and_dependencies=None, packages_above_depth=None, packages_select_by_dep=None, packages_skip_by_dep=None, packages_skip_up_to=None, packages_select_build_failed=False, packages_skip_build_finished=False, packages_select_test_failures=False, packages_skip_test_passed=False, packages_select=None, packages_skip=None, packages_select_regex=None, packages_skip_regex=None, packages_start=None, packages_end=None, allow_overriding=[], cmake_args=None, cmake_target=None, cmake_target_skip_unavailable=False, cmake_clean_cache=False, cmake_clean_first=False, cmake_force_configure=False, ament_cmake_args=None, catkin_cmake_args=None, catkin_skip_building_tests=False, mixin_files=None, mixin=None, verb_parser=<colcon_mixin.mixin.mixin_argument.MixinArgumentDecorator object at 0x72d187349780>, verb_extension=<colcon_core.verb.build.BuildVerb object at 0x72d187348df0>, main=<bound method BuildVerb.main of <colcon_core.verb.build.BuildVerb object at 0x72d187348df0>>, mixin_verb=('build',))
[0.417s] Level 1:colcon.colcon_core.package_discovery:discover_packages(colcon_meta) check parameters
[0.417s] Level 1:colcon.colcon_core.package_discovery:discover_packages(recursive) check parameters
[0.421s] Level 1:colcon.colcon_core.package_discovery:discover_packages(ignore) check parameters
[0.421s] Level 1:colcon.colcon_core.package_discovery:discover_packages(path) check parameters
[0.422s] Level 1:colcon.colcon_core.package_discovery:discover_packages(colcon_meta) discover
[0.424s] Level 1:colcon.colcon_core.package_discovery:discover_packages(recursive) discover
[0.424s] INFO:colcon.colcon_core.package_discovery:Crawling recursively for packages in '/home/imtne.local/leo.chouippe/ros_space'
[0.426s] Level 1:colcon.colcon_core.package_identification:_identify(.) by extensions ['ignore', 'ignore_ament_install']
[0.427s] Level 1:colcon.colcon_core.package_identification:_identify(.) by extension 'ignore'
[0.430s] Level 1:colcon.colcon_core.package_identification:_identify(.) by extension 'ignore_ament_install'
[0.432s] Level 1:colcon.colcon_core.package_identification:_identify(.) by extensions ['colcon_pkg']
[0.432s] Level 1:colcon.colcon_core.package_identification:_identify(.) by extension 'colcon_pkg'
[0.433s] Level 1:colcon.colcon_core.package_identification:_identify(.) by extensions ['colcon_meta']
[0.434s] Level 1:colcon.colcon_core.package_identification:_identify(.) by extension 'colcon_meta'
[0.434s] Level 1:colcon.colcon_core.package_identification:_identify(.) by extensions ['ros']
[0.436s] Level 1:colcon.colcon_core.package_identification:_identify(.) by extension 'ros'
[0.453s] Level 1:colcon.colcon_core.package_identification:_identify(.) by extensions ['cmake', 'python']
[0.453s] Level 1:colcon.colcon_core.package_identification:_identify(.) by extension 'cmake'
[0.453s] Level 1:colcon.colcon_core.package_identification:_identify(.) by extension 'python'
[0.453s] Level 1:colcon.colcon_core.package_identification:_identify(.) by extensions ['python_setup_py']
[0.455s] Level 1:colcon.colcon_core.package_identification:_identify(.) by extension 'python_setup_py'
[0.456s] Level 1:colcon.colcon_core.package_identification:_identify(build) by extensions ['ignore', 'ignore_ament_install']
[0.457s] Level 1:colcon.colcon_core.package_identification:_identify(build) by extension 'ignore'
[0.458s] Level 1:colcon.colcon_core.package_identification:_identify(build) ignored
[0.459s] Level 1:colcon.colcon_core.package_identification:_identify(install) by extensions ['ignore', 'ignore_ament_install']
[0.460s] Level 1:colcon.colcon_core.package_identification:_identify(install) by extension 'ignore'
[0.460s] Level 1:colcon.colcon_core.package_identification:_identify(install) ignored
[0.469s] Level 1:colcon.colcon_core.package_identification:_identify(log) by extensions ['ignore', 'ignore_ament_install']
[0.469s] Level 1:colcon.colcon_core.package_identification:_identify(log) by extension 'ignore'
[0.471s] Level 1:colcon.colcon_core.package_identification:_identify(log) ignored
[0.471s] Level 1:colcon.colcon_core.package_identification:_identify(pkg-stage) by extensions ['ignore', 'ignore_ament_install']
[0.472s] Level 1:colcon.colcon_core.package_identification:_identify(pkg-stage) by extension 'ignore'
[0.483s] Level 1:colcon.colcon_core.package_identification:_identify(pkg-stage) by extension 'ignore_ament_install'
[0.485s] Level 1:colcon.colcon_core.package_identification:_identify(pkg-stage) by extensions ['colcon_pkg']
[0.487s] Level 1:colcon.colcon_core.package_identification:_identify(pkg-stage) by extension 'colcon_pkg'
[0.488s] Level 1:colcon.colcon_core.package_identification:_identify(pkg-stage) by extensions ['colcon_meta']
[0.489s] Level 1:colcon.colcon_core.package_identification:_identify(pkg-stage) by extension 'colcon_meta'
[0.490s] Level 1:colcon.colcon_core.package_identification:_identify(pkg-stage) by extensions ['ros']
[0.492s] Level 1:colcon.colcon_core.package_identification:_identify(pkg-stage) by extension 'ros'
[0.492s] Level 1:colcon.colcon_core.package_identification:_identify(pkg-stage) by extensions ['cmake', 'python']
[0.494s] Level 1:colcon.colcon_core.package_identification:_identify(pkg-stage) by extension 'cmake'
[0.494s] Level 1:colcon.colcon_core.package_identification:_identify(pkg-stage) by extension 'python'
[0.496s] Level 1:colcon.colcon_core.package_identification:_identify(pkg-stage) by extensions ['python_setup_py']
[0.497s] Level 1:colcon.colcon_core.package_identification:_identify(pkg-stage) by extension 'python_setup_py'
[0.505s] Level 1:colcon.colcon_core.package_identification:_identify(pkg-stage/Stage) by extensions ['ignore', 'ignore_ament_install']
[0.506s] Level 1:colcon.colcon_core.package_identification:_identify(pkg-stage/Stage) by extension 'ignore'
[0.508s] Level 1:colcon.colcon_core.package_identification:_identify(pkg-stage/Stage) by extension 'ignore_ament_install'
[0.510s] Level 1:colcon.colcon_core.package_identification:_identify(pkg-stage/Stage) by extensions ['colcon_pkg']
[0.510s] Level 1:colcon.colcon_core.package_identification:_identify(pkg-stage/Stage) by extension 'colcon_pkg'
[0.512s] Level 1:colcon.colcon_core.package_identification:_identify(pkg-stage/Stage) by extensions ['colcon_meta']
[0.512s] Level 1:colcon.colcon_core.package_identification:_identify(pkg-stage/Stage) by extension 'colcon_meta'
[0.515s] Level 1:colcon.colcon_core.package_identification:_identify(pkg-stage/Stage) by extensions ['ros']
[0.515s] Level 1:colcon.colcon_core.package_identification:_identify(pkg-stage/Stage) by extension 'ros'
[0.517s] Level 1:colcon.colcon_core.package_identification:_identify(pkg-stage/Stage) by extensions ['cmake', 'python']
[0.520s] Level 1:colcon.colcon_core.package_identification:_identify(pkg-stage/Stage) by extension 'cmake'
[0.592s] Level 1:colcon.colcon_core.package_identification:_identify(pkg-stage/Stage) by extension 'python'
[0.592s] DEBUG:colcon.colcon_core.package_identification:Package 'pkg-stage/Stage' with type 'cmake' and name 'Stage'
[0.593s] Level 1:colcon.colcon_core.package_identification:_identify(pkg-stage/stage_ros2) by extensions ['ignore', 'ignore_ament_install']
[0.594s] Level 1:colcon.colcon_core.package_identification:_identify(pkg-stage/stage_ros2) by extension 'ignore'
[0.594s] Level 1:colcon.colcon_core.package_identification:_identify(pkg-stage/stage_ros2) by extension 'ignore_ament_install'
[0.596s] Level 1:colcon.colcon_core.package_identification:_identify(pkg-stage/stage_ros2) by extensions ['colcon_pkg']
[0.598s] Level 1:colcon.colcon_core.package_identification:_identify(pkg-stage/stage_ros2) by extension 'colcon_pkg'
[0.598s] Level 1:colcon.colcon_core.package_identification:_identify(pkg-stage/stage_ros2) by extensions ['colcon_meta']
[0.605s] Level 1:colcon.colcon_core.package_identification:_identify(pkg-stage/stage_ros2) by extension 'colcon_meta'
[0.605s] Level 1:colcon.colcon_core.package_identification:_identify(pkg-stage/stage_ros2) by extensions ['ros']
[0.607s] Level 1:colcon.colcon_core.package_identification:_identify(pkg-stage/stage_ros2) by extension 'ros'
[0.618s] DEBUG:colcon.colcon_core.package_identification:Package 'pkg-stage/stage_ros2' with type 'ros.ament_cmake' and name 'stage_ros2'
[0.620s] Level 1:colcon.colcon_core.package_identification:_identify(pkg-tsim) by extensions ['ignore', 'ignore_ament_install']
[0.620s] Level 1:colcon.colcon_core.package_identification:_identify(pkg-tsim) by extension 'ignore'
[0.622s] Level 1:colcon.colcon_core.package_identification:_identify(pkg-tsim) by extension 'ignore_ament_install'
[0.624s] Level 1:colcon.colcon_core.package_identification:_identify(pkg-tsim) by extensions ['colcon_pkg']
[0.625s] Level 1:colcon.colcon_core.package_identification:_identify(pkg-tsim) by extension 'colcon_pkg'
[0.625s] Level 1:colcon.colcon_core.package_identification:_identify(pkg-tsim) by extensions ['colcon_meta']
[0.626s] Level 1:colcon.colcon_core.package_identification:_identify(pkg-tsim) by extension 'colcon_meta'
[0.627s] Level 1:colcon.colcon_core.package_identification:_identify(pkg-tsim) by extensions ['ros']
[0.628s] Level 1:colcon.colcon_core.package_identification:_identify(pkg-tsim) by extension 'ros'
[0.631s] Level 1:colcon.colcon_core.package_identification:_identify(pkg-tsim) by extensions ['cmake', 'python']
[0.631s] Level 1:colcon.colcon_core.package_identification:_identify(pkg-tsim) by extension 'cmake'
[0.632s] Level 1:colcon.colcon_core.package_identification:_identify(pkg-tsim) by extension 'python'
[0.633s] Level 1:colcon.colcon_core.package_identification:_identify(pkg-tsim) by extensions ['python_setup_py']
[0.635s] Level 1:colcon.colcon_core.package_identification:_identify(pkg-tsim) by extension 'python_setup_py'
[0.637s] Level 1:colcon.colcon_core.package_identification:_identify(pkg-tsim/tbot_sim) by extensions ['ignore', 'ignore_ament_install']
[0.637s] Level 1:colcon.colcon_core.package_identification:_identify(pkg-tsim/tbot_sim) by extension 'ignore'
[0.639s] Level 1:colcon.colcon_core.package_identification:_identify(pkg-tsim/tbot_sim) by extension 'ignore_ament_install'
[0.642s] Level 1:colcon.colcon_core.package_identification:_identify(pkg-tsim/tbot_sim) by extensions ['colcon_pkg']
[0.643s] Level 1:colcon.colcon_core.package_identification:_identify(pkg-tsim/tbot_sim) by extension 'colcon_pkg'
[0.644s] Level 1:colcon.colcon_core.package_identification:_identify(pkg-tsim/tbot_sim) by extensions ['colcon_meta']
[0.645s] Level 1:colcon.colcon_core.package_identification:_identify(pkg-tsim/tbot_sim) by extension 'colcon_meta'
[0.645s] Level 1:colcon.colcon_core.package_identification:_identify(pkg-tsim/tbot_sim) by extensions ['ros']
[0.647s] Level 1:colcon.colcon_core.package_identification:_identify(pkg-tsim/tbot_sim) by extension 'ros'
[0.652s] DEBUG:colcon.colcon_core.package_identification:Package 'pkg-tsim/tbot_sim' with type 'ros.ament_cmake' and name 'tbot_sim'
[0.653s] Level 1:colcon.colcon_core.package_identification:_identify(playground) by extensions ['ignore', 'ignore_ament_install']
[0.654s] Level 1:colcon.colcon_core.package_identification:_identify(playground) by extension 'ignore'
[0.657s] Level 1:colcon.colcon_core.package_identification:_identify(playground) by extension 'ignore_ament_install'
[0.660s] Level 1:colcon.colcon_core.package_identification:_identify(playground) by extensions ['colcon_pkg']
[0.660s] Level 1:colcon.colcon_core.package_identification:_identify(playground) by extension 'colcon_pkg'
[0.661s] Level 1:colcon.colcon_core.package_identification:_identify(playground) by extensions ['colcon_meta']
[0.662s] Level 1:colcon.colcon_core.package_identification:_identify(playground) by extension 'colcon_meta'
[0.662s] Level 1:colcon.colcon_core.package_identification:_identify(playground) by extensions ['ros']
[0.669s] Level 1:colcon.colcon_core.package_identification:_identify(playground) by extension 'ros'
[0.672s] Level 1:colcon.colcon_core.package_identification:_identify(playground) by extensions ['cmake', 'python']
[0.672s] Level 1:colcon.colcon_core.package_identification:_identify(playground) by extension 'cmake'
[0.673s] Level 1:colcon.colcon_core.package_identification:_identify(playground) by extension 'python'
[0.675s] Level 1:colcon.colcon_core.package_identification:_identify(playground) by extensions ['python_setup_py']
[0.676s] Level 1:colcon.colcon_core.package_identification:_identify(playground) by extension 'python_setup_py'
[0.677s] Level 1:colcon.colcon_core.package_identification:_identify(tutorial_pkg) by extensions ['ignore', 'ignore_ament_install']
[0.677s] Level 1:colcon.colcon_core.package_identification:_identify(tutorial_pkg) by extension 'ignore'
[0.680s] Level 1:colcon.colcon_core.package_identification:_identify(tutorial_pkg) by extension 'ignore_ament_install'
[0.682s] Level 1:colcon.colcon_core.package_identification:_identify(tutorial_pkg) by extensions ['colcon_pkg']
[0.683s] Level 1:colcon.colcon_core.package_identification:_identify(tutorial_pkg) by extension 'colcon_pkg'
[0.683s] Level 1:colcon.colcon_core.package_identification:_identify(tutorial_pkg) by extensions ['colcon_meta']
[0.684s] Level 1:colcon.colcon_core.package_identification:_identify(tutorial_pkg) by extension 'colcon_meta'
[0.685s] Level 1:colcon.colcon_core.package_identification:_identify(tutorial_pkg) by extensions ['ros']
[0.686s] Level 1:colcon.colcon_core.package_identification:_identify(tutorial_pkg) by extension 'ros'
[0.690s] DEBUG:colcon.colcon_core.package_identification:Package 'tutorial_pkg' with type 'ros.ament_cmake' and name 'tutorial_pkg'
[0.690s] Level 1:colcon.colcon_core.package_discovery:discover_packages(recursive) using defaults
[0.690s] Level 1:colcon.colcon_core.package_discovery:discover_packages(ignore) discover
[0.691s] Level 1:colcon.colcon_core.package_discovery:discover_packages(ignore) using defaults
[0.691s] Level 1:colcon.colcon_core.package_discovery:discover_packages(path) discover
[0.693s] Level 1:colcon.colcon_core.package_discovery:discover_packages(path) using defaults
[0.731s] Level 1:colcon.colcon_core.package_discovery:discover_packages(prefix_path) check parameters
[0.731s] Level 1:colcon.colcon_core.package_discovery:discover_packages(prefix_path) discover
[0.751s] DEBUG:colcon.colcon_installed_package_information.package_discovery:Found 2 installed packages in /home/imtne.local/leo.chouippe/ros_space/install
[0.761s] DEBUG:colcon.colcon_installed_package_information.package_discovery:Found 1 installed packages in /home/imtne.local/leo.chouippe/install
[0.762s] DEBUG:colcon.colcon_installed_package_information.package_discovery:Found 372 installed packages in /opt/ros/iron
[0.765s] Level 1:colcon.colcon_core.package_discovery:discover_packages(prefix_path) using defaults
[0.840s] Level 5:colcon.colcon_core.verb:set package 'Stage' build argument 'cmake_args' from command line to 'None'
[0.840s] Level 5:colcon.colcon_core.verb:set package 'Stage' build argument 'cmake_target' from command line to 'None'
[0.840s] Level 5:colcon.colcon_core.verb:set package 'Stage' build argument 'cmake_target_skip_unavailable' from command line to 'False'
[0.840s] Level 5:colcon.colcon_core.verb:set package 'Stage' build argument 'cmake_clean_cache' from command line to 'False'
[0.840s] Level 5:colcon.colcon_core.verb:set package 'Stage' build argument 'cmake_clean_first' from command line to 'False'
[0.842s] Level 5:colcon.colcon_core.verb:set package 'Stage' build argument 'cmake_force_configure' from command line to 'False'
[0.842s] Level 5:colcon.colcon_core.verb:set package 'Stage' build argument 'ament_cmake_args' from command line to 'None'
[0.844s] Level 5:colcon.colcon_core.verb:set package 'Stage' build argument 'catkin_cmake_args' from command line to 'None'
[0.844s] Level 5:colcon.colcon_core.verb:set package 'Stage' build argument 'catkin_skip_building_tests' from command line to 'False'
[0.851s] DEBUG:colcon.colcon_core.verb:Building package 'Stage' with the following arguments: {'ament_cmake_args': None, 'build_base': '/home/imtne.local/leo.chouippe/ros_space/build/Stage', 'catkin_cmake_args': None, 'catkin_skip_building_tests': False, 'cmake_args': None, 'cmake_clean_cache': False, 'cmake_clean_first': False, 'cmake_force_configure': False, 'cmake_target': None, 'cmake_target_skip_unavailable': False, 'install_base': '/home/imtne.local/leo.chouippe/ros_space/install/Stage', 'merge_install': False, 'path': '/home/imtne.local/leo.chouippe/ros_space/pkg-stage/Stage', 'symlink_install': False, 'test_result_base': None}
[0.852s] Level 5:colcon.colcon_core.verb:set package 'tbot_sim' build argument 'cmake_args' from command line to 'None'
[0.854s] Level 5:colcon.colcon_core.verb:set package 'tbot_sim' build argument 'cmake_target' from command line to 'None'
[0.855s] Level 5:colcon.colcon_core.verb:set package 'tbot_sim' build argument 'cmake_target_skip_unavailable' from command line to 'False'
[0.856s] Level 5:colcon.colcon_core.verb:set package 'tbot_sim' build argument 'cmake_clean_cache' from command line to 'False'
[0.856s] Level 5:colcon.colcon_core.verb:set package 'tbot_sim' build argument 'cmake_clean_first' from command line to 'False'
[0.857s] Level 5:colcon.colcon_core.verb:set package 'tbot_sim' build argument 'cmake_force_configure' from command line to 'False'
[0.857s] Level 5:colcon.colcon_core.verb:set package 'tbot_sim' build argument 'ament_cmake_args' from command line to 'None'
[0.857s] Level 5:colcon.colcon_core.verb:set package 'tbot_sim' build argument 'catkin_cmake_args' from command line to 'None'
[0.857s] Level 5:colcon.colcon_core.verb:set package 'tbot_sim' build argument 'catkin_skip_building_tests' from command line to 'False'
[0.859s] DEBUG:colcon.colcon_core.verb:Building package 'tbot_sim' with the following arguments: {'ament_cmake_args': None, 'build_base': '/home/imtne.local/leo.chouippe/ros_space/build/tbot_sim', 'catkin_cmake_args': None, 'catkin_skip_building_tests': False, 'cmake_args': None, 'cmake_clean_cache': False, 'cmake_clean_first': False, 'cmake_force_configure': False, 'cmake_target': None, 'cmake_target_skip_unavailable': False, 'install_base': '/home/imtne.local/leo.chouippe/ros_space/install/tbot_sim', 'merge_install': False, 'path': '/home/imtne.local/leo.chouippe/ros_space/pkg-tsim/tbot_sim', 'symlink_install': False, 'test_result_base': None}
[0.860s] Level 5:colcon.colcon_core.verb:set package 'tutorial_pkg' build argument 'cmake_args' from command line to 'None'
[0.861s] Level 5:colcon.colcon_core.verb:set package 'tutorial_pkg' build argument 'cmake_target' from command line to 'None'
[0.861s] Level 5:colcon.colcon_core.verb:set package 'tutorial_pkg' build argument 'cmake_target_skip_unavailable' from command line to 'False'
[0.862s] Level 5:colcon.colcon_core.verb:set package 'tutorial_pkg' build argument 'cmake_clean_cache' from command line to 'False'
[0.862s] Level 5:colcon.colcon_core.verb:set package 'tutorial_pkg' build argument 'cmake_clean_first' from command line to 'False'
[0.863s] Level 5:colcon.colcon_core.verb:set package 'tutorial_pkg' build argument 'cmake_force_configure' from command line to 'False'
[0.864s] Level 5:colcon.colcon_core.verb:set package 'tutorial_pkg' build argument 'ament_cmake_args' from command line to 'None'
[0.864s] Level 5:colcon.colcon_core.verb:set package 'tutorial_pkg' build argument 'catkin_cmake_args' from command line to 'None'
[0.864s] Level 5:colcon.colcon_core.verb:set package 'tutorial_pkg' build argument 'catkin_skip_building_tests' from command line to 'False'
[0.866s] DEBUG:colcon.colcon_core.verb:Building package 'tutorial_pkg' with the following arguments: {'ament_cmake_args': None, 'build_base': '/home/imtne.local/leo.chouippe/ros_space/build/tutorial_pkg', 'catkin_cmake_args': None, 'catkin_skip_building_tests': False, 'cmake_args': None, 'cmake_clean_cache': False, 'cmake_clean_first': False, 'cmake_force_configure': False, 'cmake_target': None, 'cmake_target_skip_unavailable': False, 'install_base': '/home/imtne.local/leo.chouippe/ros_space/install/tutorial_pkg', 'merge_install': False, 'path': '/home/imtne.local/leo.chouippe/ros_space/tutorial_pkg', 'symlink_install': False, 'test_result_base': None}
[0.866s] Level 5:colcon.colcon_core.verb:set package 'stage_ros2' build argument 'cmake_args' from command line to 'None'
[0.873s] Level 5:colcon.colcon_core.verb:set package 'stage_ros2' build argument 'cmake_target' from command line to 'None'
[0.873s] Level 5:colcon.colcon_core.verb:set package 'stage_ros2' build argument 'cmake_target_skip_unavailable' from command line to 'False'
[0.873s] Level 5:colcon.colcon_core.verb:set package 'stage_ros2' build argument 'cmake_clean_cache' from command line to 'False'
[0.891s] Level 5:colcon.colcon_core.verb:set package 'stage_ros2' build argument 'cmake_clean_first' from command line to 'False'
[0.893s] Level 5:colcon.colcon_core.verb:set package 'stage_ros2' build argument 'cmake_force_configure' from command line to 'False'
[0.894s] Level 5:colcon.colcon_core.verb:set package 'stage_ros2' build argument 'ament_cmake_args' from command line to 'None'
[0.894s] Level 5:colcon.colcon_core.verb:set package 'stage_ros2' build argument 'catkin_cmake_args' from command line to 'None'
[0.896s] Level 5:colcon.colcon_core.verb:set package 'stage_ros2' build argument 'catkin_skip_building_tests' from command line to 'False'
[0.898s] DEBUG:colcon.colcon_core.verb:Building package 'stage_ros2' with the following arguments: {'ament_cmake_args': None, 'build_base': '/home/imtne.local/leo.chouippe/ros_space/build/stage_ros2', 'catkin_cmake_args': None, 'catkin_skip_building_tests': False, 'cmake_args': None, 'cmake_clean_cache': False, 'cmake_clean_first': False, 'cmake_force_configure': False, 'cmake_target': None, 'cmake_target_skip_unavailable': False, 'install_base': '/home/imtne.local/leo.chouippe/ros_space/install/stage_ros2', 'merge_install': False, 'path': '/home/imtne.local/leo.chouippe/ros_space/pkg-stage/stage_ros2', 'symlink_install': False, 'test_result_base': None}
[0.900s] INFO:colcon.colcon_core.executor:Executing jobs using 'parallel' executor
[0.905s] DEBUG:colcon.colcon_parallel_executor.executor.parallel:run_until_complete
[0.905s] INFO:colcon.colcon_cmake.task.cmake.build:Building CMake package in '/home/imtne.local/leo.chouippe/ros_space/pkg-stage/Stage'
[0.918s] INFO:colcon.colcon_core.plugin_system:Skipping extension 'colcon_core.shell.bat': Not used on non-Windows systems
[0.919s] INFO:colcon.colcon_core.shell:Skip shell extension 'powershell' for command environment: Not usable outside of PowerShell
[0.920s] DEBUG:colcon.colcon_core.shell:Skip shell extension 'dsv' for command environment
[0.984s] INFO:colcon.colcon_ros.task.ament_cmake.build:Building ROS package in '/home/imtne.local/leo.chouippe/ros_space/pkg-tsim/tbot_sim' with build type 'ament_cmake'
[0.985s] INFO:colcon.colcon_cmake.task.cmake.build:Building CMake package in '/home/imtne.local/leo.chouippe/ros_space/pkg-tsim/tbot_sim'
[0.986s] INFO:colcon.colcon_core.shell:Skip shell extension 'powershell' for command environment: Not usable outside of PowerShell
[0.987s] DEBUG:colcon.colcon_core.shell:Skip shell extension 'dsv' for command environment
[1.047s] INFO:colcon.colcon_ros.task.ament_cmake.build:Building ROS package in '/home/imtne.local/leo.chouippe/ros_space/tutorial_pkg' with build type 'ament_cmake'
[1.047s] INFO:colcon.colcon_cmake.task.cmake.build:Building CMake package in '/home/imtne.local/leo.chouippe/ros_space/tutorial_pkg'
[1.050s] INFO:colcon.colcon_core.shell:Skip shell extension 'powershell' for command environment: Not usable outside of PowerShell
[1.050s] DEBUG:colcon.colcon_core.shell:Skip shell extension 'dsv' for command environment
[1.112s] DEBUG:colcon.colcon_core.event_handler.log_command:Invoking command in '/home/imtne.local/leo.chouippe/ros_space/build/Stage': /usr/bin/cmake --build /home/imtne.local/leo.chouippe/ros_space/build/Stage -- -j12 -l12
[1.149s] DEBUG:colcon.colcon_core.event_handler.log_command:Invoking command in '/home/imtne.local/leo.chouippe/ros_space/build/tbot_sim': CMAKE_PREFIX_PATH=${CMAKE_PREFIX_PATH}:/opt/ros/iron /usr/bin/cmake /home/imtne.local/leo.chouippe/ros_space/pkg-tsim/tbot_sim -DCMAKE_INSTALL_PREFIX=/home/imtne.local/leo.chouippe/ros_space/install/tbot_sim
[1.197s] DEBUG:colcon.colcon_core.event_handler.log_command:Invoking command in '/home/imtne.local/leo.chouippe/ros_space/build/tutorial_pkg': CMAKE_PREFIX_PATH=${CMAKE_PREFIX_PATH}:/opt/ros/iron /usr/bin/cmake /home/imtne.local/leo.chouippe/ros_space/tutorial_pkg -DCMAKE_INSTALL_PREFIX=/home/imtne.local/leo.chouippe/ros_space/install/tutorial_pkg
[2.204s] DEBUG:colcon.colcon_core.event_handler.log_command:Invoked command in '/home/imtne.local/leo.chouippe/ros_space/build/Stage' returned '0': /usr/bin/cmake --build /home/imtne.local/leo.chouippe/ros_space/build/Stage -- -j12 -l12
[2.284s] DEBUG:colcon.colcon_core.event_handler.log_command:Invoking command in '/home/imtne.local/leo.chouippe/ros_space/build/Stage': /usr/bin/cmake --install /home/imtne.local/leo.chouippe/ros_space/build/Stage
[3.058s] Level 1:colcon.colcon_core.environment:create_environment_scripts_only(Stage)
[3.059s] DEBUG:colcon.colcon_core.event_handler.log_command:Invoked command in '/home/imtne.local/leo.chouippe/ros_space/build/Stage' returned '0': /usr/bin/cmake --install /home/imtne.local/leo.chouippe/ros_space/build/Stage
[3.063s] Level 1:colcon.colcon_core.environment:checking '/home/imtne.local/leo.chouippe/ros_space/install/Stage' for CMake module files
[3.071s] Level 1:colcon.colcon_core.environment:checking '/home/imtne.local/leo.chouippe/ros_space/install/Stage' for CMake config files
[3.074s] Level 1:colcon.colcon_core.shell:create_environment_hook('Stage', 'cmake_prefix_path')
[3.075s] INFO:colcon.colcon_core.shell:Creating environment hook '/home/imtne.local/leo.chouippe/ros_space/install/Stage/share/Stage/hook/cmake_prefix_path.ps1'
[3.093s] INFO:colcon.colcon_core.shell:Creating environment descriptor '/home/imtne.local/leo.chouippe/ros_space/install/Stage/share/Stage/hook/cmake_prefix_path.dsv'
[3.101s] INFO:colcon.colcon_core.shell:Creating environment hook '/home/imtne.local/leo.chouippe/ros_space/install/Stage/share/Stage/hook/cmake_prefix_path.sh'
[3.111s] Level 1:colcon.colcon_core.environment:checking '/home/imtne.local/leo.chouippe/ros_space/install/Stage/lib'
[3.112s] Level 1:colcon.colcon_core.shell:create_environment_hook('Stage', 'ld_library_path_lib')
[3.113s] INFO:colcon.colcon_core.shell:Creating environment hook '/home/imtne.local/leo.chouippe/ros_space/install/Stage/share/Stage/hook/ld_library_path_lib.ps1'
[3.121s] INFO:colcon.colcon_core.shell:Creating environment descriptor '/home/imtne.local/leo.chouippe/ros_space/install/Stage/share/Stage/hook/ld_library_path_lib.dsv'
[3.128s] INFO:colcon.colcon_core.shell:Creating environment hook '/home/imtne.local/leo.chouippe/ros_space/install/Stage/share/Stage/hook/ld_library_path_lib.sh'
[3.133s] Level 1:colcon.colcon_core.environment:checking '/home/imtne.local/leo.chouippe/ros_space/install/Stage/bin'
[3.135s] Level 1:colcon.colcon_core.shell:create_environment_hook('Stage', 'path')
[3.136s] INFO:colcon.colcon_core.shell:Creating environment hook '/home/imtne.local/leo.chouippe/ros_space/install/Stage/share/Stage/hook/path.ps1'
[3.151s] INFO:colcon.colcon_core.shell:Creating environment descriptor '/home/imtne.local/leo.chouippe/ros_space/install/Stage/share/Stage/hook/path.dsv'
[3.171s] INFO:colcon.colcon_core.shell:Creating environment hook '/home/imtne.local/leo.chouippe/ros_space/install/Stage/share/Stage/hook/path.sh'
[3.181s] Level 1:colcon.colcon_core.environment:checking '/home/imtne.local/leo.chouippe/ros_space/install/Stage/lib/pkgconfig/Stage.pc'
[3.182s] Level 1:colcon.colcon_core.environment:checking '/home/imtne.local/leo.chouippe/ros_space/install/Stage/lib/python3.10/site-packages'
[3.182s] Level 1:colcon.colcon_core.environment:checking '/home/imtne.local/leo.chouippe/ros_space/install/Stage/bin'
[3.183s] Level 1:colcon.colcon_core.shell:create_environment_hook('Stage', 'pythonscriptspath')
[3.184s] INFO:colcon.colcon_core.shell:Creating environment hook '/home/imtne.local/leo.chouippe/ros_space/install/Stage/share/Stage/hook/pythonscriptspath.ps1'
[3.196s] INFO:colcon.colcon_core.shell:Creating environment descriptor '/home/imtne.local/leo.chouippe/ros_space/install/Stage/share/Stage/hook/pythonscriptspath.dsv'
[3.206s] INFO:colcon.colcon_core.shell:Creating environment hook '/home/imtne.local/leo.chouippe/ros_space/install/Stage/share/Stage/hook/pythonscriptspath.sh'
[3.217s] INFO:colcon.colcon_core.shell:Creating package script '/home/imtne.local/leo.chouippe/ros_space/install/Stage/share/Stage/package.ps1'
[3.240s] INFO:colcon.colcon_core.shell:Creating package descriptor '/home/imtne.local/leo.chouippe/ros_space/install/Stage/share/Stage/package.dsv'
[3.261s] INFO:colcon.colcon_core.shell:Creating package script '/home/imtne.local/leo.chouippe/ros_space/install/Stage/share/Stage/package.sh'
[3.290s] INFO:colcon.colcon_core.shell:Creating package script '/home/imtne.local/leo.chouippe/ros_space/install/Stage/share/Stage/package.bash'
[3.309s] INFO:colcon.colcon_core.shell:Creating package script '/home/imtne.local/leo.chouippe/ros_space/install/Stage/share/Stage/package.zsh'
[3.322s] Level 1:colcon.colcon_core.environment:create_file_with_runtime_dependencies(/home/imtne.local/leo.chouippe/ros_space/install/Stage/share/colcon-core/packages/Stage)
[3.341s] INFO:colcon.colcon_ros.task.ament_cmake.build:Building ROS package in '/home/imtne.local/leo.chouippe/ros_space/pkg-stage/stage_ros2' with build type 'ament_cmake'
[3.342s] INFO:colcon.colcon_cmake.task.cmake.build:Building CMake package in '/home/imtne.local/leo.chouippe/ros_space/pkg-stage/stage_ros2'
[3.343s] INFO:colcon.colcon_core.shell:Skip shell extension 'powershell' for command environment: Not usable outside of PowerShell
[3.343s] DEBUG:colcon.colcon_core.shell:Skip shell extension 'dsv' for command environment
[3.812s] DEBUG:colcon.colcon_core.event_handler.log_command:Invoking command in '/home/imtne.local/leo.chouippe/ros_space/build/stage_ros2': CMAKE_PREFIX_PATH=/home/imtne.local/leo.chouippe/ros_space/install/Stage:/home/imtne.local/leo.chouippe/ros_space/install/stage_ros2:/home/imtne.local/leo.chouippe/install/tutorial_pkg:/opt/ros/iron LD_LIBRARY_PATH=/home/imtne.local/leo.chouippe/ros_space/install/Stage/lib:/home/imtne.local/leo.chouippe/ros_space/install/stage_ros2/lib:/usr/lib/x86_64-linux-gnu/gazebo-11/plugins:/opt/ros/iron/opt/rviz_ogre_vendor/lib:/opt/ros/iron/lib/x86_64-linux-gnu:/opt/ros/iron/lib /usr/bin/cmake --build /home/imtne.local/leo.chouippe/ros_space/build/stage_ros2 -- -j12 -l12
[4.213s] DEBUG:colcon.colcon_core.event_handler.log_command:Invoked command in '/home/imtne.local/leo.chouippe/ros_space/build/stage_ros2' returned '0': CMAKE_PREFIX_PATH=/home/imtne.local/leo.chouippe/ros_space/install/Stage:/home/imtne.local/leo.chouippe/ros_space/install/stage_ros2:/home/imtne.local/leo.chouippe/install/tutorial_pkg:/opt/ros/iron LD_LIBRARY_PATH=/home/imtne.local/leo.chouippe/ros_space/install/Stage/lib:/home/imtne.local/leo.chouippe/ros_space/install/stage_ros2/lib:/usr/lib/x86_64-linux-gnu/gazebo-11/plugins:/opt/ros/iron/opt/rviz_ogre_vendor/lib:/opt/ros/iron/lib/x86_64-linux-gnu:/opt/ros/iron/lib /usr/bin/cmake --build /home/imtne.local/leo.chouippe/ros_space/build/stage_ros2 -- -j12 -l12
[4.259s] DEBUG:colcon.colcon_core.event_handler.log_command:Invoking command in '/home/imtne.local/leo.chouippe/ros_space/build/stage_ros2': CMAKE_PREFIX_PATH=/home/imtne.local/leo.chouippe/ros_space/install/Stage:/home/imtne.local/leo.chouippe/ros_space/install/stage_ros2:/home/imtne.local/leo.chouippe/install/tutorial_pkg:/opt/ros/iron LD_LIBRARY_PATH=/home/imtne.local/leo.chouippe/ros_space/install/Stage/lib:/home/imtne.local/leo.chouippe/ros_space/install/stage_ros2/lib:/usr/lib/x86_64-linux-gnu/gazebo-11/plugins:/opt/ros/iron/opt/rviz_ogre_vendor/lib:/opt/ros/iron/lib/x86_64-linux-gnu:/opt/ros/iron/lib /usr/bin/cmake --install /home/imtne.local/leo.chouippe/ros_space/build/stage_ros2
[4.599s] Level 1:colcon.colcon_core.environment:create_environment_scripts_only(stage_ros2)
[4.600s] Level 1:colcon.colcon_core.environment:checking '/home/imtne.local/leo.chouippe/ros_space/install/stage_ros2' for CMake module files
[4.600s] DEBUG:colcon.colcon_core.event_handler.log_command:Invoked command in '/home/imtne.local/leo.chouippe/ros_space/build/stage_ros2' returned '0': CMAKE_PREFIX_PATH=/home/imtne.local/leo.chouippe/ros_space/install/Stage:/home/imtne.local/leo.chouippe/ros_space/install/stage_ros2:/home/imtne.local/leo.chouippe/install/tutorial_pkg:/opt/ros/iron LD_LIBRARY_PATH=/home/imtne.local/leo.chouippe/ros_space/install/Stage/lib:/home/imtne.local/leo.chouippe/ros_space/install/stage_ros2/lib:/usr/lib/x86_64-linux-gnu/gazebo-11/plugins:/opt/ros/iron/opt/rviz_ogre_vendor/lib:/opt/ros/iron/lib/x86_64-linux-gnu:/opt/ros/iron/lib /usr/bin/cmake --install /home/imtne.local/leo.chouippe/ros_space/build/stage_ros2
[4.603s] Level 1:colcon.colcon_core.environment:checking '/home/imtne.local/leo.chouippe/ros_space/install/stage_ros2' for CMake config files
[4.615s] Level 1:colcon.colcon_core.shell:create_environment_hook('stage_ros2', 'cmake_prefix_path')
[4.615s] INFO:colcon.colcon_core.shell:Creating environment hook '/home/imtne.local/leo.chouippe/ros_space/install/stage_ros2/share/stage_ros2/hook/cmake_prefix_path.ps1'
[4.621s] INFO:colcon.colcon_core.shell:Creating environment descriptor '/home/imtne.local/leo.chouippe/ros_space/install/stage_ros2/share/stage_ros2/hook/cmake_prefix_path.dsv'
[4.631s] INFO:colcon.colcon_core.shell:Creating environment hook '/home/imtne.local/leo.chouippe/ros_space/install/stage_ros2/share/stage_ros2/hook/cmake_prefix_path.sh'
[4.646s] Level 1:colcon.colcon_core.environment:checking '/home/imtne.local/leo.chouippe/ros_space/install/stage_ros2/lib'
[4.647s] Level 1:colcon.colcon_core.shell:create_environment_hook('stage_ros2', 'ld_library_path_lib')
[4.647s] INFO:colcon.colcon_core.shell:Creating environment hook '/home/imtne.local/leo.chouippe/ros_space/install/stage_ros2/share/stage_ros2/hook/ld_library_path_lib.ps1'
[4.656s] INFO:colcon.colcon_core.shell:Creating environment descriptor '/home/imtne.local/leo.chouippe/ros_space/install/stage_ros2/share/stage_ros2/hook/ld_library_path_lib.dsv'
[4.663s] INFO:colcon.colcon_core.shell:Creating environment hook '/home/imtne.local/leo.chouippe/ros_space/install/stage_ros2/share/stage_ros2/hook/ld_library_path_lib.sh'
[4.677s] Level 1:colcon.colcon_core.environment:checking '/home/imtne.local/leo.chouippe/ros_space/install/stage_ros2/bin'
[4.683s] Level 1:colcon.colcon_core.environment:checking '/home/imtne.local/leo.chouippe/ros_space/install/stage_ros2/lib/pkgconfig/stage_ros2.pc'
[4.696s] Level 1:colcon.colcon_core.environment:checking '/home/imtne.local/leo.chouippe/ros_space/install/stage_ros2/lib/python3.10/site-packages'
[4.700s] Level 1:colcon.colcon_core.environment:checking '/home/imtne.local/leo.chouippe/ros_space/install/stage_ros2/bin'
[4.708s] INFO:colcon.colcon_core.shell:Creating package script '/home/imtne.local/leo.chouippe/ros_space/install/stage_ros2/share/stage_ros2/package.ps1'
[4.726s] INFO:colcon.colcon_core.shell:Creating package descriptor '/home/imtne.local/leo.chouippe/ros_space/install/stage_ros2/share/stage_ros2/package.dsv'
[4.735s] INFO:colcon.colcon_core.shell:Creating package script '/home/imtne.local/leo.chouippe/ros_space/install/stage_ros2/share/stage_ros2/package.sh'
[4.766s] INFO:colcon.colcon_core.shell:Creating package script '/home/imtne.local/leo.chouippe/ros_space/install/stage_ros2/share/stage_ros2/package.bash'
[4.783s] INFO:colcon.colcon_core.shell:Creating package script '/home/imtne.local/leo.chouippe/ros_space/install/stage_ros2/share/stage_ros2/package.zsh'
[4.791s] Level 1:colcon.colcon_core.environment:create_file_with_runtime_dependencies(/home/imtne.local/leo.chouippe/ros_space/install/stage_ros2/share/colcon-core/packages/stage_ros2)
[4.880s] Level 1:colcon.colcon_core.environment:create_environment_scripts_only(stage_ros2)
[4.881s] Level 1:colcon.colcon_core.environment:checking '/home/imtne.local/leo.chouippe/ros_space/install/stage_ros2' for CMake module files
[4.890s] Level 1:colcon.colcon_core.environment:checking '/home/imtne.local/leo.chouippe/ros_space/install/stage_ros2' for CMake config files
[4.898s] Level 1:colcon.colcon_core.shell:create_environment_hook('stage_ros2', 'cmake_prefix_path')
[4.898s] INFO:colcon.colcon_core.shell:Creating environment hook '/home/imtne.local/leo.chouippe/ros_space/install/stage_ros2/share/stage_ros2/hook/cmake_prefix_path.ps1'
[4.902s] INFO:colcon.colcon_core.shell:Creating environment descriptor '/home/imtne.local/leo.chouippe/ros_space/install/stage_ros2/share/stage_ros2/hook/cmake_prefix_path.dsv'
[4.912s] INFO:colcon.colcon_core.shell:Creating environment hook '/home/imtne.local/leo.chouippe/ros_space/install/stage_ros2/share/stage_ros2/hook/cmake_prefix_path.sh'
[4.924s] Level 1:colcon.colcon_core.environment:checking '/home/imtne.local/leo.chouippe/ros_space/install/stage_ros2/lib'
[4.925s] Level 1:colcon.colcon_core.shell:create_environment_hook('stage_ros2', 'ld_library_path_lib')
[4.936s] INFO:colcon.colcon_core.shell:Creating environment hook '/home/imtne.local/leo.chouippe/ros_space/install/stage_ros2/share/stage_ros2/hook/ld_library_path_lib.ps1'
[4.942s] INFO:colcon.colcon_core.shell:Creating environment descriptor '/home/imtne.local/leo.chouippe/ros_space/install/stage_ros2/share/stage_ros2/hook/ld_library_path_lib.dsv'
[4.945s] INFO:colcon.colcon_core.shell:Creating environment hook '/home/imtne.local/leo.chouippe/ros_space/install/stage_ros2/share/stage_ros2/hook/ld_library_path_lib.sh'
[4.957s] Level 1:colcon.colcon_core.environment:checking '/home/imtne.local/leo.chouippe/ros_space/install/stage_ros2/bin'
[4.957s] Level 1:colcon.colcon_core.environment:checking '/home/imtne.local/leo.chouippe/ros_space/install/stage_ros2/lib/pkgconfig/stage_ros2.pc'
[4.957s] Level 1:colcon.colcon_core.environment:checking '/home/imtne.local/leo.chouippe/ros_space/install/stage_ros2/lib/python3.10/site-packages'
[4.958s] Level 1:colcon.colcon_core.environment:checking '/home/imtne.local/leo.chouippe/ros_space/install/stage_ros2/bin'
[4.958s] INFO:colcon.colcon_core.shell:Creating package script '/home/imtne.local/leo.chouippe/ros_space/install/stage_ros2/share/stage_ros2/package.ps1'
[4.968s] INFO:colcon.colcon_core.shell:Creating package descriptor '/home/imtne.local/leo.chouippe/ros_space/install/stage_ros2/share/stage_ros2/package.dsv'
[4.978s] INFO:colcon.colcon_core.shell:Creating package script '/home/imtne.local/leo.chouippe/ros_space/install/stage_ros2/share/stage_ros2/package.sh'
[4.988s] INFO:colcon.colcon_core.shell:Creating package script '/home/imtne.local/leo.chouippe/ros_space/install/stage_ros2/share/stage_ros2/package.bash'
[4.997s] INFO:colcon.colcon_core.shell:Creating package script '/home/imtne.local/leo.chouippe/ros_space/install/stage_ros2/share/stage_ros2/package.zsh'
[5.002s] Level 1:colcon.colcon_core.environment:create_file_with_runtime_dependencies(/home/imtne.local/leo.chouippe/ros_space/install/stage_ros2/share/colcon-core/packages/stage_ros2)
[5.313s] DEBUG:colcon.colcon_core.event_handler.log_command:Invoked command in '/home/imtne.local/leo.chouippe/ros_space/build/tbot_sim' returned '0': CMAKE_PREFIX_PATH=${CMAKE_PREFIX_PATH}:/opt/ros/iron /usr/bin/cmake /home/imtne.local/leo.chouippe/ros_space/pkg-tsim/tbot_sim -DCMAKE_INSTALL_PREFIX=/home/imtne.local/leo.chouippe/ros_space/install/tbot_sim
[5.315s] DEBUG:colcon.colcon_core.event_handler.log_command:Invoking command in '/home/imtne.local/leo.chouippe/ros_space/build/tbot_sim': CMAKE_PREFIX_PATH=${CMAKE_PREFIX_PATH}:/opt/ros/iron /usr/bin/cmake --build /home/imtne.local/leo.chouippe/ros_space/build/tbot_sim -- -j12 -l12
[5.425s] DEBUG:colcon.colcon_core.event_handler.log_command:Invoked command in '/home/imtne.local/leo.chouippe/ros_space/build/tbot_sim' returned '0': CMAKE_PREFIX_PATH=${CMAKE_PREFIX_PATH}:/opt/ros/iron /usr/bin/cmake --build /home/imtne.local/leo.chouippe/ros_space/build/tbot_sim -- -j12 -l12
[5.522s] DEBUG:colcon.colcon_core.event_handler.log_command:Invoking command in '/home/imtne.local/leo.chouippe/ros_space/build/tbot_sim': CMAKE_PREFIX_PATH=${CMAKE_PREFIX_PATH}:/opt/ros/iron /usr/bin/cmake --install /home/imtne.local/leo.chouippe/ros_space/build/tbot_sim
[5.606s] DEBUG:colcon.colcon_core.event_handler.log_command:Invoked command in '/home/imtne.local/leo.chouippe/ros_space/build/tutorial_pkg' returned '0': CMAKE_PREFIX_PATH=${CMAKE_PREFIX_PATH}:/opt/ros/iron /usr/bin/cmake /home/imtne.local/leo.chouippe/ros_space/tutorial_pkg -DCMAKE_INSTALL_PREFIX=/home/imtne.local/leo.chouippe/ros_space/install/tutorial_pkg
[5.635s] DEBUG:colcon.colcon_core.event_handler.log_command:Invoking command in '/home/imtne.local/leo.chouippe/ros_space/build/tutorial_pkg': CMAKE_PREFIX_PATH=${CMAKE_PREFIX_PATH}:/opt/ros/iron /usr/bin/cmake --build /home/imtne.local/leo.chouippe/ros_space/build/tutorial_pkg -- -j12 -l12
[5.741s] DEBUG:colcon.colcon_core.event_handler.log_command:Invoked command in '/home/imtne.local/leo.chouippe/ros_space/build/tutorial_pkg' returned '0': CMAKE_PREFIX_PATH=${CMAKE_PREFIX_PATH}:/opt/ros/iron /usr/bin/cmake --build /home/imtne.local/leo.chouippe/ros_space/build/tutorial_pkg -- -j12 -l12
[5.852s] DEBUG:colcon.colcon_core.event_handler.log_command:Invoking command in '/home/imtne.local/leo.chouippe/ros_space/build/tutorial_pkg': CMAKE_PREFIX_PATH=${CMAKE_PREFIX_PATH}:/opt/ros/iron /usr/bin/cmake --install /home/imtne.local/leo.chouippe/ros_space/build/tutorial_pkg
[6.355s] DEBUG:colcon.colcon_core.event_handler.log_command:Invoked command in '/home/imtne.local/leo.chouippe/ros_space/build/tutorial_pkg' returned '1': CMAKE_PREFIX_PATH=${CMAKE_PREFIX_PATH}:/opt/ros/iron /usr/bin/cmake --install /home/imtne.local/leo.chouippe/ros_space/build/tutorial_pkg
[6.476s] Level 1:colcon.colcon_core.environment:create_environment_scripts_only(tutorial_pkg)
[6.477s] Level 1:colcon.colcon_core.environment:checking '/home/imtne.local/leo.chouippe/ros_space/install/tutorial_pkg' for CMake module files
[6.486s] Level 1:colcon.colcon_core.environment:checking '/home/imtne.local/leo.chouippe/ros_space/install/tutorial_pkg' for CMake config files
[6.493s] Level 1:colcon.colcon_core.environment:checking '/home/imtne.local/leo.chouippe/ros_space/install/tutorial_pkg/lib'
[6.499s] Level 1:colcon.colcon_core.environment:checking '/home/imtne.local/leo.chouippe/ros_space/install/tutorial_pkg/bin'
[6.500s] Level 1:colcon.colcon_core.environment:checking '/home/imtne.local/leo.chouippe/ros_space/install/tutorial_pkg/lib/pkgconfig/tutorial_pkg.pc'
[6.500s] Level 1:colcon.colcon_core.environment:checking '/home/imtne.local/leo.chouippe/ros_space/install/tutorial_pkg/lib/python3.10/site-packages'
[6.501s] Level 1:colcon.colcon_core.environment:checking '/home/imtne.local/leo.chouippe/ros_space/install/tutorial_pkg/bin'
[6.502s] INFO:colcon.colcon_core.shell:Creating package script '/home/imtne.local/leo.chouippe/ros_space/install/tutorial_pkg/share/tutorial_pkg/package.ps1'
[6.516s] INFO:colcon.colcon_core.shell:Creating package descriptor '/home/imtne.local/leo.chouippe/ros_space/install/tutorial_pkg/share/tutorial_pkg/package.dsv'
[6.526s] INFO:colcon.colcon_core.shell:Creating package script '/home/imtne.local/leo.chouippe/ros_space/install/tutorial_pkg/share/tutorial_pkg/package.sh'
[6.535s] INFO:colcon.colcon_core.shell:Creating package script '/home/imtne.local/leo.chouippe/ros_space/install/tutorial_pkg/share/tutorial_pkg/package.bash'
[6.547s] INFO:colcon.colcon_core.shell:Creating package script '/home/imtne.local/leo.chouippe/ros_space/install/tutorial_pkg/share/tutorial_pkg/package.zsh'
[6.556s] Level 1:colcon.colcon_core.environment:create_file_with_runtime_dependencies(/home/imtne.local/leo.chouippe/ros_space/install/tutorial_pkg/share/colcon-core/packages/tutorial_pkg)
[11.662s] DEBUG:colcon.colcon_parallel_executor.executor.parallel:closing loop
[11.663s] DEBUG:colcon.colcon_parallel_executor.executor.parallel:loop closed
[11.665s] DEBUG:colcon.colcon_parallel_executor.executor.parallel:run_until_complete finished with '1'
[11.665s] DEBUG:colcon.colcon_core.event_reactor:joining thread
[11.698s] INFO:colcon.colcon_core.plugin_system:Skipping extension 'colcon_notification.desktop_notification.terminal_notifier': Not used on non-Darwin systems
[11.699s] INFO:colcon.colcon_core.plugin_system:Skipping extension 'colcon_notification.desktop_notification.win32': Not used on non-Windows systems
[11.699s] INFO:colcon.colcon_notification.desktop_notification:Sending desktop notification using 'notify2'
[11.744s] DEBUG:colcon.colcon_core.event_reactor:joined thread
[11.745s] INFO:colcon.colcon_core.shell:Creating prefix script '/home/imtne.local/leo.chouippe/ros_space/install/local_setup.ps1'
[11.768s] INFO:colcon.colcon_core.shell:Creating prefix util module '/home/imtne.local/leo.chouippe/ros_space/install/_local_setup_util_ps1.py'
[11.795s] INFO:colcon.colcon_core.shell:Creating prefix chain script '/home/imtne.local/leo.chouippe/ros_space/install/setup.ps1'
[11.811s] INFO:colcon.colcon_core.shell:Creating prefix script '/home/imtne.local/leo.chouippe/ros_space/install/local_setup.sh'
[11.820s] INFO:colcon.colcon_core.shell:Creating prefix util module '/home/imtne.local/leo.chouippe/ros_space/install/_local_setup_util_sh.py'
[11.827s] INFO:colcon.colcon_core.shell:Creating prefix chain script '/home/imtne.local/leo.chouippe/ros_space/install/setup.sh'
[11.850s] INFO:colcon.colcon_core.shell:Creating prefix script '/home/imtne.local/leo.chouippe/ros_space/install/local_setup.bash'
[11.856s] INFO:colcon.colcon_core.shell:Creating prefix chain script '/home/imtne.local/leo.chouippe/ros_space/install/setup.bash'
[11.868s] INFO:colcon.colcon_core.shell:Creating prefix script '/home/imtne.local/leo.chouippe/ros_space/install/local_setup.zsh'
[11.879s] INFO:colcon.colcon_core.shell:Creating prefix chain script '/home/imtne.local/leo.chouippe/ros_space/install/setup.zsh'
